2021-02-09 04:34:29,092 INFO  [org.apache.activemq.artemis.integration.bootstrap] AMQ101000: Starting ActiveMQ Artemis Server
2021-02-09 04:34:29,129 INFO  [org.apache.activemq.artemis.core.server] AMQ221000: live Message Broker is starting with configuration Broker Configuration (clustered=true,journalDirectory=/home/jowest/msgaas/data/journal,bindingsDirectory=/home/jowest/msgaas/data/bindings,largeMessagesDirectory=/home/jowest/msgaas/data/large-messages,pagingDirectory=/home/jowest/msgaas/data/paging)
2021-02-09 04:34:29,130 INFO  [org.apache.activemq.artemis.core.server] AMQ221006: Waiting to obtain live lock
2021-02-09 04:34:29,148 INFO  [org.apache.activemq.artemis.core.server] AMQ221012: Using AIO Journal
2021-02-09 04:34:29,210 INFO  [org.apache.activemq.artemis.core.server] AMQ221043: Protocol module found: [artemis-server]. Adding protocol support for: CORE
2021-02-09 04:34:29,210 INFO  [org.apache.activemq.artemis.core.server] AMQ221043: Protocol module found: [artemis-amqp-protocol]. Adding protocol support for: AMQP
2021-02-09 04:34:29,210 INFO  [org.apache.activemq.artemis.core.server] AMQ221043: Protocol module found: [artemis-hornetq-protocol]. Adding protocol support for: HORNETQ
2021-02-09 04:34:29,211 INFO  [org.apache.activemq.artemis.core.server] AMQ221043: Protocol module found: [artemis-mqtt-protocol]. Adding protocol support for: MQTT
2021-02-09 04:34:29,211 INFO  [org.apache.activemq.artemis.core.server] AMQ221043: Protocol module found: [artemis-openwire-protocol]. Adding protocol support for: OPENWIRE
2021-02-09 04:34:29,211 INFO  [org.apache.activemq.artemis.core.server] AMQ221043: Protocol module found: [artemis-stomp-protocol]. Adding protocol support for: STOMP
2021-02-09 04:34:29,242 INFO  [org.apache.activemq.artemis.core.server] AMQ221034: Waiting indefinitely to obtain live lock
2021-02-09 04:34:29,243 INFO  [org.apache.activemq.artemis.core.server] AMQ221035: Live Server Obtained live lock
2021-02-09 04:34:29,328 INFO  [org.apache.activemq.artemis.core.server] AMQ221080: Deploying address DLQ supporting [ANYCAST]
2021-02-09 04:34:29,339 INFO  [org.apache.activemq.artemis.core.server] AMQ221003: Deploying ANYCAST queue DLQ on address DLQ
2021-02-09 04:34:29,371 INFO  [org.apache.activemq.artemis.core.server] AMQ221080: Deploying address ExpiryQueue supporting [ANYCAST]
2021-02-09 04:34:29,373 INFO  [org.apache.activemq.artemis.core.server] AMQ221003: Deploying ANYCAST queue ExpiryQueue on address ExpiryQueue
2021-02-09 04:34:29,588 INFO  [org.apache.activemq.artemis.core.server] AMQ221020: Started EPOLL Acceptor at vivo2.milab.joshwest.me:61616 for protocols [CORE,MQTT,AMQP,STOMP,HORNETQ,OPENWIRE]
2021-02-09 04:34:29,597 INFO  [org.apache.activemq.artemis.core.server] AMQ221020: Started EPOLL Acceptor at vivo2.milab.joshwest.me:5672 for protocols [AMQP]
2021-02-09 04:34:29,600 INFO  [org.apache.activemq.artemis.core.server] AMQ221007: Server is now live
2021-02-09 04:34:29,600 INFO  [org.apache.activemq.artemis.core.server] AMQ221001: Apache ActiveMQ Artemis Message Broker version 2.16.0.redhat-00012 [sharedstore_master_1, nodeID=01c4d506-6aba-11eb-8abc-b06ebf0b932a] 
2021-02-09 04:34:29,750 INFO  [org.apache.amq.hawtio.branding.PluginContextListener] Initialized amq-broker-redhat-branding plugin
2021-02-09 04:34:29,774 INFO  [org.apache.activemq.hawtio.plugin.PluginContextListener] Initialized artemis-plugin plugin
2021-02-09 04:34:30,031 INFO  [org.apache.activemq.artemis] AMQ241001: HTTP Server started at http://vivo2.milab.joshwest.me:8161
2021-02-09 04:34:39,823 WARN  [org.apache.activemq.artemis.core.server] AMQ222183: Blocking message production on address 'TEST.PERF'; size is currently: 63,680 bytes; max-size-bytes on address: -1, global-max-size is 63,680
2021-02-09 04:34:39,823 WARN  [org.apache.activemq.artemis.core.server] AMQ222183: Blocking message production on address 'TEST.PERF'; size is currently: 63,680 bytes; max-size-bytes on address: -1, global-max-size is 63,680
2021-02-09 04:34:39,823 WARN  [org.apache.activemq.artemis.core.server] AMQ222183: Blocking message production on address 'TEST.PERF'; size is currently: 63,680 bytes; max-size-bytes on address: -1, global-max-size is 63,680
2021-02-09 04:34:39,823 WARN  [org.apache.activemq.artemis.core.server] AMQ222183: Blocking message production on address 'TEST.PERF'; size is currently: 63,680 bytes; max-size-bytes on address: -1, global-max-size is 63,680
2021-02-09 04:34:39,823 WARN  [org.apache.activemq.artemis.core.server] AMQ222183: Blocking message production on address 'TEST.PERF'; size is currently: 63,680 bytes; max-size-bytes on address: -1, global-max-size is 63,680
2021-02-09 04:34:43,686 ERROR [org.apache.activemq.artemis.core.server] AMQ224088: Timeout (10 seconds) on acceptor "amqp" during protocol handshake with /192.168.100.21:57524 has occurred.
2021-02-09 04:34:45,156 ERROR [org.apache.activemq.artemis.core.server] AMQ224088: Timeout (10 seconds) on acceptor "amqp" during protocol handshake with /192.168.100.22:37602 has occurred.
2021-02-09 04:34:46,523 ERROR [org.apache.activemq.artemis.core.server] AMQ224088: Timeout (10 seconds) on acceptor "amqp" during protocol handshake with /192.168.100.23:54362 has occurred.
2021-02-09 04:34:48,174 ERROR [org.apache.activemq.artemis.core.server] AMQ224088: Timeout (10 seconds) on acceptor "amqp" during protocol handshake with /192.168.100.24:49124 has occurred.
2021-02-09 04:34:49,637 ERROR [org.apache.activemq.artemis.core.server] AMQ224088: Timeout (10 seconds) on acceptor "amqp" during protocol handshake with /192.168.100.21:57544 has occurred.
2021-02-09 04:34:51,375 ERROR [org.apache.activemq.artemis.core.server] AMQ224088: Timeout (10 seconds) on acceptor "amqp" during protocol handshake with /192.168.100.22:37622 has occurred.
2021-02-09 04:34:52,541 ERROR [org.apache.activemq.artemis.core.server] AMQ224088: Timeout (10 seconds) on acceptor "amqp" during protocol handshake with /192.168.100.23:54380 has occurred.
2021-02-09 04:34:54,124 ERROR [org.apache.activemq.artemis.core.server] AMQ224088: Timeout (10 seconds) on acceptor "amqp" during protocol handshake with /192.168.100.24:49142 has occurred.
2021-02-09 04:39:35,349 WARN  [org.apache.activemq.artemis.core.server] AMQ222061: Client connection failed, clearing up resources for session 057532f4-6aba-11eb-8abc-b06ebf0b932a
2021-02-09 04:39:35,349 WARN  [org.apache.activemq.artemis.core.server] AMQ222107: Cleared up resources for session 057532f4-6aba-11eb-8abc-b06ebf0b932a
2021-02-09 04:39:36,700 WARN  [org.apache.activemq.artemis.core.server] AMQ222061: Client connection failed, clearing up resources for session 0642e33e-6aba-11eb-8abc-b06ebf0b932a
2021-02-09 04:39:36,700 WARN  [org.apache.activemq.artemis.core.server] AMQ222107: Cleared up resources for session 0642e33e-6aba-11eb-8abc-b06ebf0b932a
2021-02-09 04:39:38,388 WARN  [org.apache.activemq.artemis.core.server] AMQ222061: Client connection failed, clearing up resources for session 073fdff2-6aba-11eb-8abc-b06ebf0b932a
2021-02-09 04:39:38,388 WARN  [org.apache.activemq.artemis.core.server] AMQ222107: Cleared up resources for session 073fdff2-6aba-11eb-8abc-b06ebf0b932a
2021-02-09 04:39:38,415 WARN  [org.apache.activemq.artemis.core.server] AMQ222061: Client connection failed, clearing up resources for session 073e594d-6aba-11eb-8abc-b06ebf0b932a
2021-02-09 04:39:38,415 WARN  [org.apache.activemq.artemis.core.server] AMQ222107: Cleared up resources for session 073e594d-6aba-11eb-8abc-b06ebf0b932a
