[INFO] Scanning for projects...
[INFO] 
[INFO] -----------------< org.jboss.examples:amqp-perf-test >------------------
[INFO] Building ActiveMQ Perf: AMQP Perf Test 1.0.0-SNAPSHOT
[INFO] --------------------------------[ jar ]---------------------------------
[INFO] 
[INFO] --- activemq-perf-maven-plugin:5.11.0:consumer (default-cli) @ amqp-perf-test ---
[INFO] Loading properties file: /home/jowest/msgaas/amqp-perf-test/src/main/resources/p_pg_caa_paa_1-beelink1_consumer2-amqp-consumer.properties
[INFO] Created: org.apache.qpid.jms.JmsConnectionFactory using SPIConnectionFactory: org.jboss.examples.amqp.spi.AMQPReflectionSPIConnectionFactory
[INFO] Sampling duration: 300000 ms, ramp up: 0 ms, ramp down: 0 ms
[INFO] Creating queue: queue://TEST.PERF
[INFO] Creating queue: queue://TEST.PERF
[INFO] Sampling duration: 300000 ms, ramp up: 0 ms, ramp down: 0 ms
[INFO] Best match for SASL auth was: SASL-PLAIN
[INFO] Best match for SASL auth was: SASL-PLAIN
[INFO] Connection ID:beelink1.milab.joshwest.me-40921-1613005320378-0:3 connected to remote Broker: amqp://vivo2.milab.joshwest.me:5672
[INFO] Connection ID:beelink1.milab.joshwest.me-40921-1613005320378-0:2 connected to remote Broker: amqp://vivo2.milab.joshwest.me:5672
[INFO] Creating JMS Connection: Provider=QpidJMS-0.5.0, JMS Spec=1.1
[INFO] Creating JMS Connection: Provider=QpidJMS-0.5.0, JMS Spec=1.1
[INFO] Creating non-durable consumer to: TEST.PERF
[INFO] Creating non-durable consumer to: TEST.PERF
[INFO] Starting to asynchronously receive messages for 300000 ms...
[INFO] Starting to asynchronously receive messages for 300000 ms...
[INFO] Client completed
[INFO] Client completed
[WARNING] Unrecognized CPU data. st=0
[WARNING] Unrecognized CPU data. st=0
[WARNING] Unrecognized CPU data. st=0
[WARNING] Unrecognized CPU data. st=0
[WARNING] Unrecognized CPU data. st=0
[WARNING] Unrecognized CPU data. st=0
[WARNING] Unrecognized CPU data. st=0
[WARNING] Unrecognized CPU data. st=0
[WARNING] Unrecognized CPU data. st=0
[WARNING] Unrecognized CPU data. st=0
[WARNING] Unrecognized CPU data. st=0
[WARNING] Unrecognized CPU data. st=0
[WARNING] Unrecognized CPU data. st=0
[WARNING] Unrecognized CPU data. st=0
[WARNING] Unrecognized CPU data. st=0
[WARNING] Unrecognized CPU data. st=0
[WARNING] Unrecognized CPU data. st=0
[WARNING] Unrecognized CPU data. st=0
[WARNING] Unrecognized CPU data. st=0
[WARNING] Unrecognized CPU data. st=0
[WARNING] Unrecognized CPU data. st=0
[WARNING] Unrecognized CPU data. st=0
[WARNING] Unrecognized CPU data. st=0
[WARNING] Unrecognized CPU data. st=0
[WARNING] Unrecognized CPU data. st=0
[WARNING] Unrecognized CPU data. st=0
[WARNING] Unrecognized CPU data. st=0
[WARNING] Unrecognized CPU data. st=0
[WARNING] Unrecognized CPU data. st=0
[WARNING] Unrecognized CPU data. st=0
[WARNING] Unrecognized CPU data. st=0
[WARNING] Unrecognized CPU data. st=0
[WARNING] Unrecognized CPU data. st=0
[WARNING] Unrecognized CPU data. st=0
[WARNING] Unrecognized CPU data. st=0
[WARNING] Unrecognized CPU data. st=0
[WARNING] Unrecognized CPU data. st=0
[WARNING] Unrecognized CPU data. st=0
[WARNING] Unrecognized CPU data. st=0
[WARNING] Unrecognized CPU data. st=0
[WARNING] Unrecognized CPU data. st=0
[WARNING] Unrecognized CPU data. st=0
[WARNING] Unrecognized CPU data. st=0
[WARNING] Unrecognized CPU data. st=0
[WARNING] Unrecognized CPU data. st=0
[WARNING] Unrecognized CPU data. st=0
[WARNING] Unrecognized CPU data. st=0
[WARNING] Unrecognized CPU data. st=0
[WARNING] Unrecognized CPU data. st=0
[WARNING] Unrecognized CPU data. st=0
[WARNING] Unrecognized CPU data. st=0
[WARNING] Unrecognized CPU data. st=0
[WARNING] Unrecognized CPU data. st=0
[WARNING] Unrecognized CPU data. st=0
[WARNING] Unrecognized CPU data. st=0
[WARNING] Unrecognized CPU data. st=0
[WARNING] Unrecognized CPU data. st=0
[WARNING] Unrecognized CPU data. st=0
[WARNING] Unrecognized CPU data. st=0
[WARNING] Unrecognized CPU data. st=0
[WARNING] Unrecognized CPU data. st=0
[WARNING] Unrecognized CPU data. st=0
[WARNING] Unrecognized CPU data. st=0
[WARNING] Unrecognized CPU data. st=0
[WARNING] Unrecognized CPU data. st=0
[WARNING] Unrecognized CPU data. st=0
[WARNING] Unrecognized CPU data. st=0
[WARNING] Unrecognized CPU data. st=0
[WARNING] Unrecognized CPU data. st=0
[WARNING] Unrecognized CPU data. st=0
[WARNING] Unrecognized CPU data. st=0
[WARNING] Unrecognized CPU data. st=0
[WARNING] Unrecognized CPU data. st=0
[WARNING] Unrecognized CPU data. st=0
[WARNING] Unrecognized CPU data. st=0
[WARNING] Unrecognized CPU data. st=0
[WARNING] Unrecognized CPU data. st=0
[WARNING] Unrecognized CPU data. st=0
[WARNING] Unrecognized CPU data. st=0
[WARNING] Unrecognized CPU data. st=0
[WARNING] Unrecognized CPU data. st=0
[WARNING] Unrecognized CPU data. st=0
[WARNING] Unrecognized CPU data. st=0
[WARNING] Unrecognized CPU data. st=0
[WARNING] Unrecognized CPU data. st=0
[WARNING] Unrecognized CPU data. st=0
[WARNING] Unrecognized CPU data. st=0
[WARNING] Unrecognized CPU data. st=0
[WARNING] Unrecognized CPU data. st=0
[WARNING] Unrecognized CPU data. st=0
[WARNING] Unrecognized CPU data. st=0
[WARNING] Unrecognized CPU data. st=0
[WARNING] Unrecognized CPU data. st=0
[WARNING] Unrecognized CPU data. st=0
[WARNING] Unrecognized CPU data. st=0
[WARNING] Unrecognized CPU data. st=0
[WARNING] Unrecognized CPU data. st=0
[WARNING] Unrecognized CPU data. st=0
[WARNING] Unrecognized CPU data. st=0
[WARNING] Unrecognized CPU data. st=0
[WARNING] Unrecognized CPU data. st=0
[WARNING] Unrecognized CPU data. st=0
[WARNING] Unrecognized CPU data. st=0
[WARNING] Unrecognized CPU data. st=0
[WARNING] Unrecognized CPU data. st=0
[WARNING] Unrecognized CPU data. st=0
[WARNING] Unrecognized CPU data. st=0
[WARNING] Unrecognized CPU data. st=0
[WARNING] Unrecognized CPU data. st=0
[WARNING] Unrecognized CPU data. st=0
[WARNING] Unrecognized CPU data. st=0
[WARNING] Unrecognized CPU data. st=0
[WARNING] Unrecognized CPU data. st=0
[WARNING] Unrecognized CPU data. st=0
[WARNING] Unrecognized CPU data. st=0
[WARNING] Unrecognized CPU data. st=0
[WARNING] Unrecognized CPU data. st=0
[WARNING] Unrecognized CPU data. st=0
[WARNING] Unrecognized CPU data. st=0
[WARNING] Unrecognized CPU data. st=0
[WARNING] Unrecognized CPU data. st=0
[WARNING] Unrecognized CPU data. st=0
[WARNING] Unrecognized CPU data. st=0
[WARNING] Unrecognized CPU data. st=0
[WARNING] Unrecognized CPU data. st=0
[WARNING] Unrecognized CPU data. st=0
[WARNING] Unrecognized CPU data. st=0
[WARNING] Unrecognized CPU data. st=0
[WARNING] Unrecognized CPU data. st=0
[WARNING] Unrecognized CPU data. st=0
[WARNING] Unrecognized CPU data. st=0
[WARNING] Unrecognized CPU data. st=0
[WARNING] Unrecognized CPU data. st=0
[WARNING] Unrecognized CPU data. st=0
[WARNING] Unrecognized CPU data. st=0
[WARNING] Unrecognized CPU data. st=0
[WARNING] Unrecognized CPU data. st=0
[WARNING] Unrecognized CPU data. st=0
[WARNING] Unrecognized CPU data. st=0
[WARNING] Unrecognized CPU data. st=0
[WARNING] Unrecognized CPU data. st=0
[WARNING] Unrecognized CPU data. st=0
[WARNING] Unrecognized CPU data. st=0
[WARNING] Unrecognized CPU data. st=0
[WARNING] Unrecognized CPU data. st=0
[WARNING] Unrecognized CPU data. st=0
[WARNING] Unrecognized CPU data. st=0
[WARNING] Unrecognized CPU data. st=0
[WARNING] Unrecognized CPU data. st=0
[WARNING] Unrecognized CPU data. st=0
[WARNING] Unrecognized CPU data. st=0
[WARNING] Unrecognized CPU data. st=0
[WARNING] Unrecognized CPU data. st=0
[WARNING] Unrecognized CPU data. st=0
[WARNING] Unrecognized CPU data. st=0
[WARNING] Unrecognized CPU data. st=0
[WARNING] Unrecognized CPU data. st=0
[WARNING] Unrecognized CPU data. st=0
[WARNING] Unrecognized CPU data. st=0
[WARNING] Unrecognized CPU data. st=0
[WARNING] Unrecognized CPU data. st=0
[WARNING] Unrecognized CPU data. st=0
[WARNING] Unrecognized CPU data. st=0
[WARNING] Unrecognized CPU data. st=0
[WARNING] Unrecognized CPU data. st=0
[WARNING] Unrecognized CPU data. st=0
[WARNING] Unrecognized CPU data. st=0
[WARNING] Unrecognized CPU data. st=0
[WARNING] Unrecognized CPU data. st=0
[WARNING] Unrecognized CPU data. st=0
[WARNING] Unrecognized CPU data. st=0
[WARNING] Unrecognized CPU data. st=0
[WARNING] Unrecognized CPU data. st=0
[WARNING] Unrecognized CPU data. st=0
[WARNING] Unrecognized CPU data. st=0
[WARNING] Unrecognized CPU data. st=0
[WARNING] Unrecognized CPU data. st=0
[WARNING] Unrecognized CPU data. st=0
[WARNING] Unrecognized CPU data. st=0
[WARNING] Unrecognized CPU data. st=0
[WARNING] Unrecognized CPU data. st=0
[WARNING] Unrecognized CPU data. st=0
[WARNING] Unrecognized CPU data. st=0
[WARNING] Unrecognized CPU data. st=0
[WARNING] Unrecognized CPU data. st=0
[WARNING] Unrecognized CPU data. st=0
[WARNING] Unrecognized CPU data. st=0
[WARNING] Unrecognized CPU data. st=0
[WARNING] Unrecognized CPU data. st=0
[WARNING] Unrecognized CPU data. st=0
[WARNING] Unrecognized CPU data. st=0
[WARNING] Unrecognized CPU data. st=0
[WARNING] Unrecognized CPU data. st=0
[WARNING] Unrecognized CPU data. st=0
[WARNING] Unrecognized CPU data. st=0
[WARNING] Unrecognized CPU data. st=0
[WARNING] Unrecognized CPU data. st=0
[WARNING] Unrecognized CPU data. st=0
[WARNING] Unrecognized CPU data. st=0
[WARNING] Unrecognized CPU data. st=0
[WARNING] Unrecognized CPU data. st=0
[WARNING] Unrecognized CPU data. st=0
[WARNING] Unrecognized CPU data. st=0
[WARNING] Unrecognized CPU data. st=0
[WARNING] Unrecognized CPU data. st=0
[WARNING] Unrecognized CPU data. st=0
[WARNING] Unrecognized CPU data. st=0
[WARNING] Unrecognized CPU data. st=0
[WARNING] Unrecognized CPU data. st=0
[WARNING] Unrecognized CPU data. st=0
[WARNING] Unrecognized CPU data. st=0
[WARNING] Unrecognized CPU data. st=0
[WARNING] Unrecognized CPU data. st=0
[WARNING] Unrecognized CPU data. st=0
[WARNING] Unrecognized CPU data. st=0
[WARNING] Unrecognized CPU data. st=0
[WARNING] Unrecognized CPU data. st=0
[WARNING] Unrecognized CPU data. st=0
[WARNING] Unrecognized CPU data. st=0
[WARNING] Unrecognized CPU data. st=0
[WARNING] Unrecognized CPU data. st=0
[WARNING] Unrecognized CPU data. st=0
[WARNING] Unrecognized CPU data. st=0
[WARNING] Unrecognized CPU data. st=0
[WARNING] Unrecognized CPU data. st=0
[WARNING] Unrecognized CPU data. st=0
[WARNING] Unrecognized CPU data. st=0
[WARNING] Unrecognized CPU data. st=0
[WARNING] Unrecognized CPU data. st=0
[WARNING] Unrecognized CPU data. st=0
[WARNING] Unrecognized CPU data. st=0
[WARNING] Unrecognized CPU data. st=0
[WARNING] Unrecognized CPU data. st=0
[WARNING] Unrecognized CPU data. st=0
[WARNING] Unrecognized CPU data. st=0
[WARNING] Unrecognized CPU data. st=0
[WARNING] Unrecognized CPU data. st=0
[WARNING] Unrecognized CPU data. st=0
[WARNING] Unrecognized CPU data. st=0
[WARNING] Unrecognized CPU data. st=0
[WARNING] Unrecognized CPU data. st=0
[WARNING] Unrecognized CPU data. st=0
[WARNING] Unrecognized CPU data. st=0
[WARNING] Unrecognized CPU data. st=0
[WARNING] Unrecognized CPU data. st=0
[WARNING] Unrecognized CPU data. st=0
[WARNING] Unrecognized CPU data. st=0
[WARNING] Unrecognized CPU data. st=0
[WARNING] Unrecognized CPU data. st=0
[WARNING] Unrecognized CPU data. st=0
[WARNING] Unrecognized CPU data. st=0
[WARNING] Unrecognized CPU data. st=0
[WARNING] Unrecognized CPU data. st=0
[WARNING] Unrecognized CPU data. st=0
[WARNING] Unrecognized CPU data. st=0
[WARNING] Unrecognized CPU data. st=0
[WARNING] Unrecognized CPU data. st=0
[WARNING] Unrecognized CPU data. st=0
[WARNING] Unrecognized CPU data. st=0
[WARNING] Unrecognized CPU data. st=0
[WARNING] Unrecognized CPU data. st=0
[WARNING] Unrecognized CPU data. st=0
[WARNING] Unrecognized CPU data. st=0
[WARNING] Unrecognized CPU data. st=0
[WARNING] Unrecognized CPU data. st=0
[WARNING] Unrecognized CPU data. st=0
[WARNING] Unrecognized CPU data. st=0
[WARNING] Unrecognized CPU data. st=0
[WARNING] Unrecognized CPU data. st=0
[WARNING] Unrecognized CPU data. st=0
[WARNING] Unrecognized CPU data. st=0
[WARNING] Unrecognized CPU data. st=0
[WARNING] Unrecognized CPU data. st=0
[WARNING] Unrecognized CPU data. st=0
[WARNING] Unrecognized CPU data. st=0
[WARNING] Unrecognized CPU data. st=0
[WARNING] Unrecognized CPU data. st=0
[WARNING] Unrecognized CPU data. st=0
[WARNING] Unrecognized CPU data. st=0
[WARNING] Unrecognized CPU data. st=0
[WARNING] Unrecognized CPU data. st=0
[WARNING] Unrecognized CPU data. st=0
[WARNING] Unrecognized CPU data. st=0
[WARNING] Unrecognized CPU data. st=0
[WARNING] Unrecognized CPU data. st=0
[WARNING] Unrecognized CPU data. st=0
[WARNING] Unrecognized CPU data. st=0
[WARNING] Unrecognized CPU data. st=0
[WARNING] Unrecognized CPU data. st=0
[WARNING] Unrecognized CPU data. st=0
[WARNING] Unrecognized CPU data. st=0
[WARNING] Unrecognized CPU data. st=0
[WARNING] Unrecognized CPU data. st=0
[WARNING] Unrecognized CPU data. st=0
[WARNING] Unrecognized CPU data. st=0
[WARNING] Unrecognized CPU data. st=0
[WARNING] Unrecognized CPU data. st=0
#########################################
####    SYSTEM THROUGHPUT SUMMARY    ####
#########################################
System Total Throughput: 2861032
System Total Clients: 2
System Average Throughput: 9536.773333333333
System Average Throughput Excluding Min/Max: 9500.753333333334
System Average Client Throughput: 4768.386666666666
System Average Client Throughput Excluding Min/Max: 4750.376666666667
Min Client Throughput Per Sample: clientName=p_pg_caa_paa_1-beelink1_consumer2JmsConsumer0, value=0
Max Client Throughput Per Sample: clientName=p_pg_caa_paa_1-beelink1_consumer2JmsConsumer1, value=5404
Min Client Total Throughput: clientName=p_pg_caa_paa_1-beelink1_consumer2JmsConsumer1, value=1430512
Max Client Total Throughput: clientName=p_pg_caa_paa_1-beelink1_consumer2JmsConsumer0, value=1430520
Min Average Client Throughput: clientName=p_pg_caa_paa_1-beelink1_consumer2JmsConsumer1, value=4768.373333333333
Max Average Client Throughput: clientName=p_pg_caa_paa_1-beelink1_consumer2JmsConsumer0, value=4768.4
Min Average Client Throughput Excluding Min/Max: clientName=p_pg_caa_paa_1-beelink1_consumer2JmsConsumer1, value=4750.36
Max Average Client Throughput Excluding Min/Max: clientName=p_pg_caa_paa_1-beelink1_consumer2JmsConsumer0, value=4750.393333333333
########################################
####    SYSTEM CPU USAGE SUMMARY    ####
########################################
Total Blocks Received: 7
Ave Blocks Received: 0.02356902356902357
Total Blocks Sent: 3615
Ave Blocks Sent: 12.171717171717171
Total Context Switches: 80469635
Ave Context Switches: 270941.531986532
Total User Time: 5534
Ave User Time: 18.632996632996633
Total System Time: 3636
Ave System Time: 12.242424242424242
Total Idle Time: 20536
Ave Idle Time: 69.14478114478115
Total Wait Time: 2
Ave Wait Time: 0.006734006734006734
[INFO] Created performance report: /home/jowest/msgaas/amqp-perf-test/./target/p_pg_caa_paa_1-beelink1_consumer2JmsConsumer_numClients2_numDests1_equal.xml
[INFO] ------------------------------------------------------------------------
[INFO] BUILD SUCCESS
[INFO] ------------------------------------------------------------------------
[INFO] Total time: 05:01 min
[INFO] Finished at: 2021-02-10T20:07:01-05:00
[INFO] ------------------------------------------------------------------------
