[INFO] Scanning for projects...
[INFO] 
[INFO] -----------------< org.jboss.examples:amqp-perf-test >------------------
[INFO] Building ActiveMQ Perf: AMQP Perf Test 1.0.0-SNAPSHOT
[INFO] --------------------------------[ jar ]---------------------------------
[INFO] 
[INFO] --- activemq-perf-maven-plugin:5.11.0:consumer (default-cli) @ amqp-perf-test ---
[INFO] Loading properties file: /home/jowest/msgaas/amqp-perf-test/src/main/resources/np_pg_cda_pda_2-beelink2_consumer3-amqp-consumer.properties
[INFO] Created: org.apache.qpid.jms.JmsConnectionFactory using SPIConnectionFactory: org.jboss.examples.amqp.spi.AMQPReflectionSPIConnectionFactory
[INFO] Creating queue: queue://TEST.PERF2
[INFO] Creating queue: queue://TEST.PERF2
[INFO] Creating queue: queue://TEST.PERF2
[INFO] Creating queue: queue://TEST.PERF2
[INFO] Sampling duration: 300000 ms, ramp up: 0 ms, ramp down: 0 ms
[INFO] Creating queue: queue://TEST.PERF2
[INFO] Creating queue: queue://TEST.PERF2
[INFO] Creating queue: queue://TEST.PERF2
[INFO] Creating queue: queue://TEST.PERF2
[INFO] Creating queue: queue://TEST.PERF2
[INFO] Creating queue: queue://TEST.PERF2
[INFO] Creating queue: queue://TEST.PERF2
[INFO] Creating queue: queue://TEST.PERF2
[INFO] Creating queue: queue://TEST.PERF2
[INFO] Creating queue: queue://TEST.PERF2
[INFO] Creating queue: queue://TEST.PERF2
[INFO] Creating queue: queue://TEST.PERF2
[INFO] Sampling duration: 300000 ms, ramp up: 0 ms, ramp down: 0 ms
[INFO] Best match for SASL auth was: SASL-PLAIN
[INFO] Best match for SASL auth was: SASL-PLAIN
[INFO] Best match for SASL auth was: SASL-PLAIN
[INFO] Best match for SASL auth was: SASL-PLAIN
[INFO] Best match for SASL auth was: SASL-PLAIN
[INFO] Best match for SASL auth was: SASL-PLAIN
[INFO] Best match for SASL auth was: SASL-PLAIN
[INFO] Best match for SASL auth was: SASL-PLAIN
[INFO] Best match for SASL auth was: SASL-PLAIN
[INFO] Best match for SASL auth was: SASL-PLAIN
[INFO] Best match for SASL auth was: SASL-PLAIN
[INFO] Best match for SASL auth was: SASL-PLAIN
[INFO] Best match for SASL auth was: SASL-PLAIN
[INFO] Best match for SASL auth was: SASL-PLAIN
[INFO] Best match for SASL auth was: SASL-PLAIN
[INFO] Best match for SASL auth was: SASL-PLAIN
[INFO] Connection ID:beelink2.milab.joshwest.me-42503-1612943247529-0:14 connected to remote Broker: amqp://vivo2.milab.joshwest.me:5672
[INFO] Connection ID:beelink2.milab.joshwest.me-42503-1612943247529-0:16 connected to remote Broker: amqp://vivo2.milab.joshwest.me:5672
[INFO] Connection ID:beelink2.milab.joshwest.me-42503-1612943247529-0:8 connected to remote Broker: amqp://vivo2.milab.joshwest.me:5672
[INFO] Connection ID:beelink2.milab.joshwest.me-42503-1612943247529-0:7 connected to remote Broker: amqp://vivo2.milab.joshwest.me:5672
[INFO] Connection ID:beelink2.milab.joshwest.me-42503-1612943247529-0:12 connected to remote Broker: amqp://vivo2.milab.joshwest.me:5672
[INFO] Connection ID:beelink2.milab.joshwest.me-42503-1612943247529-0:15 connected to remote Broker: amqp://vivo2.milab.joshwest.me:5672
[INFO] Connection ID:beelink2.milab.joshwest.me-42503-1612943247529-0:3 connected to remote Broker: amqp://vivo2.milab.joshwest.me:5672
[INFO] Connection ID:beelink2.milab.joshwest.me-42503-1612943247529-0:5 connected to remote Broker: amqp://vivo2.milab.joshwest.me:5672
[INFO] Connection ID:beelink2.milab.joshwest.me-42503-1612943247529-0:9 connected to remote Broker: amqp://vivo2.milab.joshwest.me:5672
[INFO] Connection ID:beelink2.milab.joshwest.me-42503-1612943247529-0:11 connected to remote Broker: amqp://vivo2.milab.joshwest.me:5672
[INFO] Creating JMS Connection: Provider=QpidJMS-0.5.0, JMS Spec=1.1
[INFO] Creating JMS Connection: Provider=QpidJMS-0.5.0, JMS Spec=1.1
[INFO] Creating JMS Connection: Provider=QpidJMS-0.5.0, JMS Spec=1.1
[INFO] Creating JMS Connection: Provider=QpidJMS-0.5.0, JMS Spec=1.1
[INFO] Creating JMS Connection: Provider=QpidJMS-0.5.0, JMS Spec=1.1
[INFO] Creating JMS Connection: Provider=QpidJMS-0.5.0, JMS Spec=1.1
[INFO] Creating JMS Connection: Provider=QpidJMS-0.5.0, JMS Spec=1.1
[INFO] Connection ID:beelink2.milab.joshwest.me-42503-1612943247529-0:6 connected to remote Broker: amqp://vivo2.milab.joshwest.me:5672
[INFO] Creating JMS Connection: Provider=QpidJMS-0.5.0, JMS Spec=1.1
[INFO] Connection ID:beelink2.milab.joshwest.me-42503-1612943247529-0:4 connected to remote Broker: amqp://vivo2.milab.joshwest.me:5672
[INFO] Connection ID:beelink2.milab.joshwest.me-42503-1612943247529-0:2 connected to remote Broker: amqp://vivo2.milab.joshwest.me:5672
[INFO] Connection ID:beelink2.milab.joshwest.me-42503-1612943247529-0:17 connected to remote Broker: amqp://vivo2.milab.joshwest.me:5672
[INFO] Creating JMS Connection: Provider=QpidJMS-0.5.0, JMS Spec=1.1
[INFO] Creating JMS Connection: Provider=QpidJMS-0.5.0, JMS Spec=1.1
[INFO] Creating JMS Connection: Provider=QpidJMS-0.5.0, JMS Spec=1.1
[INFO] Creating JMS Connection: Provider=QpidJMS-0.5.0, JMS Spec=1.1
[INFO] Creating JMS Connection: Provider=QpidJMS-0.5.0, JMS Spec=1.1
[INFO] Connection ID:beelink2.milab.joshwest.me-42503-1612943247529-0:13 connected to remote Broker: amqp://vivo2.milab.joshwest.me:5672
[INFO] Connection ID:beelink2.milab.joshwest.me-42503-1612943247529-0:10 connected to remote Broker: amqp://vivo2.milab.joshwest.me:5672
[INFO] Creating JMS Connection: Provider=QpidJMS-0.5.0, JMS Spec=1.1
[INFO] Creating JMS Connection: Provider=QpidJMS-0.5.0, JMS Spec=1.1
[INFO] Creating JMS Connection: Provider=QpidJMS-0.5.0, JMS Spec=1.1
[INFO] Creating non-durable consumer to: TEST.PERF2
[INFO] Creating non-durable consumer to: TEST.PERF2
[INFO] Creating non-durable consumer to: TEST.PERF2
[INFO] Creating non-durable consumer to: TEST.PERF2
[INFO] Creating non-durable consumer to: TEST.PERF2
[INFO] Creating non-durable consumer to: TEST.PERF2
[INFO] Creating non-durable consumer to: TEST.PERF2
[INFO] Creating non-durable consumer to: TEST.PERF2
[INFO] Creating non-durable consumer to: TEST.PERF2
[INFO] Creating non-durable consumer to: TEST.PERF2
[INFO] Creating non-durable consumer to: TEST.PERF2
[INFO] Creating non-durable consumer to: TEST.PERF2
[INFO] Creating non-durable consumer to: TEST.PERF2
[INFO] Creating non-durable consumer to: TEST.PERF2
[INFO] Creating non-durable consumer to: TEST.PERF2
[INFO] Creating non-durable consumer to: TEST.PERF2
[INFO] Starting to asynchronously receive messages for 300000 ms...
[INFO] Starting to asynchronously receive messages for 300000 ms...
[INFO] Starting to asynchronously receive messages for 300000 ms...
[INFO] Starting to asynchronously receive messages for 300000 ms...
[INFO] Starting to asynchronously receive messages for 300000 ms...
[INFO] Starting to asynchronously receive messages for 300000 ms...
[INFO] Starting to asynchronously receive messages for 300000 ms...
[INFO] Starting to asynchronously receive messages for 300000 ms...
[INFO] Starting to asynchronously receive messages for 300000 ms...
[INFO] Starting to asynchronously receive messages for 300000 ms...
[INFO] Starting to asynchronously receive messages for 300000 ms...
[INFO] Starting to asynchronously receive messages for 300000 ms...
[INFO] Starting to asynchronously receive messages for 300000 ms...
[INFO] Starting to asynchronously receive messages for 300000 ms...
[INFO] Starting to asynchronously receive messages for 300000 ms...
[INFO] Starting to asynchronously receive messages for 300000 ms...
[INFO] Client completed
[INFO] Client completed
[INFO] Client completed
[INFO] Client completed
[INFO] Client completed
[INFO] Client completed
[INFO] Client completed
[INFO] Client completed
[INFO] Client completed
[INFO] Client completed
[INFO] Client completed
[INFO] Client completed
[INFO] Client completed
[INFO] Client completed
[INFO] Client completed
[INFO] Client completed
[WARNING] Unrecognized CPU data. st=0
[WARNING] Unrecognized CPU data. st=0
[WARNING] Unrecognized CPU data. st=0
[WARNING] Unrecognized CPU data. st=0
[WARNING] Unrecognized CPU data. st=0
[WARNING] Unrecognized CPU data. st=0
[WARNING] Unrecognized CPU data. st=0
[WARNING] Unrecognized CPU data. st=0
[WARNING] Unrecognized CPU data. st=0
[WARNING] Unrecognized CPU data. st=0
[WARNING] Unrecognized CPU data. st=0
[WARNING] Unrecognized CPU data. st=0
[WARNING] Unrecognized CPU data. st=0
[WARNING] Unrecognized CPU data. st=0
[WARNING] Unrecognized CPU data. st=0
[WARNING] Unrecognized CPU data. st=0
[WARNING] Unrecognized CPU data. st=0
[WARNING] Unrecognized CPU data. st=0
[WARNING] Unrecognized CPU data. st=0
[WARNING] Unrecognized CPU data. st=0
[WARNING] Unrecognized CPU data. st=0
[WARNING] Unrecognized CPU data. st=0
[WARNING] Unrecognized CPU data. st=0
[WARNING] Unrecognized CPU data. st=0
[WARNING] Unrecognized CPU data. st=0
[WARNING] Unrecognized CPU data. st=0
[WARNING] Unrecognized CPU data. st=0
[WARNING] Unrecognized CPU data. st=0
[WARNING] Unrecognized CPU data. st=0
[WARNING] Unrecognized CPU data. st=0
[WARNING] Unrecognized CPU data. st=0
[WARNING] Unrecognized CPU data. st=0
[WARNING] Unrecognized CPU data. st=0
[WARNING] Unrecognized CPU data. st=0
[WARNING] Unrecognized CPU data. st=0
[WARNING] Unrecognized CPU data. st=0
[WARNING] Unrecognized CPU data. st=0
[WARNING] Unrecognized CPU data. st=0
[WARNING] Unrecognized CPU data. st=0
[WARNING] Unrecognized CPU data. st=0
[WARNING] Unrecognized CPU data. st=0
[WARNING] Unrecognized CPU data. st=0
[WARNING] Unrecognized CPU data. st=0
[WARNING] Unrecognized CPU data. st=0
[WARNING] Unrecognized CPU data. st=0
[WARNING] Unrecognized CPU data. st=0
[WARNING] Unrecognized CPU data. st=0
[WARNING] Unrecognized CPU data. st=0
[WARNING] Unrecognized CPU data. st=0
[WARNING] Unrecognized CPU data. st=0
[WARNING] Unrecognized CPU data. st=0
[WARNING] Unrecognized CPU data. st=0
[WARNING] Unrecognized CPU data. st=0
[WARNING] Unrecognized CPU data. st=0
[WARNING] Unrecognized CPU data. st=0
[WARNING] Unrecognized CPU data. st=0
[WARNING] Unrecognized CPU data. st=0
[WARNING] Unrecognized CPU data. st=0
[WARNING] Unrecognized CPU data. st=0
[WARNING] Unrecognized CPU data. st=0
[WARNING] Unrecognized CPU data. st=0
[WARNING] Unrecognized CPU data. st=0
[WARNING] Unrecognized CPU data. st=0
[WARNING] Unrecognized CPU data. st=0
[WARNING] Unrecognized CPU data. st=0
[WARNING] Unrecognized CPU data. st=0
[WARNING] Unrecognized CPU data. st=0
[WARNING] Unrecognized CPU data. st=0
[WARNING] Unrecognized CPU data. st=0
[WARNING] Unrecognized CPU data. st=0
[WARNING] Unrecognized CPU data. st=0
[WARNING] Unrecognized CPU data. st=0
[WARNING] Unrecognized CPU data. st=0
[WARNING] Unrecognized CPU data. st=0
[WARNING] Unrecognized CPU data. st=0
[WARNING] Unrecognized CPU data. st=0
[WARNING] Unrecognized CPU data. st=0
[WARNING] Unrecognized CPU data. st=0
[WARNING] Unrecognized CPU data. st=0
[WARNING] Unrecognized CPU data. st=0
[WARNING] Unrecognized CPU data. st=0
[WARNING] Unrecognized CPU data. st=0
[WARNING] Unrecognized CPU data. st=0
[WARNING] Unrecognized CPU data. st=0
[WARNING] Unrecognized CPU data. st=0
[WARNING] Unrecognized CPU data. st=0
[WARNING] Unrecognized CPU data. st=0
[WARNING] Unrecognized CPU data. st=0
[WARNING] Unrecognized CPU data. st=0
[WARNING] Unrecognized CPU data. st=0
[WARNING] Unrecognized CPU data. st=0
[WARNING] Unrecognized CPU data. st=0
[WARNING] Unrecognized CPU data. st=0
[WARNING] Unrecognized CPU data. st=0
[WARNING] Unrecognized CPU data. st=0
[WARNING] Unrecognized CPU data. st=0
[WARNING] Unrecognized CPU data. st=0
[WARNING] Unrecognized CPU data. st=0
[WARNING] Unrecognized CPU data. st=0
[WARNING] Unrecognized CPU data. st=0
[WARNING] Unrecognized CPU data. st=0
[WARNING] Unrecognized CPU data. st=0
[WARNING] Unrecognized CPU data. st=0
[WARNING] Unrecognized CPU data. st=0
[WARNING] Unrecognized CPU data. st=0
[WARNING] Unrecognized CPU data. st=0
[WARNING] Unrecognized CPU data. st=0
[WARNING] Unrecognized CPU data. st=0
[WARNING] Unrecognized CPU data. st=0
[WARNING] Unrecognized CPU data. st=0
[WARNING] Unrecognized CPU data. st=0
[WARNING] Unrecognized CPU data. st=0
[WARNING] Unrecognized CPU data. st=0
[WARNING] Unrecognized CPU data. st=0
[WARNING] Unrecognized CPU data. st=0
[WARNING] Unrecognized CPU data. st=0
[WARNING] Unrecognized CPU data. st=0
[WARNING] Unrecognized CPU data. st=0
[WARNING] Unrecognized CPU data. st=0
[WARNING] Unrecognized CPU data. st=0
[WARNING] Unrecognized CPU data. st=0
[WARNING] Unrecognized CPU data. st=0
[WARNING] Unrecognized CPU data. st=0
[WARNING] Unrecognized CPU data. st=0
[WARNING] Unrecognized CPU data. st=0
[WARNING] Unrecognized CPU data. st=0
[WARNING] Unrecognized CPU data. st=0
[WARNING] Unrecognized CPU data. st=0
[WARNING] Unrecognized CPU data. st=0
[WARNING] Unrecognized CPU data. st=0
[WARNING] Unrecognized CPU data. st=0
[WARNING] Unrecognized CPU data. st=0
[WARNING] Unrecognized CPU data. st=0
[WARNING] Unrecognized CPU data. st=0
[WARNING] Unrecognized CPU data. st=0
[WARNING] Unrecognized CPU data. st=0
[WARNING] Unrecognized CPU data. st=0
[WARNING] Unrecognized CPU data. st=0
[WARNING] Unrecognized CPU data. st=0
[WARNING] Unrecognized CPU data. st=0
[WARNING] Unrecognized CPU data. st=0
[WARNING] Unrecognized CPU data. st=0
[WARNING] Unrecognized CPU data. st=0
[WARNING] Unrecognized CPU data. st=0
[WARNING] Unrecognized CPU data. st=0
[WARNING] Unrecognized CPU data. st=0
[WARNING] Unrecognized CPU data. st=0
[WARNING] Unrecognized CPU data. st=0
[WARNING] Unrecognized CPU data. st=0
[WARNING] Unrecognized CPU data. st=0
[WARNING] Unrecognized CPU data. st=0
[WARNING] Unrecognized CPU data. st=0
[WARNING] Unrecognized CPU data. st=0
[WARNING] Unrecognized CPU data. st=0
[WARNING] Unrecognized CPU data. st=0
[WARNING] Unrecognized CPU data. st=0
[WARNING] Unrecognized CPU data. st=0
[WARNING] Unrecognized CPU data. st=0
[WARNING] Unrecognized CPU data. st=0
[WARNING] Unrecognized CPU data. st=0
[WARNING] Unrecognized CPU data. st=0
[WARNING] Unrecognized CPU data. st=0
[WARNING] Unrecognized CPU data. st=0
[WARNING] Unrecognized CPU data. st=0
[WARNING] Unrecognized CPU data. st=0
[WARNING] Unrecognized CPU data. st=0
[WARNING] Unrecognized CPU data. st=0
[WARNING] Unrecognized CPU data. st=0
[WARNING] Unrecognized CPU data. st=0
[WARNING] Unrecognized CPU data. st=0
[WARNING] Unrecognized CPU data. st=0
[WARNING] Unrecognized CPU data. st=0
[WARNING] Unrecognized CPU data. st=0
[WARNING] Unrecognized CPU data. st=0
[WARNING] Unrecognized CPU data. st=0
[WARNING] Unrecognized CPU data. st=0
[WARNING] Unrecognized CPU data. st=0
[WARNING] Unrecognized CPU data. st=0
[WARNING] Unrecognized CPU data. st=0
[WARNING] Unrecognized CPU data. st=0
[WARNING] Unrecognized CPU data. st=0
[WARNING] Unrecognized CPU data. st=0
[WARNING] Unrecognized CPU data. st=0
[WARNING] Unrecognized CPU data. st=0
[WARNING] Unrecognized CPU data. st=0
[WARNING] Unrecognized CPU data. st=0
[WARNING] Unrecognized CPU data. st=0
[WARNING] Unrecognized CPU data. st=0
[WARNING] Unrecognized CPU data. st=0
[WARNING] Unrecognized CPU data. st=0
[WARNING] Unrecognized CPU data. st=0
[WARNING] Unrecognized CPU data. st=0
[WARNING] Unrecognized CPU data. st=0
[WARNING] Unrecognized CPU data. st=0
[WARNING] Unrecognized CPU data. st=0
[WARNING] Unrecognized CPU data. st=0
[WARNING] Unrecognized CPU data. st=0
[WARNING] Unrecognized CPU data. st=0
[WARNING] Unrecognized CPU data. st=0
[WARNING] Unrecognized CPU data. st=0
[WARNING] Unrecognized CPU data. st=0
[WARNING] Unrecognized CPU data. st=0
[WARNING] Unrecognized CPU data. st=0
[WARNING] Unrecognized CPU data. st=0
[WARNING] Unrecognized CPU data. st=0
[WARNING] Unrecognized CPU data. st=0
[WARNING] Unrecognized CPU data. st=0
[WARNING] Unrecognized CPU data. st=0
[WARNING] Unrecognized CPU data. st=0
[WARNING] Unrecognized CPU data. st=0
[WARNING] Unrecognized CPU data. st=0
[WARNING] Unrecognized CPU data. st=0
[WARNING] Unrecognized CPU data. st=0
[WARNING] Unrecognized CPU data. st=0
[WARNING] Unrecognized CPU data. st=0
[WARNING] Unrecognized CPU data. st=0
[WARNING] Unrecognized CPU data. st=0
[WARNING] Unrecognized CPU data. st=0
[WARNING] Unrecognized CPU data. st=0
[WARNING] Unrecognized CPU data. st=0
[WARNING] Unrecognized CPU data. st=0
[WARNING] Unrecognized CPU data. st=0
[WARNING] Unrecognized CPU data. st=0
[WARNING] Unrecognized CPU data. st=0
[WARNING] Unrecognized CPU data. st=0
[WARNING] Unrecognized CPU data. st=0
[WARNING] Unrecognized CPU data. st=0
[WARNING] Unrecognized CPU data. st=0
[WARNING] Unrecognized CPU data. st=0
[WARNING] Unrecognized CPU data. st=0
[WARNING] Unrecognized CPU data. st=0
[WARNING] Unrecognized CPU data. st=0
[WARNING] Unrecognized CPU data. st=0
[WARNING] Unrecognized CPU data. st=0
[WARNING] Unrecognized CPU data. st=0
[WARNING] Unrecognized CPU data. st=0
[WARNING] Unrecognized CPU data. st=0
[WARNING] Unrecognized CPU data. st=0
[WARNING] Unrecognized CPU data. st=0
[WARNING] Unrecognized CPU data. st=0
[WARNING] Unrecognized CPU data. st=0
[WARNING] Unrecognized CPU data. st=0
[WARNING] Unrecognized CPU data. st=0
[WARNING] Unrecognized CPU data. st=0
[WARNING] Unrecognized CPU data. st=0
[WARNING] Unrecognized CPU data. st=0
[WARNING] Unrecognized CPU data. st=0
[WARNING] Unrecognized CPU data. st=0
[WARNING] Unrecognized CPU data. st=0
[WARNING] Unrecognized CPU data. st=0
[WARNING] Unrecognized CPU data. st=0
[WARNING] Unrecognized CPU data. st=0
[WARNING] Unrecognized CPU data. st=0
[WARNING] Unrecognized CPU data. st=0
[WARNING] Unrecognized CPU data. st=0
[WARNING] Unrecognized CPU data. st=0
[WARNING] Unrecognized CPU data. st=0
[WARNING] Unrecognized CPU data. st=0
[WARNING] Unrecognized CPU data. st=0
[WARNING] Unrecognized CPU data. st=0
[WARNING] Unrecognized CPU data. st=0
[WARNING] Unrecognized CPU data. st=0
[WARNING] Unrecognized CPU data. st=0
[WARNING] Unrecognized CPU data. st=0
[WARNING] Unrecognized CPU data. st=0
[WARNING] Unrecognized CPU data. st=0
[WARNING] Unrecognized CPU data. st=0
[WARNING] Unrecognized CPU data. st=0
[WARNING] Unrecognized CPU data. st=0
[WARNING] Unrecognized CPU data. st=0
[WARNING] Unrecognized CPU data. st=0
[WARNING] Unrecognized CPU data. st=0
[WARNING] Unrecognized CPU data. st=0
[WARNING] Unrecognized CPU data. st=0
[WARNING] Unrecognized CPU data. st=0
[WARNING] Unrecognized CPU data. st=0
[WARNING] Unrecognized CPU data. st=0
[WARNING] Unrecognized CPU data. st=0
[WARNING] Unrecognized CPU data. st=0
[WARNING] Unrecognized CPU data. st=0
[WARNING] Unrecognized CPU data. st=0
[WARNING] Unrecognized CPU data. st=0
[WARNING] Unrecognized CPU data. st=0
[WARNING] Unrecognized CPU data. st=0
[WARNING] Unrecognized CPU data. st=0
[WARNING] Unrecognized CPU data. st=0
[WARNING] Unrecognized CPU data. st=0
[WARNING] Unrecognized CPU data. st=0
[WARNING] Unrecognized CPU data. st=0
[WARNING] Unrecognized CPU data. st=0
[WARNING] Unrecognized CPU data. st=0
[WARNING] Unrecognized CPU data. st=0
[WARNING] Unrecognized CPU data. st=0
[WARNING] Unrecognized CPU data. st=0
[WARNING] Unrecognized CPU data. st=0
[WARNING] Unrecognized CPU data. st=0
[WARNING] Unrecognized CPU data. st=0
[WARNING] Unrecognized CPU data. st=0
[WARNING] Unrecognized CPU data. st=0
[WARNING] Unrecognized CPU data. st=0
#########################################
####    SYSTEM THROUGHPUT SUMMARY    ####
#########################################
System Total Throughput: 6498125
System Total Clients: 16
System Average Throughput: 21660.416666666664
System Average Throughput Excluding Min/Max: 21414.073333333334
System Average Client Throughput: 1353.7760416666665
System Average Client Throughput Excluding Min/Max: 1338.3795833333334
Min Client Throughput Per Sample: clientName=np_pg_cda_pda_2-beelink2_consumer3JmsConsumer4, value=0
Max Client Throughput Per Sample: clientName=np_pg_cda_pda_2-beelink2_consumer3JmsConsumer13, value=5251
Min Client Total Throughput: clientName=np_pg_cda_pda_2-beelink2_consumer3JmsConsumer1, value=406001
Max Client Total Throughput: clientName=np_pg_cda_pda_2-beelink2_consumer3JmsConsumer6, value=406160
Min Average Client Throughput: clientName=np_pg_cda_pda_2-beelink2_consumer3JmsConsumer1, value=1353.3366666666666
Max Average Client Throughput: clientName=np_pg_cda_pda_2-beelink2_consumer3JmsConsumer6, value=1353.8666666666666
Min Average Client Throughput Excluding Min/Max: clientName=np_pg_cda_pda_2-beelink2_consumer3JmsConsumer13, value=1336.3633333333332
Max Average Client Throughput Excluding Min/Max: clientName=np_pg_cda_pda_2-beelink2_consumer3JmsConsumer15, value=1339.68
########################################
####    SYSTEM CPU USAGE SUMMARY    ####
########################################
Total Blocks Received: 6
Ave Blocks Received: 0.02
Total Blocks Sent: 3120
Ave Blocks Sent: 10.4
Total Context Switches: 99457698
Ave Context Switches: 331525.66
Total User Time: 9871
Ave User Time: 32.903333333333336
Total System Time: 6815
Ave System Time: 22.716666666666665
Total Idle Time: 13307
Ave Idle Time: 44.35666666666667
Total Wait Time: 2
Ave Wait Time: 0.006666666666666667
[INFO] Created performance report: /home/jowest/msgaas/amqp-perf-test/./target/np_pg_cda_pda_2-beelink2_consumer3JmsConsumer_numClients16_numDests1_equal.xml
[INFO] ------------------------------------------------------------------------
[INFO] BUILD SUCCESS
[INFO] ------------------------------------------------------------------------
[INFO] Total time: 05:01 min
[INFO] Finished at: 2021-02-10T02:52:28-05:00
[INFO] ------------------------------------------------------------------------
