[INFO] Scanning for projects...
[INFO] 
[INFO] -----------------< org.jboss.examples:amqp-perf-test >------------------
[INFO] Building ActiveMQ Perf: AMQP Perf Test 1.0.0-SNAPSHOT
[INFO] --------------------------------[ jar ]---------------------------------
[INFO] 
[INFO] --- activemq-perf-maven-plugin:5.11.0:consumer (default-cli) @ amqp-perf-test ---
[INFO] Loading properties file: /home/jowest/msgaas/amqp-perf-test/src/main/resources/tx_p_blk_cta_pta_1-beelink3_consumer4-amqp-consumer.properties
[INFO] Created: org.apache.qpid.jms.JmsConnectionFactory using SPIConnectionFactory: org.jboss.examples.amqp.spi.AMQPReflectionSPIConnectionFactory
[INFO] Sampling duration: 300000 ms, ramp up: 0 ms, ramp down: 0 ms
[INFO] Creating queue: queue://TEST.PERF1
[INFO] Creating queue: queue://TEST.PERF1
[INFO] Creating queue: queue://TEST.PERF1
[INFO] Creating queue: queue://TEST.PERF1
[INFO] Creating queue: queue://TEST.PERF1
[INFO] Creating queue: queue://TEST.PERF1
[INFO] Creating queue: queue://TEST.PERF1
[INFO] Creating queue: queue://TEST.PERF1
[INFO] Sampling duration: 300000 ms, ramp up: 0 ms, ramp down: 0 ms
[INFO] Best match for SASL auth was: SASL-PLAIN
[INFO] Best match for SASL auth was: SASL-PLAIN
[INFO] Best match for SASL auth was: SASL-PLAIN
[INFO] Best match for SASL auth was: SASL-PLAIN
[INFO] Best match for SASL auth was: SASL-PLAIN
[INFO] Best match for SASL auth was: SASL-PLAIN
[INFO] Best match for SASL auth was: SASL-PLAIN
[INFO] Best match for SASL auth was: SASL-PLAIN
[INFO] Connection ID:beelink3.milab.joshwest.me-43023-1612961880671-0:7 connected to remote Broker: amqp://vivo2.milab.joshwest.me:5672
[INFO] Connection ID:beelink3.milab.joshwest.me-43023-1612961880671-0:8 connected to remote Broker: amqp://vivo2.milab.joshwest.me:5672
[INFO] Connection ID:beelink3.milab.joshwest.me-43023-1612961880671-0:9 connected to remote Broker: amqp://vivo2.milab.joshwest.me:5672
[INFO] Connection ID:beelink3.milab.joshwest.me-43023-1612961880671-0:2 connected to remote Broker: amqp://vivo2.milab.joshwest.me:5672
[INFO] Connection ID:beelink3.milab.joshwest.me-43023-1612961880671-0:6 connected to remote Broker: amqp://vivo2.milab.joshwest.me:5672
[INFO] Connection ID:beelink3.milab.joshwest.me-43023-1612961880671-0:3 connected to remote Broker: amqp://vivo2.milab.joshwest.me:5672
[INFO] Connection ID:beelink3.milab.joshwest.me-43023-1612961880671-0:5 connected to remote Broker: amqp://vivo2.milab.joshwest.me:5672
[INFO] Creating JMS Connection: Provider=QpidJMS-0.5.0, JMS Spec=1.1
[INFO] Creating JMS Connection: Provider=QpidJMS-0.5.0, JMS Spec=1.1
[INFO] Creating JMS Connection: Provider=QpidJMS-0.5.0, JMS Spec=1.1
[INFO] Creating JMS Connection: Provider=QpidJMS-0.5.0, JMS Spec=1.1
[INFO] Creating JMS Connection: Provider=QpidJMS-0.5.0, JMS Spec=1.1
[INFO] Connection ID:beelink3.milab.joshwest.me-43023-1612961880671-0:4 connected to remote Broker: amqp://vivo2.milab.joshwest.me:5672
[INFO] Creating JMS Connection: Provider=QpidJMS-0.5.0, JMS Spec=1.1
[INFO] Creating JMS Connection: Provider=QpidJMS-0.5.0, JMS Spec=1.1
[INFO] Creating JMS Connection: Provider=QpidJMS-0.5.0, JMS Spec=1.1
[INFO] Creating non-durable consumer to: TEST.PERF1
[INFO] Creating non-durable consumer to: TEST.PERF1
[INFO] Creating non-durable consumer to: TEST.PERF1
[INFO] Creating non-durable consumer to: TEST.PERF1
[INFO] Creating non-durable consumer to: TEST.PERF1
[INFO] Creating non-durable consumer to: TEST.PERF1
[INFO] Creating non-durable consumer to: TEST.PERF1
[INFO] Creating non-durable consumer to: TEST.PERF1
[INFO] Starting to asynchronously receive messages for 300000 ms...
[INFO] Starting to asynchronously receive messages for 300000 ms...
[INFO] Starting to asynchronously receive messages for 300000 ms...
[INFO] Starting to asynchronously receive messages for 300000 ms...
[INFO] Starting to asynchronously receive messages for 300000 ms...
[INFO] Starting to asynchronously receive messages for 300000 ms...
[INFO] Starting to asynchronously receive messages for 300000 ms...
[INFO] Starting to asynchronously receive messages for 300000 ms...
[INFO] Client completed
[INFO] Client completed
[INFO] Client completed
[INFO] Client completed
[INFO] Client completed
[INFO] Client completed
[INFO] Client completed
[INFO] Client completed
[WARNING] Unrecognized CPU data. st=0
[WARNING] Unrecognized CPU data. st=0
[WARNING] Unrecognized CPU data. st=0
[WARNING] Unrecognized CPU data. st=0
[WARNING] Unrecognized CPU data. st=0
[WARNING] Unrecognized CPU data. st=0
[WARNING] Unrecognized CPU data. st=0
[WARNING] Unrecognized CPU data. st=0
[WARNING] Unrecognized CPU data. st=0
[WARNING] Unrecognized CPU data. st=0
[WARNING] Unrecognized CPU data. st=0
[WARNING] Unrecognized CPU data. st=0
[WARNING] Unrecognized CPU data. st=0
[WARNING] Unrecognized CPU data. st=0
[WARNING] Unrecognized CPU data. st=0
[WARNING] Unrecognized CPU data. st=0
[WARNING] Unrecognized CPU data. st=0
[WARNING] Unrecognized CPU data. st=0
[WARNING] Unrecognized CPU data. st=0
[WARNING] Unrecognized CPU data. st=0
[WARNING] Unrecognized CPU data. st=0
[WARNING] Unrecognized CPU data. st=0
[WARNING] Unrecognized CPU data. st=0
[WARNING] Unrecognized CPU data. st=0
[WARNING] Unrecognized CPU data. st=0
[WARNING] Unrecognized CPU data. st=0
[WARNING] Unrecognized CPU data. st=0
[WARNING] Unrecognized CPU data. st=0
[WARNING] Unrecognized CPU data. st=0
[WARNING] Unrecognized CPU data. st=0
[WARNING] Unrecognized CPU data. st=0
[WARNING] Unrecognized CPU data. st=0
[WARNING] Unrecognized CPU data. st=0
[WARNING] Unrecognized CPU data. st=0
[WARNING] Unrecognized CPU data. st=0
[WARNING] Unrecognized CPU data. st=0
[WARNING] Unrecognized CPU data. st=0
[WARNING] Unrecognized CPU data. st=0
[WARNING] Unrecognized CPU data. st=0
[WARNING] Unrecognized CPU data. st=0
[WARNING] Unrecognized CPU data. st=0
[WARNING] Unrecognized CPU data. st=0
[WARNING] Unrecognized CPU data. st=0
[WARNING] Unrecognized CPU data. st=0
[WARNING] Unrecognized CPU data. st=0
[WARNING] Unrecognized CPU data. st=0
[WARNING] Unrecognized CPU data. st=0
[WARNING] Unrecognized CPU data. st=0
[WARNING] Unrecognized CPU data. st=0
[WARNING] Unrecognized CPU data. st=0
[WARNING] Unrecognized CPU data. st=0
[WARNING] Unrecognized CPU data. st=0
[WARNING] Unrecognized CPU data. st=0
[WARNING] Unrecognized CPU data. st=0
[WARNING] Unrecognized CPU data. st=0
[WARNING] Unrecognized CPU data. st=0
[WARNING] Unrecognized CPU data. st=0
[WARNING] Unrecognized CPU data. st=0
[WARNING] Unrecognized CPU data. st=0
[WARNING] Unrecognized CPU data. st=0
[WARNING] Unrecognized CPU data. st=0
[WARNING] Unrecognized CPU data. st=0
[WARNING] Unrecognized CPU data. st=0
[WARNING] Unrecognized CPU data. st=0
[WARNING] Unrecognized CPU data. st=0
[WARNING] Unrecognized CPU data. st=0
[WARNING] Unrecognized CPU data. st=0
[WARNING] Unrecognized CPU data. st=0
[WARNING] Unrecognized CPU data. st=0
[WARNING] Unrecognized CPU data. st=0
[WARNING] Unrecognized CPU data. st=0
[WARNING] Unrecognized CPU data. st=0
[WARNING] Unrecognized CPU data. st=0
[WARNING] Unrecognized CPU data. st=0
[WARNING] Unrecognized CPU data. st=0
[WARNING] Unrecognized CPU data. st=0
[WARNING] Unrecognized CPU data. st=0
[WARNING] Unrecognized CPU data. st=0
[WARNING] Unrecognized CPU data. st=0
[WARNING] Unrecognized CPU data. st=0
[WARNING] Unrecognized CPU data. st=0
[WARNING] Unrecognized CPU data. st=0
[WARNING] Unrecognized CPU data. st=0
[WARNING] Unrecognized CPU data. st=0
[WARNING] Unrecognized CPU data. st=0
[WARNING] Unrecognized CPU data. st=0
[WARNING] Unrecognized CPU data. st=0
[WARNING] Unrecognized CPU data. st=0
[WARNING] Unrecognized CPU data. st=0
[WARNING] Unrecognized CPU data. st=0
[WARNING] Unrecognized CPU data. st=0
[WARNING] Unrecognized CPU data. st=0
[WARNING] Unrecognized CPU data. st=0
[WARNING] Unrecognized CPU data. st=0
[WARNING] Unrecognized CPU data. st=0
[WARNING] Unrecognized CPU data. st=0
[WARNING] Unrecognized CPU data. st=0
[WARNING] Unrecognized CPU data. st=0
[WARNING] Unrecognized CPU data. st=0
[WARNING] Unrecognized CPU data. st=0
[WARNING] Unrecognized CPU data. st=0
[WARNING] Unrecognized CPU data. st=0
[WARNING] Unrecognized CPU data. st=0
[WARNING] Unrecognized CPU data. st=0
[WARNING] Unrecognized CPU data. st=0
[WARNING] Unrecognized CPU data. st=0
[WARNING] Unrecognized CPU data. st=0
[WARNING] Unrecognized CPU data. st=0
[WARNING] Unrecognized CPU data. st=0
[WARNING] Unrecognized CPU data. st=0
[WARNING] Unrecognized CPU data. st=0
[WARNING] Unrecognized CPU data. st=0
[WARNING] Unrecognized CPU data. st=0
[WARNING] Unrecognized CPU data. st=0
[WARNING] Unrecognized CPU data. st=0
[WARNING] Unrecognized CPU data. st=0
[WARNING] Unrecognized CPU data. st=0
[WARNING] Unrecognized CPU data. st=0
[WARNING] Unrecognized CPU data. st=0
[WARNING] Unrecognized CPU data. st=0
[WARNING] Unrecognized CPU data. st=0
[WARNING] Unrecognized CPU data. st=0
[WARNING] Unrecognized CPU data. st=0
[WARNING] Unrecognized CPU data. st=0
[WARNING] Unrecognized CPU data. st=0
[WARNING] Unrecognized CPU data. st=0
[WARNING] Unrecognized CPU data. st=0
[WARNING] Unrecognized CPU data. st=0
[WARNING] Unrecognized CPU data. st=0
[WARNING] Unrecognized CPU data. st=0
[WARNING] Unrecognized CPU data. st=0
[WARNING] Unrecognized CPU data. st=0
[WARNING] Unrecognized CPU data. st=0
[WARNING] Unrecognized CPU data. st=0
[WARNING] Unrecognized CPU data. st=0
[WARNING] Unrecognized CPU data. st=0
[WARNING] Unrecognized CPU data. st=0
[WARNING] Unrecognized CPU data. st=0
[WARNING] Unrecognized CPU data. st=0
[WARNING] Unrecognized CPU data. st=0
[WARNING] Unrecognized CPU data. st=0
[WARNING] Unrecognized CPU data. st=0
[WARNING] Unrecognized CPU data. st=0
[WARNING] Unrecognized CPU data. st=0
[WARNING] Unrecognized CPU data. st=0
[WARNING] Unrecognized CPU data. st=0
[WARNING] Unrecognized CPU data. st=0
[WARNING] Unrecognized CPU data. st=0
[WARNING] Unrecognized CPU data. st=0
[WARNING] Unrecognized CPU data. st=0
[WARNING] Unrecognized CPU data. st=0
[WARNING] Unrecognized CPU data. st=0
[WARNING] Unrecognized CPU data. st=0
[WARNING] Unrecognized CPU data. st=0
[WARNING] Unrecognized CPU data. st=0
[WARNING] Unrecognized CPU data. st=0
[WARNING] Unrecognized CPU data. st=0
[WARNING] Unrecognized CPU data. st=0
[WARNING] Unrecognized CPU data. st=0
[WARNING] Unrecognized CPU data. st=0
[WARNING] Unrecognized CPU data. st=0
[WARNING] Unrecognized CPU data. st=0
[WARNING] Unrecognized CPU data. st=0
[WARNING] Unrecognized CPU data. st=0
[WARNING] Unrecognized CPU data. st=0
[WARNING] Unrecognized CPU data. st=0
[WARNING] Unrecognized CPU data. st=0
[WARNING] Unrecognized CPU data. st=0
[WARNING] Unrecognized CPU data. st=0
[WARNING] Unrecognized CPU data. st=0
[WARNING] Unrecognized CPU data. st=0
[WARNING] Unrecognized CPU data. st=0
[WARNING] Unrecognized CPU data. st=0
[WARNING] Unrecognized CPU data. st=0
[WARNING] Unrecognized CPU data. st=0
[WARNING] Unrecognized CPU data. st=0
[WARNING] Unrecognized CPU data. st=0
[WARNING] Unrecognized CPU data. st=0
[WARNING] Unrecognized CPU data. st=0
[WARNING] Unrecognized CPU data. st=0
[WARNING] Unrecognized CPU data. st=0
[WARNING] Unrecognized CPU data. st=0
[WARNING] Unrecognized CPU data. st=0
[WARNING] Unrecognized CPU data. st=0
[WARNING] Unrecognized CPU data. st=0
[WARNING] Unrecognized CPU data. st=0
[WARNING] Unrecognized CPU data. st=0
[WARNING] Unrecognized CPU data. st=0
[WARNING] Unrecognized CPU data. st=0
[WARNING] Unrecognized CPU data. st=0
[WARNING] Unrecognized CPU data. st=0
[WARNING] Unrecognized CPU data. st=0
[WARNING] Unrecognized CPU data. st=0
[WARNING] Unrecognized CPU data. st=0
[WARNING] Unrecognized CPU data. st=0
[WARNING] Unrecognized CPU data. st=0
[WARNING] Unrecognized CPU data. st=0
[WARNING] Unrecognized CPU data. st=0
[WARNING] Unrecognized CPU data. st=0
[WARNING] Unrecognized CPU data. st=0
[WARNING] Unrecognized CPU data. st=0
[WARNING] Unrecognized CPU data. st=0
[WARNING] Unrecognized CPU data. st=0
[WARNING] Unrecognized CPU data. st=0
[WARNING] Unrecognized CPU data. st=0
[WARNING] Unrecognized CPU data. st=0
[WARNING] Unrecognized CPU data. st=0
[WARNING] Unrecognized CPU data. st=0
[WARNING] Unrecognized CPU data. st=0
[WARNING] Unrecognized CPU data. st=0
[WARNING] Unrecognized CPU data. st=0
[WARNING] Unrecognized CPU data. st=0
[WARNING] Unrecognized CPU data. st=0
[WARNING] Unrecognized CPU data. st=0
[WARNING] Unrecognized CPU data. st=0
[WARNING] Unrecognized CPU data. st=0
[WARNING] Unrecognized CPU data. st=0
[WARNING] Unrecognized CPU data. st=0
[WARNING] Unrecognized CPU data. st=0
[WARNING] Unrecognized CPU data. st=0
[WARNING] Unrecognized CPU data. st=0
[WARNING] Unrecognized CPU data. st=0
[WARNING] Unrecognized CPU data. st=0
[WARNING] Unrecognized CPU data. st=0
[WARNING] Unrecognized CPU data. st=0
[WARNING] Unrecognized CPU data. st=0
[WARNING] Unrecognized CPU data. st=0
[WARNING] Unrecognized CPU data. st=0
[WARNING] Unrecognized CPU data. st=0
[WARNING] Unrecognized CPU data. st=0
[WARNING] Unrecognized CPU data. st=0
[WARNING] Unrecognized CPU data. st=0
[WARNING] Unrecognized CPU data. st=0
[WARNING] Unrecognized CPU data. st=0
[WARNING] Unrecognized CPU data. st=0
[WARNING] Unrecognized CPU data. st=0
[WARNING] Unrecognized CPU data. st=0
[WARNING] Unrecognized CPU data. st=0
[WARNING] Unrecognized CPU data. st=0
[WARNING] Unrecognized CPU data. st=0
[WARNING] Unrecognized CPU data. st=0
[WARNING] Unrecognized CPU data. st=0
[WARNING] Unrecognized CPU data. st=0
[WARNING] Unrecognized CPU data. st=0
[WARNING] Unrecognized CPU data. st=0
[WARNING] Unrecognized CPU data. st=0
[WARNING] Unrecognized CPU data. st=0
[WARNING] Unrecognized CPU data. st=0
[WARNING] Unrecognized CPU data. st=0
[WARNING] Unrecognized CPU data. st=0
[WARNING] Unrecognized CPU data. st=0
[WARNING] Unrecognized CPU data. st=0
[WARNING] Unrecognized CPU data. st=0
[WARNING] Unrecognized CPU data. st=0
[WARNING] Unrecognized CPU data. st=0
[WARNING] Unrecognized CPU data. st=0
[WARNING] Unrecognized CPU data. st=0
[WARNING] Unrecognized CPU data. st=0
[WARNING] Unrecognized CPU data. st=0
[WARNING] Unrecognized CPU data. st=0
[WARNING] Unrecognized CPU data. st=0
[WARNING] Unrecognized CPU data. st=0
[WARNING] Unrecognized CPU data. st=0
[WARNING] Unrecognized CPU data. st=0
[WARNING] Unrecognized CPU data. st=0
[WARNING] Unrecognized CPU data. st=0
[WARNING] Unrecognized CPU data. st=0
[WARNING] Unrecognized CPU data. st=0
[WARNING] Unrecognized CPU data. st=0
[WARNING] Unrecognized CPU data. st=0
[WARNING] Unrecognized CPU data. st=0
[WARNING] Unrecognized CPU data. st=0
[WARNING] Unrecognized CPU data. st=0
[WARNING] Unrecognized CPU data. st=0
[WARNING] Unrecognized CPU data. st=0
[WARNING] Unrecognized CPU data. st=0
[WARNING] Unrecognized CPU data. st=0
[WARNING] Unrecognized CPU data. st=0
[WARNING] Unrecognized CPU data. st=0
[WARNING] Unrecognized CPU data. st=0
[WARNING] Unrecognized CPU data. st=0
[WARNING] Unrecognized CPU data. st=0
[WARNING] Unrecognized CPU data. st=0
[WARNING] Unrecognized CPU data. st=0
[WARNING] Unrecognized CPU data. st=0
[WARNING] Unrecognized CPU data. st=0
[WARNING] Unrecognized CPU data. st=0
[WARNING] Unrecognized CPU data. st=0
[WARNING] Unrecognized CPU data. st=0
[WARNING] Unrecognized CPU data. st=0
[WARNING] Unrecognized CPU data. st=0
[WARNING] Unrecognized CPU data. st=0
[WARNING] Unrecognized CPU data. st=0
[WARNING] Unrecognized CPU data. st=0
[WARNING] Unrecognized CPU data. st=0
[WARNING] Unrecognized CPU data. st=0
[WARNING] Unrecognized CPU data. st=0
[WARNING] Unrecognized CPU data. st=0
[WARNING] Unrecognized CPU data. st=0
[WARNING] Unrecognized CPU data. st=0
#########################################
####    SYSTEM THROUGHPUT SUMMARY    ####
#########################################
System Total Throughput: 563392
System Total Clients: 8
System Average Throughput: 1877.9733333333334
System Average Throughput Excluding Min/Max: 1870.0033333333333
System Average Client Throughput: 234.74666666666667
System Average Client Throughput Excluding Min/Max: 233.75041666666667
Min Client Throughput Per Sample: clientName=tx_p_blk_cta_pta_1-beelink3_consumer4JmsConsumer5, value=0
Max Client Throughput Per Sample: clientName=tx_p_blk_cta_pta_1-beelink3_consumer4JmsConsumer1, value=301
Min Client Total Throughput: clientName=tx_p_blk_cta_pta_1-beelink3_consumer4JmsConsumer6, value=70338
Max Client Total Throughput: clientName=tx_p_blk_cta_pta_1-beelink3_consumer4JmsConsumer3, value=70939
Min Average Client Throughput: clientName=tx_p_blk_cta_pta_1-beelink3_consumer4JmsConsumer6, value=234.46
Max Average Client Throughput: clientName=tx_p_blk_cta_pta_1-beelink3_consumer4JmsConsumer3, value=236.46333333333334
Min Average Client Throughput Excluding Min/Max: clientName=tx_p_blk_cta_pta_1-beelink3_consumer4JmsConsumer0, value=233.46
Max Average Client Throughput Excluding Min/Max: clientName=tx_p_blk_cta_pta_1-beelink3_consumer4JmsConsumer3, value=235.47
########################################
####    SYSTEM CPU USAGE SUMMARY    ####
########################################
Total Blocks Received: 6
Ave Blocks Received: 0.02
Total Blocks Sent: 6523
Ave Blocks Sent: 21.743333333333332
Total Context Switches: 27259622
Ave Context Switches: 90865.40666666666
Total User Time: 2692
Ave User Time: 8.973333333333333
Total System Time: 2122
Ave System Time: 7.073333333333333
Total Idle Time: 25174
Ave Idle Time: 83.91333333333333
Total Wait Time: 5
Ave Wait Time: 0.016666666666666666
[INFO] Created performance report: /home/jowest/msgaas/amqp-perf-test/./target/tx_p_blk_cta_pta_1-beelink3_consumer4JmsConsumer_numClients8_numDests1_equal.xml
[INFO] ------------------------------------------------------------------------
[INFO] BUILD SUCCESS
[INFO] ------------------------------------------------------------------------
[INFO] Total time: 05:00 min
[INFO] Finished at: 2021-02-10T08:03:01-05:00
[INFO] ------------------------------------------------------------------------
