[INFO] Scanning for projects...
[INFO] 
[INFO] -----------------< org.jboss.examples:amqp-perf-test >------------------
[INFO] Building ActiveMQ Perf: AMQP Perf Test 1.0.0-SNAPSHOT
[INFO] --------------------------------[ jar ]---------------------------------
[INFO] 
[INFO] --- activemq-perf-maven-plugin:5.11.0:producer (default-cli) @ amqp-perf-test ---
[INFO] Loading properties file: /home/jowest/msgaas/amqp-perf-test/src/main/resources/p_blk_caa_paa_3-beelink3_producer4-amqp-producer.properties
[INFO] Created: org.apache.qpid.jms.JmsConnectionFactory using SPIConnectionFactory: org.jboss.examples.amqp.spi.AMQPReflectionSPIConnectionFactory
[INFO] Creating queue: queue://TEST.PERF
[INFO] Creating queue: queue://TEST.PERF
[INFO] Creating queue: queue://TEST.PERF
[INFO] Creating queue: queue://TEST.PERF
[INFO] Creating queue: queue://TEST.PERF
[INFO] Creating queue: queue://TEST.PERF
[INFO] Creating queue: queue://TEST.PERF
[INFO] Creating queue: queue://TEST.PERF
[INFO] Creating queue: queue://TEST.PERF
[INFO] Creating queue: queue://TEST.PERF
[INFO] Creating queue: queue://TEST.PERF
[INFO] Creating queue: queue://TEST.PERF
[INFO] Creating queue: queue://TEST.PERF
[INFO] Creating queue: queue://TEST.PERF
[INFO] Creating queue: queue://TEST.PERF
[INFO] Creating queue: queue://TEST.PERF
[INFO] Creating queue: queue://TEST.PERF
[INFO] Creating queue: queue://TEST.PERF
[INFO] Creating queue: queue://TEST.PERF
[INFO] Creating queue: queue://TEST.PERF
[INFO] Creating queue: queue://TEST.PERF
[INFO] Creating queue: queue://TEST.PERF
[INFO] Creating queue: queue://TEST.PERF
[INFO] Creating queue: queue://TEST.PERF
[INFO] Creating queue: queue://TEST.PERF
[INFO] Creating queue: queue://TEST.PERF
[INFO] Creating queue: queue://TEST.PERF
[INFO] Creating queue: queue://TEST.PERF
[INFO] Creating queue: queue://TEST.PERF
[INFO] Creating queue: queue://TEST.PERF
[INFO] Creating queue: queue://TEST.PERF
[INFO] Creating queue: queue://TEST.PERF
[INFO] Creating queue: queue://TEST.PERF
[INFO] Creating queue: queue://TEST.PERF
[INFO] Creating queue: queue://TEST.PERF
[INFO] Creating queue: queue://TEST.PERF
[INFO] Creating queue: queue://TEST.PERF
[INFO] Creating queue: queue://TEST.PERF
[INFO] Best match for SASL auth was: SASL-PLAIN
[INFO] Best match for SASL auth was: SASL-PLAIN
[INFO] Best match for SASL auth was: SASL-PLAIN
[INFO] Best match for SASL auth was: SASL-PLAIN
[INFO] Best match for SASL auth was: SASL-PLAIN
[INFO] Best match for SASL auth was: SASL-PLAIN
[INFO] Best match for SASL auth was: SASL-PLAIN
[INFO] Best match for SASL auth was: SASL-PLAIN
[INFO] Best match for SASL auth was: SASL-PLAIN
[INFO] Connection ID:beelink3.milab.joshwest.me-38737-1612878456438-0:11 connected to remote Broker: amqp://vivo2.milab.joshwest.me:5672
[INFO] Connection ID:beelink3.milab.joshwest.me-38737-1612878456438-0:5 connected to remote Broker: amqp://vivo2.milab.joshwest.me:5672
[INFO] Connection ID:beelink3.milab.joshwest.me-38737-1612878456438-0:18 connected to remote Broker: amqp://vivo2.milab.joshwest.me:5672
[INFO] Creating JMS Connection: Provider=QpidJMS-0.5.0, JMS Spec=1.1
[INFO] Connection ID:beelink3.milab.joshwest.me-38737-1612878456438-0:22 connected to remote Broker: amqp://vivo2.milab.joshwest.me:5672
[INFO] Creating JMS Connection: Provider=QpidJMS-0.5.0, JMS Spec=1.1
[INFO] Connection ID:beelink3.milab.joshwest.me-38737-1612878456438-0:6 connected to remote Broker: amqp://vivo2.milab.joshwest.me:5672
[INFO] Creating JMS Connection: Provider=QpidJMS-0.5.0, JMS Spec=1.1
[INFO] Creating JMS Connection: Provider=QpidJMS-0.5.0, JMS Spec=1.1
[INFO] Best match for SASL auth was: SASL-PLAIN
[INFO] Best match for SASL auth was: SASL-PLAIN
[INFO] Best match for SASL auth was: SASL-PLAIN
[INFO] Best match for SASL auth was: SASL-PLAIN
[INFO] Best match for SASL auth was: SASL-PLAIN
[INFO] Best match for SASL auth was: SASL-PLAIN
[INFO] Creating JMS Connection: Provider=QpidJMS-0.5.0, JMS Spec=1.1
[INFO] Connection ID:beelink3.milab.joshwest.me-38737-1612878456438-0:30 connected to remote Broker: amqp://vivo2.milab.joshwest.me:5672
[INFO] Creating JMS Connection: Provider=QpidJMS-0.5.0, JMS Spec=1.1
[INFO] Best match for SASL auth was: SASL-PLAIN
[INFO] Best match for SASL auth was: SASL-PLAIN
[INFO] Connection ID:beelink3.milab.joshwest.me-38737-1612878456438-0:3 connected to remote Broker: amqp://vivo2.milab.joshwest.me:5672
[INFO] Creating JMS Connection: Provider=QpidJMS-0.5.0, JMS Spec=1.1
[INFO] Connection ID:beelink3.milab.joshwest.me-38737-1612878456438-0:31 connected to remote Broker: amqp://vivo2.milab.joshwest.me:5672
[INFO] Creating JMS Connection: Provider=QpidJMS-0.5.0, JMS Spec=1.1
[INFO] Connection ID:beelink3.milab.joshwest.me-38737-1612878456438-0:17 connected to remote Broker: amqp://vivo2.milab.joshwest.me:5672
[INFO] Creating JMS Connection: Provider=QpidJMS-0.5.0, JMS Spec=1.1
[INFO] Creating queue: queue://TEST.PERF
[INFO] Creating queue: queue://TEST.PERF
[INFO] Connection ID:beelink3.milab.joshwest.me-38737-1612878456438-0:7 connected to remote Broker: amqp://vivo2.milab.joshwest.me:5672
[INFO] Creating JMS Connection: Provider=QpidJMS-0.5.0, JMS Spec=1.1
[INFO] Connection ID:beelink3.milab.joshwest.me-38737-1612878456438-0:14 connected to remote Broker: amqp://vivo2.milab.joshwest.me:5672
[INFO] Connection ID:beelink3.milab.joshwest.me-38737-1612878456438-0:8 connected to remote Broker: amqp://vivo2.milab.joshwest.me:5672
[INFO] Connection ID:beelink3.milab.joshwest.me-38737-1612878456438-0:4 connected to remote Broker: amqp://vivo2.milab.joshwest.me:5672
[INFO] Creating JMS Connection: Provider=QpidJMS-0.5.0, JMS Spec=1.1
[INFO] Creating JMS Connection: Provider=QpidJMS-0.5.0, JMS Spec=1.1
[INFO] Creating JMS Connection: Provider=QpidJMS-0.5.0, JMS Spec=1.1
[INFO] Connection ID:beelink3.milab.joshwest.me-38737-1612878456438-0:21 connected to remote Broker: amqp://vivo2.milab.joshwest.me:5672
[INFO] Creating JMS Connection: Provider=QpidJMS-0.5.0, JMS Spec=1.1
[INFO] Connection ID:beelink3.milab.joshwest.me-38737-1612878456438-0:10 connected to remote Broker: amqp://vivo2.milab.joshwest.me:5672
[INFO] Connection ID:beelink3.milab.joshwest.me-38737-1612878456438-0:9 connected to remote Broker: amqp://vivo2.milab.joshwest.me:5672
[INFO] Creating JMS Connection: Provider=QpidJMS-0.5.0, JMS Spec=1.1
[INFO] Creating JMS Connection: Provider=QpidJMS-0.5.0, JMS Spec=1.1
[INFO] Best match for SASL auth was: SASL-PLAIN
[INFO] Connection ID:beelink3.milab.joshwest.me-38737-1612878456438-0:12 connected to remote Broker: amqp://vivo2.milab.joshwest.me:5672
[INFO] Creating JMS Connection: Provider=QpidJMS-0.5.0, JMS Spec=1.1
[INFO] Connection ID:beelink3.milab.joshwest.me-38737-1612878456438-0:36 connected to remote Broker: amqp://vivo2.milab.joshwest.me:5672
[INFO] Creating JMS Connection: Provider=QpidJMS-0.5.0, JMS Spec=1.1
[INFO] Best match for SASL auth was: SASL-PLAIN
[INFO] Best match for SASL auth was: SASL-PLAIN
[INFO] Creating producer to: TEST.PERF with persistent delivery.
[INFO] Starting to publish 1024 byte(s) messages for 300000 ms
[INFO] Connection ID:beelink3.milab.joshwest.me-38737-1612878456438-0:32 connected to remote Broker: amqp://vivo2.milab.joshwest.me:5672
[INFO] Creating JMS Connection: Provider=QpidJMS-0.5.0, JMS Spec=1.1
[INFO] Creating producer to: TEST.PERF with persistent delivery.
[INFO] Starting to publish 1024 byte(s) messages for 300000 ms
[INFO] Creating producer to: TEST.PERF with persistent delivery.
[INFO] Connection ID:beelink3.milab.joshwest.me-38737-1612878456438-0:13 connected to remote Broker: amqp://vivo2.milab.joshwest.me:5672
[INFO] Creating producer to: TEST.PERF with persistent delivery.
[INFO] Starting to publish 1024 byte(s) messages for 300000 ms
[INFO] Creating producer to: TEST.PERF with persistent delivery.
[INFO] Creating producer to: TEST.PERF with persistent delivery.
[INFO] Creating producer to: TEST.PERF with persistent delivery.
[INFO] Starting to publish 1024 byte(s) messages for 300000 ms
[INFO] Starting to publish 1024 byte(s) messages for 300000 ms
[INFO] Creating JMS Connection: Provider=QpidJMS-0.5.0, JMS Spec=1.1
[INFO] Creating producer to: TEST.PERF with persistent delivery.
[INFO] Starting to publish 1024 byte(s) messages for 300000 ms
[INFO] Creating producer to: TEST.PERF with persistent delivery.
[INFO] Starting to publish 1024 byte(s) messages for 300000 ms
[INFO] Creating queue: queue://TEST.PERF
[INFO] Creating producer to: TEST.PERF with persistent delivery.
[INFO] Creating producer to: TEST.PERF with persistent delivery.
[INFO] Starting to publish 1024 byte(s) messages for 300000 ms
[INFO] Creating queue: queue://TEST.PERF
[INFO] Best match for SASL auth was: SASL-PLAIN
[INFO] Creating producer to: TEST.PERF with persistent delivery.
[INFO] Starting to publish 1024 byte(s) messages for 300000 ms
[INFO] Creating producer to: TEST.PERF with persistent delivery.
[INFO] Starting to publish 1024 byte(s) messages for 300000 ms
[INFO] Starting to publish 1024 byte(s) messages for 300000 ms
[INFO] Creating producer to: TEST.PERF with persistent delivery.
[INFO] Starting to publish 1024 byte(s) messages for 300000 ms
[INFO] Creating producer to: TEST.PERF with persistent delivery.
[INFO] Starting to publish 1024 byte(s) messages for 300000 ms
[INFO] Creating producer to: TEST.PERF with persistent delivery.
[INFO] Creating producer to: TEST.PERF with persistent delivery.
[INFO] Creating producer to: TEST.PERF with persistent delivery.
[INFO] Best match for SASL auth was: SASL-PLAIN
[INFO] Starting to publish 1024 byte(s) messages for 300000 ms
[INFO] Starting to publish 1024 byte(s) messages for 300000 ms
[INFO] Starting to publish 1024 byte(s) messages for 300000 ms
[INFO] Starting to publish 1024 byte(s) messages for 300000 ms
[INFO] Creating producer to: TEST.PERF with persistent delivery.
[INFO] Connection ID:beelink3.milab.joshwest.me-38737-1612878456438-0:16 connected to remote Broker: amqp://vivo2.milab.joshwest.me:5672
[INFO] Starting to publish 1024 byte(s) messages for 300000 ms
[INFO] Creating JMS Connection: Provider=QpidJMS-0.5.0, JMS Spec=1.1
[INFO] Starting to publish 1024 byte(s) messages for 300000 ms
[INFO] Best match for SASL auth was: SASL-PLAIN
[INFO] Creating queue: queue://TEST.PERF
[INFO] Best match for SASL auth was: SASL-PLAIN
[INFO] Best match for SASL auth was: SASL-PLAIN
[INFO] Connection ID:beelink3.milab.joshwest.me-38737-1612878456438-0:25 connected to remote Broker: amqp://vivo2.milab.joshwest.me:5672
[INFO] Creating queue: queue://TEST.PERF
[INFO] Creating JMS Connection: Provider=QpidJMS-0.5.0, JMS Spec=1.1
[INFO] Creating producer to: TEST.PERF with persistent delivery.
[INFO] Starting to publish 1024 byte(s) messages for 300000 ms
[INFO] Connection ID:beelink3.milab.joshwest.me-38737-1612878456438-0:20 connected to remote Broker: amqp://vivo2.milab.joshwest.me:5672
[INFO] Creating producer to: TEST.PERF with persistent delivery.
[INFO] Connection ID:beelink3.milab.joshwest.me-38737-1612878456438-0:23 connected to remote Broker: amqp://vivo2.milab.joshwest.me:5672
[INFO] Creating JMS Connection: Provider=QpidJMS-0.5.0, JMS Spec=1.1
[INFO] Connection ID:beelink3.milab.joshwest.me-38737-1612878456438-0:28 connected to remote Broker: amqp://vivo2.milab.joshwest.me:5672
[INFO] Best match for SASL auth was: SASL-PLAIN
[INFO] Creating JMS Connection: Provider=QpidJMS-0.5.0, JMS Spec=1.1
[INFO] Creating JMS Connection: Provider=QpidJMS-0.5.0, JMS Spec=1.1
[INFO] Creating producer to: TEST.PERF with persistent delivery.
[INFO] Starting to publish 1024 byte(s) messages for 300000 ms
[INFO] Starting to publish 1024 byte(s) messages for 300000 ms
[INFO] Best match for SASL auth was: SASL-PLAIN
[INFO] Connection ID:beelink3.milab.joshwest.me-38737-1612878456438-0:33 connected to remote Broker: amqp://vivo2.milab.joshwest.me:5672
[INFO] Creating JMS Connection: Provider=QpidJMS-0.5.0, JMS Spec=1.1
[INFO] Creating producer to: TEST.PERF with persistent delivery.
[INFO] Starting to publish 1024 byte(s) messages for 300000 ms
[INFO] Creating producer to: TEST.PERF with persistent delivery.
[INFO] Starting to publish 1024 byte(s) messages for 300000 ms
[INFO] Connection ID:beelink3.milab.joshwest.me-38737-1612878456438-0:26 connected to remote Broker: amqp://vivo2.milab.joshwest.me:5672
[INFO] Creating JMS Connection: Provider=QpidJMS-0.5.0, JMS Spec=1.1
[INFO] Best match for SASL auth was: SASL-PLAIN
[INFO] Creating producer to: TEST.PERF with persistent delivery.
[INFO] Creating producer to: TEST.PERF with persistent delivery.
[INFO] Starting to publish 1024 byte(s) messages for 300000 ms
[INFO] Connection ID:beelink3.milab.joshwest.me-38737-1612878456438-0:24 connected to remote Broker: amqp://vivo2.milab.joshwest.me:5672
[INFO] Starting to publish 1024 byte(s) messages for 300000 ms
[INFO] Creating JMS Connection: Provider=QpidJMS-0.5.0, JMS Spec=1.1
[INFO] Best match for SASL auth was: SASL-PLAIN
[INFO] Best match for SASL auth was: SASL-PLAIN
[INFO] Best match for SASL auth was: SASL-PLAIN
[INFO] Best match for SASL auth was: SASL-PLAIN
[INFO] Creating queue: queue://TEST.PERF
[INFO] Creating producer to: TEST.PERF with persistent delivery.
[INFO] Starting to publish 1024 byte(s) messages for 300000 ms
[INFO] Connection ID:beelink3.milab.joshwest.me-38737-1612878456438-0:2 connected to remote Broker: amqp://vivo2.milab.joshwest.me:5672
[INFO] Connection ID:beelink3.milab.joshwest.me-38737-1612878456438-0:34 connected to remote Broker: amqp://vivo2.milab.joshwest.me:5672
[INFO] Creating queue: queue://TEST.PERF
[INFO] Best match for SASL auth was: SASL-PLAIN
[INFO] Creating queue: queue://TEST.PERF
[INFO] Creating JMS Connection: Provider=QpidJMS-0.5.0, JMS Spec=1.1
[INFO] Connection ID:beelink3.milab.joshwest.me-38737-1612878456438-0:27 connected to remote Broker: amqp://vivo2.milab.joshwest.me:5672
[INFO] Creating JMS Connection: Provider=QpidJMS-0.5.0, JMS Spec=1.1
[INFO] Best match for SASL auth was: SASL-PLAIN
[INFO] Creating JMS Connection: Provider=QpidJMS-0.5.0, JMS Spec=1.1
[INFO] Creating producer to: TEST.PERF with persistent delivery.
[INFO] Starting to publish 1024 byte(s) messages for 300000 ms
[INFO] Connection ID:beelink3.milab.joshwest.me-38737-1612878456438-0:38 connected to remote Broker: amqp://vivo2.milab.joshwest.me:5672
[INFO] Creating JMS Connection: Provider=QpidJMS-0.5.0, JMS Spec=1.1
[INFO] Creating producer to: TEST.PERF with persistent delivery.
[INFO] Starting to publish 1024 byte(s) messages for 300000 ms
[INFO] Connection ID:beelink3.milab.joshwest.me-38737-1612878456438-0:19 connected to remote Broker: amqp://vivo2.milab.joshwest.me:5672
[INFO] Creating JMS Connection: Provider=QpidJMS-0.5.0, JMS Spec=1.1
[INFO] Creating queue: queue://TEST.PERF
[INFO] Creating producer to: TEST.PERF with persistent delivery.
[INFO] Starting to publish 1024 byte(s) messages for 300000 ms
[INFO] Creating queue: queue://TEST.PERF
[INFO] Creating producer to: TEST.PERF with persistent delivery.
[INFO] Connection ID:beelink3.milab.joshwest.me-38737-1612878456438-0:37 connected to remote Broker: amqp://vivo2.milab.joshwest.me:5672
[INFO] Creating queue: queue://TEST.PERF
[INFO] Starting to publish 1024 byte(s) messages for 300000 ms
[INFO] Creating producer to: TEST.PERF with persistent delivery.
[INFO] Starting to publish 1024 byte(s) messages for 300000 ms
[INFO] Creating JMS Connection: Provider=QpidJMS-0.5.0, JMS Spec=1.1
[INFO] Creating producer to: TEST.PERF with persistent delivery.
[INFO] Creating queue: queue://TEST.PERF
[INFO] Starting to publish 1024 byte(s) messages for 300000 ms
[INFO] Creating queue: queue://TEST.PERF
[INFO] Creating producer to: TEST.PERF with persistent delivery.
[INFO] Starting to publish 1024 byte(s) messages for 300000 ms
[INFO] Creating queue: queue://TEST.PERF
[INFO] Creating queue: queue://TEST.PERF
[INFO] Creating queue: queue://TEST.PERF
[INFO] Creating queue: queue://TEST.PERF
[INFO] Best match for SASL auth was: SASL-PLAIN
[INFO] Creating queue: queue://TEST.PERF
[INFO] Creating queue: queue://TEST.PERF
[INFO] Best match for SASL auth was: SASL-PLAIN
[INFO] Connection ID:beelink3.milab.joshwest.me-38737-1612878456438-0:29 connected to remote Broker: amqp://vivo2.milab.joshwest.me:5672
[INFO] Creating queue: queue://TEST.PERF
[INFO] Creating JMS Connection: Provider=QpidJMS-0.5.0, JMS Spec=1.1
[INFO] Creating queue: queue://TEST.PERF
[INFO] Best match for SASL auth was: SASL-PLAIN
[INFO] Best match for SASL auth was: SASL-PLAIN
[INFO] Creating producer to: TEST.PERF with persistent delivery.
[INFO] Starting to publish 1024 byte(s) messages for 300000 ms
[INFO] Connection ID:beelink3.milab.joshwest.me-38737-1612878456438-0:15 connected to remote Broker: amqp://vivo2.milab.joshwest.me:5672
[INFO] Creating JMS Connection: Provider=QpidJMS-0.5.0, JMS Spec=1.1
[INFO] Creating producer to: TEST.PERF with persistent delivery.
[INFO] Starting to publish 1024 byte(s) messages for 300000 ms
[INFO] Connection ID:beelink3.milab.joshwest.me-38737-1612878456438-0:44 connected to remote Broker: amqp://vivo2.milab.joshwest.me:5672
[INFO] Creating JMS Connection: Provider=QpidJMS-0.5.0, JMS Spec=1.1
[INFO] Connection ID:beelink3.milab.joshwest.me-38737-1612878456438-0:35 connected to remote Broker: amqp://vivo2.milab.joshwest.me:5672
[INFO] Creating JMS Connection: Provider=QpidJMS-0.5.0, JMS Spec=1.1
[INFO] Creating producer to: TEST.PERF with persistent delivery.
[INFO] Starting to publish 1024 byte(s) messages for 300000 ms
[INFO] Creating producer to: TEST.PERF with persistent delivery.
[INFO] Starting to publish 1024 byte(s) messages for 300000 ms
[INFO] Creating queue: queue://TEST.PERF
[INFO] Creating queue: queue://TEST.PERF
[INFO] Creating queue: queue://TEST.PERF
[INFO] Creating queue: queue://TEST.PERF
[INFO] Best match for SASL auth was: SASL-PLAIN
[INFO] Best match for SASL auth was: SASL-PLAIN
[INFO] Connection ID:beelink3.milab.joshwest.me-38737-1612878456438-0:39 connected to remote Broker: amqp://vivo2.milab.joshwest.me:5672
[INFO] Creating JMS Connection: Provider=QpidJMS-0.5.0, JMS Spec=1.1
[INFO] Best match for SASL auth was: SASL-PLAIN
[INFO] Connection ID:beelink3.milab.joshwest.me-38737-1612878456438-0:40 connected to remote Broker: amqp://vivo2.milab.joshwest.me:5672
[INFO] Creating producer to: TEST.PERF with persistent delivery.
[INFO] Starting to publish 1024 byte(s) messages for 300000 ms
[INFO] Creating JMS Connection: Provider=QpidJMS-0.5.0, JMS Spec=1.1
[INFO] Best match for SASL auth was: SASL-PLAIN
[INFO] Creating producer to: TEST.PERF with persistent delivery.
[INFO] Starting to publish 1024 byte(s) messages for 300000 ms
[INFO] Connection ID:beelink3.milab.joshwest.me-38737-1612878456438-0:53 connected to remote Broker: amqp://vivo2.milab.joshwest.me:5672
[INFO] Creating JMS Connection: Provider=QpidJMS-0.5.0, JMS Spec=1.1
[INFO] Connection ID:beelink3.milab.joshwest.me-38737-1612878456438-0:42 connected to remote Broker: amqp://vivo2.milab.joshwest.me:5672
[INFO] Creating JMS Connection: Provider=QpidJMS-0.5.0, JMS Spec=1.1
[INFO] Creating producer to: TEST.PERF with persistent delivery.
[INFO] Starting to publish 1024 byte(s) messages for 300000 ms
[INFO] Creating producer to: TEST.PERF with persistent delivery.
[INFO] Starting to publish 1024 byte(s) messages for 300000 ms
[INFO] Creating queue: queue://TEST.PERF
[INFO] Creating queue: queue://TEST.PERF
[INFO] Best match for SASL auth was: SASL-PLAIN
[INFO] Connection ID:beelink3.milab.joshwest.me-38737-1612878456438-0:45 connected to remote Broker: amqp://vivo2.milab.joshwest.me:5672
[INFO] Creating JMS Connection: Provider=QpidJMS-0.5.0, JMS Spec=1.1
[INFO] Creating producer to: TEST.PERF with persistent delivery.
[INFO] Starting to publish 1024 byte(s) messages for 300000 ms
[INFO] Best match for SASL auth was: SASL-PLAIN
[INFO] Best match for SASL auth was: SASL-PLAIN
[INFO] Best match for SASL auth was: SASL-PLAIN
[INFO] Best match for SASL auth was: SASL-PLAIN
[INFO] Connection ID:beelink3.milab.joshwest.me-38737-1612878456438-0:47 connected to remote Broker: amqp://vivo2.milab.joshwest.me:5672
[INFO] Creating JMS Connection: Provider=QpidJMS-0.5.0, JMS Spec=1.1
[INFO] Best match for SASL auth was: SASL-PLAIN
[INFO] Best match for SASL auth was: SASL-PLAIN
[INFO] Connection ID:beelink3.milab.joshwest.me-38737-1612878456438-0:46 connected to remote Broker: amqp://vivo2.milab.joshwest.me:5672
[INFO] Creating queue: queue://TEST.PERF
[INFO] Best match for SASL auth was: SASL-PLAIN
[INFO] Connection ID:beelink3.milab.joshwest.me-38737-1612878456438-0:49 connected to remote Broker: amqp://vivo2.milab.joshwest.me:5672
[INFO] Creating JMS Connection: Provider=QpidJMS-0.5.0, JMS Spec=1.1
[INFO] Creating producer to: TEST.PERF with persistent delivery.
[INFO] Starting to publish 1024 byte(s) messages for 300000 ms
[INFO] Creating JMS Connection: Provider=QpidJMS-0.5.0, JMS Spec=1.1
[INFO] Connection ID:beelink3.milab.joshwest.me-38737-1612878456438-0:56 connected to remote Broker: amqp://vivo2.milab.joshwest.me:5672
[INFO] Best match for SASL auth was: SASL-PLAIN
[INFO] Best match for SASL auth was: SASL-PLAIN
[INFO] Creating producer to: TEST.PERF with persistent delivery.
[INFO] Connection ID:beelink3.milab.joshwest.me-38737-1612878456438-0:65 connected to remote Broker: amqp://vivo2.milab.joshwest.me:5672
[INFO] Connection ID:beelink3.milab.joshwest.me-38737-1612878456438-0:43 connected to remote Broker: amqp://vivo2.milab.joshwest.me:5672
[INFO] Creating producer to: TEST.PERF with persistent delivery.
[INFO] Creating JMS Connection: Provider=QpidJMS-0.5.0, JMS Spec=1.1
[INFO] Starting to publish 1024 byte(s) messages for 300000 ms
[INFO] Creating JMS Connection: Provider=QpidJMS-0.5.0, JMS Spec=1.1
[INFO] Creating JMS Connection: Provider=QpidJMS-0.5.0, JMS Spec=1.1
[INFO] Starting to publish 1024 byte(s) messages for 300000 ms
[INFO] Best match for SASL auth was: SASL-PLAIN
[INFO] Best match for SASL auth was: SASL-PLAIN
[INFO] Connection ID:beelink3.milab.joshwest.me-38737-1612878456438-0:51 connected to remote Broker: amqp://vivo2.milab.joshwest.me:5672
[INFO] Creating JMS Connection: Provider=QpidJMS-0.5.0, JMS Spec=1.1
[INFO] Best match for SASL auth was: SASL-PLAIN
[INFO] Creating producer to: TEST.PERF with persistent delivery.
[INFO] Starting to publish 1024 byte(s) messages for 300000 ms
[INFO] Creating producer to: TEST.PERF with persistent delivery.
[INFO] Creating queue: queue://TEST.PERF
[INFO] Best match for SASL auth was: SASL-PLAIN
[INFO] Creating queue: queue://TEST.PERF
[INFO] Starting to publish 1024 byte(s) messages for 300000 ms
[INFO] Creating producer to: TEST.PERF with persistent delivery.
[INFO] Starting to publish 1024 byte(s) messages for 300000 ms
[INFO] Creating queue: queue://TEST.PERF
[INFO] Creating producer to: TEST.PERF with persistent delivery.
[INFO] Starting to publish 1024 byte(s) messages for 300000 ms
[INFO] Best match for SASL auth was: SASL-PLAIN
[INFO] Connection ID:beelink3.milab.joshwest.me-38737-1612878456438-0:52 connected to remote Broker: amqp://vivo2.milab.joshwest.me:5672
[INFO] Creating JMS Connection: Provider=QpidJMS-0.5.0, JMS Spec=1.1
[INFO] Connection ID:beelink3.milab.joshwest.me-38737-1612878456438-0:62 connected to remote Broker: amqp://vivo2.milab.joshwest.me:5672
[INFO] Connection ID:beelink3.milab.joshwest.me-38737-1612878456438-0:41 connected to remote Broker: amqp://vivo2.milab.joshwest.me:5672
[INFO] Creating JMS Connection: Provider=QpidJMS-0.5.0, JMS Spec=1.1
[INFO] Creating JMS Connection: Provider=QpidJMS-0.5.0, JMS Spec=1.1
[INFO] Connection ID:beelink3.milab.joshwest.me-38737-1612878456438-0:63 connected to remote Broker: amqp://vivo2.milab.joshwest.me:5672
[INFO] Creating JMS Connection: Provider=QpidJMS-0.5.0, JMS Spec=1.1
[INFO] Creating producer to: TEST.PERF with persistent delivery.
[INFO] Starting to publish 1024 byte(s) messages for 300000 ms
[INFO] Creating producer to: TEST.PERF with persistent delivery.
[INFO] Starting to publish 1024 byte(s) messages for 300000 ms
[INFO] Best match for SASL auth was: SASL-PLAIN
[INFO] Best match for SASL auth was: SASL-PLAIN
[INFO] Connection ID:beelink3.milab.joshwest.me-38737-1612878456438-0:50 connected to remote Broker: amqp://vivo2.milab.joshwest.me:5672
[INFO] Connection ID:beelink3.milab.joshwest.me-38737-1612878456438-0:57 connected to remote Broker: amqp://vivo2.milab.joshwest.me:5672
[INFO] Creating producer to: TEST.PERF with persistent delivery.
[INFO] Starting to publish 1024 byte(s) messages for 300000 ms
[INFO] Best match for SASL auth was: SASL-PLAIN
[INFO] Best match for SASL auth was: SASL-PLAIN
[INFO] Creating producer to: TEST.PERF with persistent delivery.
[INFO] Creating JMS Connection: Provider=QpidJMS-0.5.0, JMS Spec=1.1
[INFO] Creating JMS Connection: Provider=QpidJMS-0.5.0, JMS Spec=1.1
[INFO] Starting to publish 1024 byte(s) messages for 300000 ms
[INFO] Creating producer to: TEST.PERF with persistent delivery.
[INFO] Best match for SASL auth was: SASL-PLAIN
[INFO] Starting to publish 1024 byte(s) messages for 300000 ms
[INFO] Connection ID:beelink3.milab.joshwest.me-38737-1612878456438-0:48 connected to remote Broker: amqp://vivo2.milab.joshwest.me:5672
[INFO] Creating JMS Connection: Provider=QpidJMS-0.5.0, JMS Spec=1.1
[INFO] Connection ID:beelink3.milab.joshwest.me-38737-1612878456438-0:61 connected to remote Broker: amqp://vivo2.milab.joshwest.me:5672
[INFO] Connection ID:beelink3.milab.joshwest.me-38737-1612878456438-0:64 connected to remote Broker: amqp://vivo2.milab.joshwest.me:5672
[INFO] Creating producer to: TEST.PERF with persistent delivery.
[INFO] Creating JMS Connection: Provider=QpidJMS-0.5.0, JMS Spec=1.1
[INFO] Connection ID:beelink3.milab.joshwest.me-38737-1612878456438-0:60 connected to remote Broker: amqp://vivo2.milab.joshwest.me:5672
[INFO] Starting to publish 1024 byte(s) messages for 300000 ms
[INFO] Creating JMS Connection: Provider=QpidJMS-0.5.0, JMS Spec=1.1
[INFO] Creating JMS Connection: Provider=QpidJMS-0.5.0, JMS Spec=1.1
[INFO] Creating producer to: TEST.PERF with persistent delivery.
[INFO] Starting to publish 1024 byte(s) messages for 300000 ms
[INFO] Creating producer to: TEST.PERF with persistent delivery.
[INFO] Creating producer to: TEST.PERF with persistent delivery.
[INFO] Starting to publish 1024 byte(s) messages for 300000 ms
[INFO] Starting to publish 1024 byte(s) messages for 300000 ms
[INFO] Best match for SASL auth was: SASL-PLAIN
[INFO] Best match for SASL auth was: SASL-PLAIN
[INFO] Best match for SASL auth was: SASL-PLAIN
[INFO] Creating queue: queue://TEST.PERF
[INFO] Best match for SASL auth was: SASL-PLAIN
[INFO] Creating queue: queue://TEST.PERF
[INFO] Connection ID:beelink3.milab.joshwest.me-38737-1612878456438-0:58 connected to remote Broker: amqp://vivo2.milab.joshwest.me:5672
[INFO] Creating JMS Connection: Provider=QpidJMS-0.5.0, JMS Spec=1.1
[INFO] Creating queue: queue://TEST.PERF
[INFO] Creating queue: queue://TEST.PERF
[INFO] Creating producer to: TEST.PERF with persistent delivery.
[INFO] Starting to publish 1024 byte(s) messages for 300000 ms
[INFO] Creating queue: queue://TEST.PERF
[INFO] Creating queue: queue://TEST.PERF
[INFO] Connection ID:beelink3.milab.joshwest.me-38737-1612878456438-0:68 connected to remote Broker: amqp://vivo2.milab.joshwest.me:5672
[INFO] Creating JMS Connection: Provider=QpidJMS-0.5.0, JMS Spec=1.1
[INFO] Creating queue: queue://TEST.PERF
[INFO] Connection ID:beelink3.milab.joshwest.me-38737-1612878456438-0:54 connected to remote Broker: amqp://vivo2.milab.joshwest.me:5672
[INFO] Creating JMS Connection: Provider=QpidJMS-0.5.0, JMS Spec=1.1
[INFO] Connection ID:beelink3.milab.joshwest.me-38737-1612878456438-0:67 connected to remote Broker: amqp://vivo2.milab.joshwest.me:5672
[INFO] Creating JMS Connection: Provider=QpidJMS-0.5.0, JMS Spec=1.1
[INFO] Best match for SASL auth was: SASL-PLAIN
[INFO] Best match for SASL auth was: SASL-PLAIN
[INFO] Best match for SASL auth was: SASL-PLAIN
[INFO] Creating producer to: TEST.PERF with persistent delivery.
[INFO] Starting to publish 1024 byte(s) messages for 300000 ms
[INFO] Best match for SASL auth was: SASL-PLAIN
[INFO] Creating producer to: TEST.PERF with persistent delivery.
[INFO] Starting to publish 1024 byte(s) messages for 300000 ms
[INFO] Creating queue: queue://TEST.PERF
[INFO] Creating queue: queue://TEST.PERF
[INFO] Connection ID:beelink3.milab.joshwest.me-38737-1612878456438-0:71 connected to remote Broker: amqp://vivo2.milab.joshwest.me:5672
[INFO] Creating producer to: TEST.PERF with persistent delivery.
[INFO] Connection ID:beelink3.milab.joshwest.me-38737-1612878456438-0:70 connected to remote Broker: amqp://vivo2.milab.joshwest.me:5672
[INFO] Creating JMS Connection: Provider=QpidJMS-0.5.0, JMS Spec=1.1
[INFO] Starting to publish 1024 byte(s) messages for 300000 ms
[INFO] Connection ID:beelink3.milab.joshwest.me-38737-1612878456438-0:66 connected to remote Broker: amqp://vivo2.milab.joshwest.me:5672
[INFO] Creating JMS Connection: Provider=QpidJMS-0.5.0, JMS Spec=1.1
[INFO] Creating JMS Connection: Provider=QpidJMS-0.5.0, JMS Spec=1.1
[INFO] Connection ID:beelink3.milab.joshwest.me-38737-1612878456438-0:69 connected to remote Broker: amqp://vivo2.milab.joshwest.me:5672
[INFO] Creating JMS Connection: Provider=QpidJMS-0.5.0, JMS Spec=1.1
[INFO] Creating producer to: TEST.PERF with persistent delivery.
[INFO] Starting to publish 1024 byte(s) messages for 300000 ms
[INFO] Creating producer to: TEST.PERF with persistent delivery.
[INFO] Starting to publish 1024 byte(s) messages for 300000 ms
[INFO] Creating producer to: TEST.PERF with persistent delivery.
[INFO] Starting to publish 1024 byte(s) messages for 300000 ms
[INFO] Best match for SASL auth was: SASL-PLAIN
[INFO] Connection ID:beelink3.milab.joshwest.me-38737-1612878456438-0:75 connected to remote Broker: amqp://vivo2.milab.joshwest.me:5672
[INFO] Creating JMS Connection: Provider=QpidJMS-0.5.0, JMS Spec=1.1
[INFO] Creating producer to: TEST.PERF with persistent delivery.
[INFO] Starting to publish 1024 byte(s) messages for 300000 ms
[INFO] Creating queue: queue://TEST.PERF
[INFO] Creating queue: queue://TEST.PERF
[INFO] Best match for SASL auth was: SASL-PLAIN
[INFO] Best match for SASL auth was: SASL-PLAIN
[INFO] Creating queue: queue://TEST.PERF
[INFO] Best match for SASL auth was: SASL-PLAIN
[INFO] Best match for SASL auth was: SASL-PLAIN
[INFO] Best match for SASL auth was: SASL-PLAIN
[INFO] Connection ID:beelink3.milab.joshwest.me-38737-1612878456438-0:73 connected to remote Broker: amqp://vivo2.milab.joshwest.me:5672
[INFO] Connection ID:beelink3.milab.joshwest.me-38737-1612878456438-0:76 connected to remote Broker: amqp://vivo2.milab.joshwest.me:5672
[INFO] Creating JMS Connection: Provider=QpidJMS-0.5.0, JMS Spec=1.1
[INFO] Creating JMS Connection: Provider=QpidJMS-0.5.0, JMS Spec=1.1
[INFO] Creating queue: queue://TEST.PERF
[INFO] Creating queue: queue://TEST.PERF
[INFO] Best match for SASL auth was: SASL-PLAIN
[INFO] Connection ID:beelink3.milab.joshwest.me-38737-1612878456438-0:77 connected to remote Broker: amqp://vivo2.milab.joshwest.me:5672
[INFO] Creating queue: queue://TEST.PERF
[INFO] Creating queue: queue://TEST.PERF
[INFO] Creating JMS Connection: Provider=QpidJMS-0.5.0, JMS Spec=1.1
[INFO] Creating producer to: TEST.PERF with persistent delivery.
[INFO] Starting to publish 1024 byte(s) messages for 300000 ms
[INFO] Creating queue: queue://TEST.PERF
[INFO] Creating producer to: TEST.PERF with persistent delivery.
[INFO] Creating queue: queue://TEST.PERF
[INFO] Starting to publish 1024 byte(s) messages for 300000 ms
[INFO] Creating queue: queue://TEST.PERF
[INFO] Creating queue: queue://TEST.PERF
[INFO] Creating queue: queue://TEST.PERF
[INFO] Creating queue: queue://TEST.PERF
[INFO] Creating queue: queue://TEST.PERF
[INFO] Creating queue: queue://TEST.PERF
[INFO] Connection ID:beelink3.milab.joshwest.me-38737-1612878456438-0:80 connected to remote Broker: amqp://vivo2.milab.joshwest.me:5672
[INFO] Creating producer to: TEST.PERF with persistent delivery.
[INFO] Connection ID:beelink3.milab.joshwest.me-38737-1612878456438-0:74 connected to remote Broker: amqp://vivo2.milab.joshwest.me:5672
[INFO] Starting to publish 1024 byte(s) messages for 300000 ms
[INFO] Creating JMS Connection: Provider=QpidJMS-0.5.0, JMS Spec=1.1
[INFO] Creating JMS Connection: Provider=QpidJMS-0.5.0, JMS Spec=1.1
[INFO] Connection ID:beelink3.milab.joshwest.me-38737-1612878456438-0:72 connected to remote Broker: amqp://vivo2.milab.joshwest.me:5672
[INFO] Creating JMS Connection: Provider=QpidJMS-0.5.0, JMS Spec=1.1
[INFO] Creating producer to: TEST.PERF with persistent delivery.
[INFO] Creating producer to: TEST.PERF with persistent delivery.
[INFO] Starting to publish 1024 byte(s) messages for 300000 ms
[INFO] Starting to publish 1024 byte(s) messages for 300000 ms
[INFO] Creating producer to: TEST.PERF with persistent delivery.
[INFO] Starting to publish 1024 byte(s) messages for 300000 ms
[INFO] Creating queue: queue://TEST.PERF
[INFO] Creating queue: queue://TEST.PERF
[INFO] Creating queue: queue://TEST.PERF
[INFO] Best match for SASL auth was: SASL-PLAIN
[INFO] Creating queue: queue://TEST.PERF
[INFO] Creating queue: queue://TEST.PERF
[INFO] Creating queue: queue://TEST.PERF
[INFO] Connection ID:beelink3.milab.joshwest.me-38737-1612878456438-0:79 connected to remote Broker: amqp://vivo2.milab.joshwest.me:5672
[INFO] Creating JMS Connection: Provider=QpidJMS-0.5.0, JMS Spec=1.1
[INFO] Creating producer to: TEST.PERF with persistent delivery.
[INFO] Starting to publish 1024 byte(s) messages for 300000 ms
[INFO] Best match for SASL auth was: SASL-PLAIN
[INFO] Best match for SASL auth was: SASL-PLAIN
[INFO] Best match for SASL auth was: SASL-PLAIN
[INFO] Best match for SASL auth was: SASL-PLAIN
[INFO] Best match for SASL auth was: SASL-PLAIN
[INFO] Best match for SASL auth was: SASL-PLAIN
[INFO] Best match for SASL auth was: SASL-PLAIN
[INFO] Best match for SASL auth was: SASL-PLAIN
[INFO] Connection ID:beelink3.milab.joshwest.me-38737-1612878456438-0:83 connected to remote Broker: amqp://vivo2.milab.joshwest.me:5672
[INFO] Creating JMS Connection: Provider=QpidJMS-0.5.0, JMS Spec=1.1
[INFO] Connection ID:beelink3.milab.joshwest.me-38737-1612878456438-0:82 connected to remote Broker: amqp://vivo2.milab.joshwest.me:5672
[INFO] Best match for SASL auth was: SASL-PLAIN
[INFO] Connection ID:beelink3.milab.joshwest.me-38737-1612878456438-0:90 connected to remote Broker: amqp://vivo2.milab.joshwest.me:5672
[INFO] Creating JMS Connection: Provider=QpidJMS-0.5.0, JMS Spec=1.1
[INFO] Best match for SASL auth was: SASL-PLAIN
[INFO] Creating JMS Connection: Provider=QpidJMS-0.5.0, JMS Spec=1.1
[INFO] Connection ID:beelink3.milab.joshwest.me-38737-1612878456438-0:92 connected to remote Broker: amqp://vivo2.milab.joshwest.me:5672
[INFO] Creating JMS Connection: Provider=QpidJMS-0.5.0, JMS Spec=1.1
[INFO] Connection ID:beelink3.milab.joshwest.me-38737-1612878456438-0:91 connected to remote Broker: amqp://vivo2.milab.joshwest.me:5672
[INFO] Creating JMS Connection: Provider=QpidJMS-0.5.0, JMS Spec=1.1
[INFO] Creating producer to: TEST.PERF with persistent delivery.
[INFO] Starting to publish 1024 byte(s) messages for 300000 ms
[INFO] Connection ID:beelink3.milab.joshwest.me-38737-1612878456438-0:89 connected to remote Broker: amqp://vivo2.milab.joshwest.me:5672
[INFO] Creating JMS Connection: Provider=QpidJMS-0.5.0, JMS Spec=1.1
[INFO] Connection ID:beelink3.milab.joshwest.me-38737-1612878456438-0:94 connected to remote Broker: amqp://vivo2.milab.joshwest.me:5672
[INFO] Connection ID:beelink3.milab.joshwest.me-38737-1612878456438-0:84 connected to remote Broker: amqp://vivo2.milab.joshwest.me:5672
[INFO] Creating JMS Connection: Provider=QpidJMS-0.5.0, JMS Spec=1.1
[INFO] Creating JMS Connection: Provider=QpidJMS-0.5.0, JMS Spec=1.1
[INFO] Creating producer to: TEST.PERF with persistent delivery.
[INFO] Starting to publish 1024 byte(s) messages for 300000 ms
[INFO] Creating producer to: TEST.PERF with persistent delivery.
[INFO] Starting to publish 1024 byte(s) messages for 300000 ms
[INFO] Connection ID:beelink3.milab.joshwest.me-38737-1612878456438-0:81 connected to remote Broker: amqp://vivo2.milab.joshwest.me:5672
[INFO] Creating producer to: TEST.PERF with persistent delivery.
[INFO] Creating JMS Connection: Provider=QpidJMS-0.5.0, JMS Spec=1.1
[INFO] Starting to publish 1024 byte(s) messages for 300000 ms
[INFO] Creating producer to: TEST.PERF with persistent delivery.
[INFO] Starting to publish 1024 byte(s) messages for 300000 ms
[INFO] Creating producer to: TEST.PERF with persistent delivery.
[INFO] Starting to publish 1024 byte(s) messages for 300000 ms
[INFO] Connection ID:beelink3.milab.joshwest.me-38737-1612878456438-0:59 connected to remote Broker: amqp://vivo2.milab.joshwest.me:5672
[INFO] Creating JMS Connection: Provider=QpidJMS-0.5.0, JMS Spec=1.1
[INFO] Best match for SASL auth was: SASL-PLAIN
[INFO] Best match for SASL auth was: SASL-PLAIN
[INFO] Connection ID:beelink3.milab.joshwest.me-38737-1612878456438-0:55 connected to remote Broker: amqp://vivo2.milab.joshwest.me:5672
[INFO] Creating JMS Connection: Provider=QpidJMS-0.5.0, JMS Spec=1.1
[INFO] Creating producer to: TEST.PERF with persistent delivery.
[INFO] Starting to publish 1024 byte(s) messages for 300000 ms
[INFO] Creating producer to: TEST.PERF with persistent delivery.
[INFO] Starting to publish 1024 byte(s) messages for 300000 ms
[INFO] Creating producer to: TEST.PERF with persistent delivery.
[INFO] Starting to publish 1024 byte(s) messages for 300000 ms
[INFO] Connection ID:beelink3.milab.joshwest.me-38737-1612878456438-0:88 connected to remote Broker: amqp://vivo2.milab.joshwest.me:5672
[INFO] Creating JMS Connection: Provider=QpidJMS-0.5.0, JMS Spec=1.1
[INFO] Creating producer to: TEST.PERF with persistent delivery.
[INFO] Starting to publish 1024 byte(s) messages for 300000 ms
[INFO] Connection ID:beelink3.milab.joshwest.me-38737-1612878456438-0:101 connected to remote Broker: amqp://vivo2.milab.joshwest.me:5672
[INFO] Creating JMS Connection: Provider=QpidJMS-0.5.0, JMS Spec=1.1
[INFO] Creating producer to: TEST.PERF with persistent delivery.
[INFO] Starting to publish 1024 byte(s) messages for 300000 ms
[INFO] Creating producer to: TEST.PERF with persistent delivery.
[INFO] Starting to publish 1024 byte(s) messages for 300000 ms
[INFO] Connection ID:beelink3.milab.joshwest.me-38737-1612878456438-0:78 connected to remote Broker: amqp://vivo2.milab.joshwest.me:5672
[INFO] Creating JMS Connection: Provider=QpidJMS-0.5.0, JMS Spec=1.1
[INFO] Sampling duration: 300000 ms, ramp up: 0 ms, ramp down: 0 ms
[INFO] Best match for SASL auth was: SASL-PLAIN
[INFO] Creating producer to: TEST.PERF with persistent delivery.
[INFO] Starting to publish 1024 byte(s) messages for 300000 ms
[INFO] Creating producer to: TEST.PERF with persistent delivery.
[INFO] Creating producer to: TEST.PERF with persistent delivery.
[INFO] Starting to publish 1024 byte(s) messages for 300000 ms
[INFO] Starting to publish 1024 byte(s) messages for 300000 ms
[INFO] Connection ID:beelink3.milab.joshwest.me-38737-1612878456438-0:87 connected to remote Broker: amqp://vivo2.milab.joshwest.me:5672
[INFO] Creating JMS Connection: Provider=QpidJMS-0.5.0, JMS Spec=1.1
[INFO] Creating producer to: TEST.PERF with persistent delivery.
[INFO] Starting to publish 1024 byte(s) messages for 300000 ms
[INFO] Best match for SASL auth was: SASL-PLAIN
[INFO] Creating producer to: TEST.PERF with persistent delivery.
[INFO] Starting to publish 1024 byte(s) messages for 300000 ms
[INFO] Best match for SASL auth was: SASL-PLAIN
[INFO] Connection ID:beelink3.milab.joshwest.me-38737-1612878456438-0:93 connected to remote Broker: amqp://vivo2.milab.joshwest.me:5672
[INFO] Creating JMS Connection: Provider=QpidJMS-0.5.0, JMS Spec=1.1
[INFO] Best match for SASL auth was: SASL-PLAIN
[INFO] Best match for SASL auth was: SASL-PLAIN
[INFO] Connection ID:beelink3.milab.joshwest.me-38737-1612878456438-0:98 connected to remote Broker: amqp://vivo2.milab.joshwest.me:5672
[INFO] Creating producer to: TEST.PERF with persistent delivery.
[INFO] Creating JMS Connection: Provider=QpidJMS-0.5.0, JMS Spec=1.1
[INFO] Starting to publish 1024 byte(s) messages for 300000 ms
[INFO] Connection ID:beelink3.milab.joshwest.me-38737-1612878456438-0:99 connected to remote Broker: amqp://vivo2.milab.joshwest.me:5672
[INFO] Connection ID:beelink3.milab.joshwest.me-38737-1612878456438-0:97 connected to remote Broker: amqp://vivo2.milab.joshwest.me:5672
[INFO] Creating producer to: TEST.PERF with persistent delivery.
[INFO] Creating JMS Connection: Provider=QpidJMS-0.5.0, JMS Spec=1.1
[INFO] Creating JMS Connection: Provider=QpidJMS-0.5.0, JMS Spec=1.1
[INFO] Starting to publish 1024 byte(s) messages for 300000 ms
[INFO] Creating producer to: TEST.PERF with persistent delivery.
[INFO] Starting to publish 1024 byte(s) messages for 300000 ms
[INFO] Creating producer to: TEST.PERF with persistent delivery.
[INFO] Starting to publish 1024 byte(s) messages for 300000 ms
[INFO] Best match for SASL auth was: SASL-PLAIN
[INFO] Connection ID:beelink3.milab.joshwest.me-38737-1612878456438-0:100 connected to remote Broker: amqp://vivo2.milab.joshwest.me:5672
[INFO] Creating JMS Connection: Provider=QpidJMS-0.5.0, JMS Spec=1.1
[INFO] Creating producer to: TEST.PERF with persistent delivery.
[INFO] Starting to publish 1024 byte(s) messages for 300000 ms
[INFO] Sampling duration: 300000 ms, ramp up: 0 ms, ramp down: 0 ms
javax.jms.JMSException: Transport connection remotely closed.
	at org.apache.qpid.jms.exceptions.JmsExceptionSupport.create(JmsExceptionSupport.java:66)
	at org.apache.qpid.jms.exceptions.JmsExceptionSupport.create(JmsExceptionSupport.java:88)
	at org.apache.qpid.jms.JmsConnection.createResource(JmsConnection.java:615)
	at org.apache.qpid.jms.JmsConnection.connect(JmsConnection.java:522)
	at org.apache.qpid.jms.JmsConnection.setClientID(JmsConnection.java:305)
	at org.apache.activemq.tool.AbstractJmsClient.getConnection(AbstractJmsClient.java:92)
	at org.apache.activemq.tool.AbstractJmsClient.getSession(AbstractJmsClient.java:112)
	at org.apache.activemq.tool.AbstractJmsClient.createDestination(AbstractJmsClient.java:244)
	at org.apache.activemq.tool.AbstractJmsClient.addDestinations(AbstractJmsClient.java:161)
	at org.apache.activemq.tool.AbstractJmsClient.createDestinations(AbstractJmsClient.java:139)
	at org.apache.activemq.tool.JmsProducerClient.sendTimeBasedMessages(JmsProducerClient.java:169)
	at org.apache.activemq.tool.JmsProducerClient.sendMessages(JmsProducerClient.java:64)
	at org.apache.activemq.tool.JmsProducerClient.sendMessages(JmsProducerClient.java:70)
	at org.apache.activemq.tool.JmsProducerClient.sendMessages(JmsProducerClient.java:75)
	at org.apache.activemq.tool.JmsProducerSystem.runJmsClient(JmsProducerSystem.java:78)
	at org.apache.activemq.tool.AbstractJmsClientSystem$1.run(AbstractJmsClientSystem.java:110)
	at java.lang.Thread.run(Thread.java:748)
Caused by: java.io.IOException: Transport connection remotely closed.
	at org.apache.qpid.jms.provider.amqp.AmqpProvider$19.run(AmqpProvider.java:752)
	at java.util.concurrent.Executors$RunnableAdapter.call(Executors.java:511)
	at java.util.concurrent.FutureTask.run(FutureTask.java:266)
	at java.util.concurrent.ScheduledThreadPoolExecutor$ScheduledFutureTask.access$201(ScheduledThreadPoolExecutor.java:180)
	at java.util.concurrent.ScheduledThreadPoolExecutor$ScheduledFutureTask.run(ScheduledThreadPoolExecutor.java:293)
	at java.util.concurrent.ThreadPoolExecutor.runWorker(ThreadPoolExecutor.java:1149)
	at java.util.concurrent.ThreadPoolExecutor$Worker.run(ThreadPoolExecutor.java:624)
	... 1 more
javax.jms.JMSExcepti[on: TransIpNoFrOt]  cColnineenctt icoonm prleemtoetde
ly closed.
	at org.apache.qpid.jms.exceptions.JmsExceptionSupport.create(JmsExceptionSupport.java:66)
	at org.apache.qpid.jms.exceptions.JmsExceptionSupport.create(JmsExceptionSupport.java:88)
	at org.apache.qpid.jms.JmsConnection.createResource(JmsConnection.java:615)
	at org.apache.qpid.jms.JmsConnection.connect(JmsConnection.java:522)
	at org.apache.qpid.jms.JmsConnection.setClientID(JmsConnection.java:305)
	at org.apache.activemq.tool.AbstractJmsClient.getConnection(AbstractJmsClient.java:92)
	at org.apache.activemq.tool.AbstractJmsClient.getSession(AbstractJmsClient.java:112)
	at org.apache.activemq.tool.AbstractJmsClient.createDestination(AbstractJmsClient.java:244)
	at org.apache.activemq.tool.AbstractJmsClient.addDestinations(AbstractJmsClient.java:161)
	at org.apache.activemq.tool.AbstractJmsClient.createDestinations(AbstractJmsClient.java:139)
	at org.apache.activemq.tool.JmsProducerClient.sendTimeBasedMessages(JmsProducerClient.java:169)
	at org.apache.activemq.tool.JmsProducerClient.sendMessages(JmsProducerClient.java:64)
	at org.apache.activemq.tool.JmsProducerClient.sendMessages(JmsProducerClient.java:70)
	at org.apache.activemq.tool.JmsProducerClient.sendMessages(JmsProducerClient.java:75)
	at org.apache.activemq.tool.JmsProducerSystem.runJmsClient(JmsProducerSystem.java:78)
	at org.apache.activemq.tool.AbstractJmsClientSystem$1.run(AbstractJmsClientSystem.java:110)
	at java.lang.Thread.run(Thread.java:748)
Caused by: java.io.IOException: Transport connection remotely closed.
	at org.apache.qpid.jms.provider.amqp.AmqpProvider$19.run(AmqpProvider.java:752)
	at java.util.concurrent.Executors$RunnableAdapter.call(Executors.java:511)
	at java.util.concurrent.FutureTask.run(FutureTask.java:266)
	at java.util.concurrent.ScheduledThreadPoolExecutor$ScheduledFutureTask.access$201(ScheduledThreadPoolExecutor.java:180)
	at java.util.concurrent.ScheduledThreadPoolExecutor$ScheduledFutureTask.run(ScheduledThreadPoolExecutor.java:293)
	at java.util.concurrent.ThreadPoolExecutor.runWorker(ThreadPoolExecutor.java:1149)
	at java.util.concurrent.ThreadPoolExecutor$Worker.run(ThreadPoolExecutor.java:624)
	... 1 more
j[avaxI.NjFmOs]. JCMlSiEexncte pctoimopnl:e tTerda
nsport connection remotely closed.
	at org.apache.qpid.jms.exceptions.JmsExceptionSupport.create(JmsExceptionSupport.java:66)
	at org.apache.qpid.jms.exceptions.JmsExceptionSupport.create(JmsExceptionSupport.java:88)
	at org.apache.qpid.jms.JmsConnection.createResource(JmsConnection.java:615)
	at org.apache.qpid.jms.JmsConnection.connect(JmsConnection.java:522)
	at org.apache.qpid.jms.JmsConnection.setClientID(JmsConnection.java:305)
	at org.apache.activemq.tool.AbstractJmsClient.getConnection(AbstractJmsClient.java:92)
	at org.apache.activemq.tool.AbstractJmsClient.getSession(AbstractJmsClient.java:112)
	at org.apache.activemq.tool.AbstractJmsClient.createDestination(AbstractJmsClient.java:244)
	at org.apache.activemq.tool.AbstractJmsClient.addDestinations(AbstractJmsClient.java:161)
	at org.apache.activemq.tool.AbstractJmsClient.createDestinations(AbstractJmsClient.java:139)
	at org.apache.activemq.tool.JmsProducerClient.sendTimeBasedMessages(JmsProducerClient.java:169)
	at org.apache.activemq.tool.JmsProducerClient.sendMessages(JmsProducerClient.java:64)
	at org.apache.activemq.tool.JmsProducerClient.sendMessages(JmsProducerClient.java:70)
	at org.apache.activemq.tool.JmsProducerClient.sendMessages(JmsProducerClient.java:75)
	at org.apache.activemq.tool.JmsProducerSystem.runJmsClient(JmsProducerSystem.java:78)
	at org.apache.activemq.tool.AbstractJmsClientSystem$1.run(AbstractJmsClientSystem.java:110)
	at java.lang.Thread.run(Thread.java:748)
Caused by: java.io.IOException: Transport connection remotely closed.
	at org.apache.qpid.jms.provider.amqp.AmqpProvider$19.run(AmqpProvider.java:752)
	at java.util.concurrent.Executors$RunnableAdapter.call(Executors.java:511)
	at java.util.concurrent.FutureTask.run(FutureTask.java:266)
	at java.util.concurrent.ScheduledThreadPoolExecutor$ScheduledFutureTask.access$201(ScheduledThreadPoolExecutor.java:180)
	at java.util.concurrent.ScheduledThreadPoolExecutor$ScheduledFutureTask.run(ScheduledThreadPoolExecutor.java:293)
	at java.util.concurrent.ThreadPoolExecutor.runWorker(ThreadPoolExecutor.java:1149)
	at java.util.concurrent.ThreadPoolExecutor$Worker.run(ThreadPoolExecutor.java:624)
	... 1 more
[INjFaOv]a xC.ljimesn.tJ McSoEmxpcleeptteido
n: Transport connection remotely closed.
	at org.apache.qpid.jms.exceptions.JmsExceptionSupport.create(JmsExceptionSupport.java:66)
	at org.apache.qpid.jms.exceptions.JmsExceptionSupport.create(JmsExceptionSupport.java:88)
	at org.apache.qpid.jms.JmsConnection.createResource(JmsConnection.java:615)
	at org.apache.qpid.jms.JmsConnection.connect(JmsConnection.java:522)
	at org.apache.qpid.jms.JmsConnection.setClientID(JmsConnection.java:305)
	at org.apache.activemq.tool.AbstractJmsClient.getConnection(AbstractJmsClient.java:92)
	at org.apache.activemq.tool.AbstractJmsClient.getSession(AbstractJmsClient.java:112)
	at org.apache.activemq.tool.AbstractJmsClient.createDestination(AbstractJmsClient.java:244)
	at org.apache.activemq.tool.AbstractJmsClient.addDestinations(AbstractJmsClient.java:161)
	at org.apache.activemq.tool.AbstractJmsClient.createDestinations(AbstractJmsClient.java:139)
	at org.apache.activemq.tool.JmsProducerClient.sendTimeBasedMessages(JmsProducerClient.java:169)
	at org.apache.activemq.tool.JmsProducerClient.sendMessages(JmsProducerClient.java:64)
	at org.apache.activemq.tool.JmsProducerClient.sendMessages(JmsProducerClient.java:70)
	at org.apache.activemq.tool.JmsProducerClient.sendMessages(JmsProducerClient.java:75)
	at org.apache.activemq.tool.JmsProducerSystem.runJmsClient(JmsProducerSystem.java:78)
	at org.apache.activemq.tool.AbstractJmsClientSystem$1.run(AbstractJmsClientSystem.java:110)
	at java.lang.Thread.run(Thread.java:748)
Caused by: java.io.IOException: Transport connection remotely closed.
	at org.apache.qpid.jms.provider.amqp.AmqpProvider$19.run(AmqpProvider.java:752)
	at java.util.concurrent.Executors$RunnableAdapter.call(Executors.java:511)
	at java.util.concurrent.FutureTask.run(FutureTask.java:266)
	at java.util.concurrent.ScheduledThreadPoolExecutor$ScheduledFutureTask.access$201(ScheduledThreadPoolExecutor.java:180)
	at java.util.concurrent.ScheduledThreadPoolExecutor$ScheduledFutureTask.run(ScheduledThreadPoolExecutor.java:293)
	at java.util.concurrent.ThreadPoolExecutor.runWorker(ThreadPoolExecutor.java:1149)
	at java.util.concurrent.ThreadPoolExecutor$Worker.run(ThreadPoolExecutor.java:624)
	... 1 more
[INFO] Client completed
