[INFO] Scanning for projects...
[INFO] 
[INFO] -----------------< org.jboss.examples:amqp-perf-test >------------------
[INFO] Building ActiveMQ Perf: AMQP Perf Test 1.0.0-SNAPSHOT
[INFO] --------------------------------[ jar ]---------------------------------
[INFO] 
[INFO] --- activemq-perf-maven-plugin:5.11.0:producer (default-cli) @ amqp-perf-test ---
[INFO] Loading properties file: /home/jowest/msgaas/amqp-perf-test/src/main/resources/np_blk_caa_paa_4-beelink3_producer4-amqp-producer.properties
[INFO] Created: org.apache.qpid.jms.JmsConnectionFactory using SPIConnectionFactory: org.jboss.examples.amqp.spi.AMQPReflectionSPIConnectionFactory
[INFO] Creating queue: queue://TEST.PERF4
[INFO] Creating queue: queue://TEST.PERF4
[INFO] Creating queue: queue://TEST.PERF4
[INFO] Creating queue: queue://TEST.PERF4
[INFO] Creating queue: queue://TEST.PERF4
[INFO] Creating queue: queue://TEST.PERF4
[INFO] Creating queue: queue://TEST.PERF4
[INFO] Creating queue: queue://TEST.PERF4
[INFO] Creating queue: queue://TEST.PERF4
[INFO] Creating queue: queue://TEST.PERF4
[INFO] Creating queue: queue://TEST.PERF4
[INFO] Creating queue: queue://TEST.PERF4
[INFO] Creating queue: queue://TEST.PERF4
[INFO] Creating queue: queue://TEST.PERF4
[INFO] Creating queue: queue://TEST.PERF4
[INFO] Creating queue: queue://TEST.PERF4
[INFO] Creating queue: queue://TEST.PERF4
[INFO] Creating queue: queue://TEST.PERF4
[INFO] Creating queue: queue://TEST.PERF4
[INFO] Creating queue: queue://TEST.PERF4
[INFO] Creating queue: queue://TEST.PERF4
[INFO] Creating queue: queue://TEST.PERF4
[INFO] Creating queue: queue://TEST.PERF4
[INFO] Creating queue: queue://TEST.PERF4
[INFO] Creating queue: queue://TEST.PERF4
[INFO] Creating queue: queue://TEST.PERF4
[INFO] Creating queue: queue://TEST.PERF4
[INFO] Creating queue: queue://TEST.PERF4
[INFO] Creating queue: queue://TEST.PERF4
[INFO] Creating queue: queue://TEST.PERF4
[INFO] Creating queue: queue://TEST.PERF4
[INFO] Creating queue: queue://TEST.PERF4
[INFO] Creating queue: queue://TEST.PERF4
[INFO] Creating queue: queue://TEST.PERF4
[INFO] Creating queue: queue://TEST.PERF4
[INFO] Creating queue: queue://TEST.PERF4
[INFO] Creating queue: queue://TEST.PERF4
[INFO] Creating queue: queue://TEST.PERF4
[INFO] Best match for SASL auth was: SASL-PLAIN
[INFO] Best match for SASL auth was: SASL-PLAIN
[INFO] Best match for SASL auth was: SASL-PLAIN
[INFO] Best match for SASL auth was: SASL-PLAIN
[INFO] Best match for SASL auth was: SASL-PLAIN
[INFO] Creating queue: queue://TEST.PERF4
[INFO] Creating queue: queue://TEST.PERF4
[INFO] Creating queue: queue://TEST.PERF4
[INFO] Creating queue: queue://TEST.PERF4
[INFO] Creating queue: queue://TEST.PERF4
[INFO] Creating queue: queue://TEST.PERF4
[INFO] Creating queue: queue://TEST.PERF4
[INFO] Best match for SASL auth was: SASL-PLAIN
[INFO] Creating queue: queue://TEST.PERF4
[INFO] Best match for SASL auth was: SASL-PLAIN
[INFO] Creating queue: queue://TEST.PERF4
[INFO] Creating queue: queue://TEST.PERF4
[INFO] Creating queue: queue://TEST.PERF4
[INFO] Best match for SASL auth was: SASL-PLAIN
[INFO] Best match for SASL auth was: SASL-PLAIN
[INFO] Best match for SASL auth was: SASL-PLAIN
[INFO] Best match for SASL auth was: SASL-PLAIN
[INFO] Best match for SASL auth was: SASL-PLAIN
[INFO] Best match for SASL auth was: SASL-PLAIN
[INFO] Best match for SASL auth was: SASL-PLAIN
[INFO] Best match for SASL auth was: SASL-PLAIN
[INFO] Best match for SASL auth was: SASL-PLAIN
[INFO] Best match for SASL auth was: SASL-PLAIN
[INFO] Connection ID:beelink3.milab.joshwest.me-36405-1612938946113-0:27 connected to remote Broker: amqp://vivo2.milab.joshwest.me:5672
[INFO] Connection ID:beelink3.milab.joshwest.me-36405-1612938946113-0:3 connected to remote Broker: amqp://vivo2.milab.joshwest.me:5672
[INFO] Connection ID:beelink3.milab.joshwest.me-36405-1612938946113-0:30 connected to remote Broker: amqp://vivo2.milab.joshwest.me:5672
[INFO] Connection ID:beelink3.milab.joshwest.me-36405-1612938946113-0:6 connected to remote Broker: amqp://vivo2.milab.joshwest.me:5672
[INFO] Connection ID:beelink3.milab.joshwest.me-36405-1612938946113-0:13 connected to remote Broker: amqp://vivo2.milab.joshwest.me:5672
[INFO] Connection ID:beelink3.milab.joshwest.me-36405-1612938946113-0:10 connected to remote Broker: amqp://vivo2.milab.joshwest.me:5672
[INFO] Connection ID:beelink3.milab.joshwest.me-36405-1612938946113-0:9 connected to remote Broker: amqp://vivo2.milab.joshwest.me:5672
[INFO] Best match for SASL auth was: SASL-PLAIN
[INFO] Connection ID:beelink3.milab.joshwest.me-36405-1612938946113-0:32 connected to remote Broker: amqp://vivo2.milab.joshwest.me:5672
[INFO] Connection ID:beelink3.milab.joshwest.me-36405-1612938946113-0:4 connected to remote Broker: amqp://vivo2.milab.joshwest.me:5672
[INFO] Creating JMS Connection: Provider=QpidJMS-0.5.0, JMS Spec=1.1
[INFO] Best match for SASL auth was: SASL-PLAIN
[INFO] Creating JMS Connection: Provider=QpidJMS-0.5.0, JMS Spec=1.1
[INFO] Connection ID:beelink3.milab.joshwest.me-36405-1612938946113-0:34 connected to remote Broker: amqp://vivo2.milab.joshwest.me:5672
[INFO] Connection ID:beelink3.milab.joshwest.me-36405-1612938946113-0:17 connected to remote Broker: amqp://vivo2.milab.joshwest.me:5672
[INFO] Connection ID:beelink3.milab.joshwest.me-36405-1612938946113-0:31 connected to remote Broker: amqp://vivo2.milab.joshwest.me:5672
[INFO] Creating JMS Connection: Provider=QpidJMS-0.5.0, JMS Spec=1.1
[INFO] Connection ID:beelink3.milab.joshwest.me-36405-1612938946113-0:12 connected to remote Broker: amqp://vivo2.milab.joshwest.me:5672
[INFO] Connection ID:beelink3.milab.joshwest.me-36405-1612938946113-0:11 connected to remote Broker: amqp://vivo2.milab.joshwest.me:5672
[INFO] Creating JMS Connection: Provider=QpidJMS-0.5.0, JMS Spec=1.1
[INFO] Connection ID:beelink3.milab.joshwest.me-36405-1612938946113-0:25 connected to remote Broker: amqp://vivo2.milab.joshwest.me:5672
[INFO] Connection ID:beelink3.milab.joshwest.me-36405-1612938946113-0:20 connected to remote Broker: amqp://vivo2.milab.joshwest.me:5672
[INFO] Creating JMS Connection: Provider=QpidJMS-0.5.0, JMS Spec=1.1
[INFO] Connection ID:beelink3.milab.joshwest.me-36405-1612938946113-0:22 connected to remote Broker: amqp://vivo2.milab.joshwest.me:5672
[INFO] Creating JMS Connection: Provider=QpidJMS-0.5.0, JMS Spec=1.1
[INFO] Connection ID:beelink3.milab.joshwest.me-36405-1612938946113-0:26 connected to remote Broker: amqp://vivo2.milab.joshwest.me:5672
[INFO] Creating JMS Connection: Provider=QpidJMS-0.5.0, JMS Spec=1.1
[INFO] Creating JMS Connection: Provider=QpidJMS-0.5.0, JMS Spec=1.1
[INFO] Creating JMS Connection: Provider=QpidJMS-0.5.0, JMS Spec=1.1
[INFO] Creating JMS Connection: Provider=QpidJMS-0.5.0, JMS Spec=1.1
[INFO] Creating JMS Connection: Provider=QpidJMS-0.5.0, JMS Spec=1.1
[INFO] Creating JMS Connection: Provider=QpidJMS-0.5.0, JMS Spec=1.1
[INFO] Creating JMS Connection: Provider=QpidJMS-0.5.0, JMS Spec=1.1
[INFO] Creating JMS Connection: Provider=QpidJMS-0.5.0, JMS Spec=1.1
[INFO] Connection ID:beelink3.milab.joshwest.me-36405-1612938946113-0:29 connected to remote Broker: amqp://vivo2.milab.joshwest.me:5672
[INFO] Creating JMS Connection: Provider=QpidJMS-0.5.0, JMS Spec=1.1
[INFO] Creating JMS Connection: Provider=QpidJMS-0.5.0, JMS Spec=1.1
[INFO] Creating JMS Connection: Provider=QpidJMS-0.5.0, JMS Spec=1.1
[INFO] Creating JMS Connection: Provider=QpidJMS-0.5.0, JMS Spec=1.1
[INFO] Creating JMS Connection: Provider=QpidJMS-0.5.0, JMS Spec=1.1
[INFO] Best match for SASL auth was: SASL-PLAIN
[INFO] Best match for SASL auth was: SASL-PLAIN
[INFO] Sampling duration: 300000 ms, ramp up: 0 ms, ramp down: 0 ms
[INFO] Creating queue: queue://TEST.PERF4
[INFO] Creating  producer to: TEST.PERF4 with non-persistent delivery.
[INFO] Starting to publish 1024 byte(s) messages for 300000 ms
[INFO] Creating  producer to: TEST.PERF4 with non-persistent delivery.
[INFO] Starting to publish 1024 byte(s) messages for 300000 ms
[INFO] Creating  producer to: TEST.PERF4 with non-persistent delivery.
[INFO] Starting to publish 1024 byte(s) messages for 300000 ms
[INFO] Creating  producer to: TEST.PERF4 with non-persistent delivery.
[INFO] Starting to publish 1024 byte(s) messages for 300000 ms
[INFO] Creating  producer to: TEST.PERF4 with non-persistent delivery.
[INFO] Starting to publish 1024 byte(s) messages for 300000 ms
[INFO] Creating  producer to: TEST.PERF4 with non-persistent delivery.
[INFO] Starting to publish 1024 byte(s) messages for 300000 ms
[INFO] Creating  producer to: TEST.PERF4 with non-persistent delivery.
[INFO] Starting to publish 1024 byte(s) messages for 300000 ms
[INFO] Creating  producer to: TEST.PERF4 with non-persistent delivery.
[INFO] Starting to publish 1024 byte(s) messages for 300000 ms
[INFO] Creating  producer to: TEST.PERF4 with non-persistent delivery.
[INFO] Starting to publish 1024 byte(s) messages for 300000 ms
[INFO] Creating  producer to: TEST.PERF4 with non-persistent delivery.
[INFO] Starting to publish 1024 byte(s) messages for 300000 ms
[INFO] Creating  producer to: TEST.PERF4 with non-persistent delivery.
[INFO] Starting to publish 1024 byte(s) messages for 300000 ms
[INFO] Creating  producer to: TEST.PERF4 with non-persistent delivery.
[INFO] Starting to publish 1024 byte(s) messages for 300000 ms
[INFO] Creating  producer to: TEST.PERF4 with non-persistent delivery.
[INFO] Creating  producer to: TEST.PERF4 with non-persistent delivery.
[INFO] Creating  producer to: TEST.PERF4 with non-persistent delivery.
[INFO] Creating  producer to: TEST.PERF4 with non-persistent delivery.
[INFO] Starting to publish 1024 byte(s) messages for 300000 ms
[INFO] Connection ID:beelink3.milab.joshwest.me-36405-1612938946113-0:28 connected to remote Broker: amqp://vivo2.milab.joshwest.me:5672
[INFO] Creating  producer to: TEST.PERF4 with non-persistent delivery.
[INFO] Creating  producer to: TEST.PERF4 with non-persistent delivery.
[INFO] Starting to publish 1024 byte(s) messages for 300000 ms
[INFO] Creating JMS Connection: Provider=QpidJMS-0.5.0, JMS Spec=1.1
[INFO] Creating  producer to: TEST.PERF4 with non-persistent delivery.
[INFO] Starting to publish 1024 byte(s) messages for 300000 ms
[INFO] Starting to publish 1024 byte(s) messages for 300000 ms
[INFO] Starting to publish 1024 byte(s) messages for 300000 ms
[INFO] Starting to publish 1024 byte(s) messages for 300000 ms
[INFO] Starting to publish 1024 byte(s) messages for 300000 ms
[INFO] Creating  producer to: TEST.PERF4 with non-persistent delivery.
[INFO] Starting to publish 1024 byte(s) messages for 300000 ms
[INFO] Best match for SASL auth was: SASL-PLAIN
[INFO] Connection ID:beelink3.milab.joshwest.me-36405-1612938946113-0:44 connected to remote Broker: amqp://vivo2.milab.joshwest.me:5672
[INFO] Creating JMS Connection: Provider=QpidJMS-0.5.0, JMS Spec=1.1
[INFO] Creating  producer to: TEST.PERF4 with non-persistent delivery.
[INFO] Starting to publish 1024 byte(s) messages for 300000 ms
[INFO] Best match for SASL auth was: SASL-PLAIN
[INFO] Best match for SASL auth was: SASL-PLAIN
[INFO] Best match for SASL auth was: SASL-PLAIN
[INFO] Best match for SASL auth was: SASL-PLAIN
[INFO] Best match for SASL auth was: SASL-PLAIN
[INFO] Sampling duration: 300000 ms, ramp up: 0 ms, ramp down: 0 ms
[INFO] Connection ID:beelink3.milab.joshwest.me-36405-1612938946113-0:23 connected to remote Broker: amqp://vivo2.milab.joshwest.me:5672
[INFO] Creating JMS Connection: Provider=QpidJMS-0.5.0, JMS Spec=1.1
[INFO] Best match for SASL auth was: SASL-PLAIN
[INFO] Best match for SASL auth was: SASL-PLAIN
[INFO] Best match for SASL auth was: SASL-PLAIN
[INFO] Best match for SASL auth was: SASL-PLAIN
[INFO] Best match for SASL auth was: SASL-PLAIN
[INFO] Best match for SASL auth was: SASL-PLAIN
[INFO] Connection ID:beelink3.milab.joshwest.me-36405-1612938946113-0:16 connected to remote Broker: amqp://vivo2.milab.joshwest.me:5672
[INFO] Creating JMS Connection: Provider=QpidJMS-0.5.0, JMS Spec=1.1
[INFO] Connection ID:beelink3.milab.joshwest.me-36405-1612938946113-0:21 connected to remote Broker: amqp://vivo2.milab.joshwest.me:5672
[INFO] Creating JMS Connection: Provider=QpidJMS-0.5.0, JMS Spec=1.1
[INFO] Connection ID:beelink3.milab.joshwest.me-36405-1612938946113-0:7 connected to remote Broker: amqp://vivo2.milab.joshwest.me:5672
[INFO] Creating JMS Connection: Provider=QpidJMS-0.5.0, JMS Spec=1.1
[INFO] Connection ID:beelink3.milab.joshwest.me-36405-1612938946113-0:35 connected to remote Broker: amqp://vivo2.milab.joshwest.me:5672
[INFO] Creating JMS Connection: Provider=QpidJMS-0.5.0, JMS Spec=1.1
[INFO] Connection ID:beelink3.milab.joshwest.me-36405-1612938946113-0:8 connected to remote Broker: amqp://vivo2.milab.joshwest.me:5672
[INFO] Creating JMS Connection: Provider=QpidJMS-0.5.0, JMS Spec=1.1
[INFO] Creating  producer to: TEST.PERF4 with non-persistent delivery.
[INFO] Starting to publish 1024 byte(s) messages for 300000 ms
[INFO] Creating  producer to: TEST.PERF4 with non-persistent delivery.
[INFO] Starting to publish 1024 byte(s) messages for 300000 ms
[INFO] Creating  producer to: TEST.PERF4 with non-persistent delivery.
[INFO] Starting to publish 1024 byte(s) messages for 300000 ms
[INFO] Creating  producer to: TEST.PERF4 with non-persistent delivery.
[INFO] Starting to publish 1024 byte(s) messages for 300000 ms
[INFO] Creating  producer to: TEST.PERF4 with non-persistent delivery.
[INFO] Starting to publish 1024 byte(s) messages for 300000 ms
[INFO] Connection ID:beelink3.milab.joshwest.me-36405-1612938946113-0:24 connected to remote Broker: amqp://vivo2.milab.joshwest.me:5672
[INFO] Creating JMS Connection: Provider=QpidJMS-0.5.0, JMS Spec=1.1
[INFO] Connection ID:beelink3.milab.joshwest.me-36405-1612938946113-0:18 connected to remote Broker: amqp://vivo2.milab.joshwest.me:5672
[INFO] Creating JMS Connection: Provider=QpidJMS-0.5.0, JMS Spec=1.1
[INFO] Connection ID:beelink3.milab.joshwest.me-36405-1612938946113-0:45 connected to remote Broker: amqp://vivo2.milab.joshwest.me:5672
[INFO] Creating JMS Connection: Provider=QpidJMS-0.5.0, JMS Spec=1.1
[INFO] Creating  producer to: TEST.PERF4 with non-persistent delivery.
[INFO] Starting to publish 1024 byte(s) messages for 300000 ms
[INFO] Creating  producer to: TEST.PERF4 with non-persistent delivery.
[INFO] Starting to publish 1024 byte(s) messages for 300000 ms
[INFO] Connection ID:beelink3.milab.joshwest.me-36405-1612938946113-0:15 connected to remote Broker: amqp://vivo2.milab.joshwest.me:5672
[INFO] Creating JMS Connection: Provider=QpidJMS-0.5.0, JMS Spec=1.1
[INFO] Connection ID:beelink3.milab.joshwest.me-36405-1612938946113-0:37 connected to remote Broker: amqp://vivo2.milab.joshwest.me:5672
[INFO] Creating JMS Connection: Provider=QpidJMS-0.5.0, JMS Spec=1.1
[INFO] Creating  producer to: TEST.PERF4 with non-persistent delivery.
[INFO] Starting to publish 1024 byte(s) messages for 300000 ms
[INFO] Connection ID:beelink3.milab.joshwest.me-36405-1612938946113-0:19 connected to remote Broker: amqp://vivo2.milab.joshwest.me:5672
[INFO] Creating JMS Connection: Provider=QpidJMS-0.5.0, JMS Spec=1.1
[INFO] Creating  producer to: TEST.PERF4 with non-persistent delivery.
[INFO] Starting to publish 1024 byte(s) messages for 300000 ms
[INFO] Creating  producer to: TEST.PERF4 with non-persistent delivery.
[INFO] Starting to publish 1024 byte(s) messages for 300000 ms
[INFO] Creating  producer to: TEST.PERF4 with non-persistent delivery.
[INFO] Starting to publish 1024 byte(s) messages for 300000 ms
[INFO] Creating  producer to: TEST.PERF4 with non-persistent delivery.
[INFO] Starting to publish 1024 byte(s) messages for 300000 ms
[INFO] Best match for SASL auth was: SASL-PLAIN
[INFO] Best match for SASL auth was: SASL-PLAIN
[INFO] Best match for SASL auth was: SASL-PLAIN
[INFO] Best match for SASL auth was: SASL-PLAIN
[INFO] Best match for SASL auth was: SASL-PLAIN
[INFO] Best match for SASL auth was: SASL-PLAIN
[INFO] Best match for SASL auth was: SASL-PLAIN
[INFO] Best match for SASL auth was: SASL-PLAIN
[INFO] Best match for SASL auth was: SASL-PLAIN
[INFO] Best match for SASL auth was: SASL-PLAIN
[INFO] Best match for SASL auth was: SASL-PLAIN
[INFO] Connection ID:beelink3.milab.joshwest.me-36405-1612938946113-0:38 connected to remote Broker: amqp://vivo2.milab.joshwest.me:5672
[INFO] Connection ID:beelink3.milab.joshwest.me-36405-1612938946113-0:42 connected to remote Broker: amqp://vivo2.milab.joshwest.me:5672
[INFO] Creating JMS Connection: Provider=QpidJMS-0.5.0, JMS Spec=1.1
[INFO] Connection ID:beelink3.milab.joshwest.me-36405-1612938946113-0:39 connected to remote Broker: amqp://vivo2.milab.joshwest.me:5672
[INFO] Best match for SASL auth was: SASL-PLAIN
[INFO] Best match for SASL auth was: SASL-PLAIN
[INFO] Best match for SASL auth was: SASL-PLAIN
[INFO] Best match for SASL auth was: SASL-PLAIN
[INFO] Connection ID:beelink3.milab.joshwest.me-36405-1612938946113-0:2 connected to remote Broker: amqp://vivo2.milab.joshwest.me:5672
[INFO] Creating JMS Connection: Provider=QpidJMS-0.5.0, JMS Spec=1.1
[INFO] Creating JMS Connection: Provider=QpidJMS-0.5.0, JMS Spec=1.1
[INFO] Creating  producer to: TEST.PERF4 with non-persistent delivery.
[INFO] Starting to publish 1024 byte(s) messages for 300000 ms
[INFO] Best match for SASL auth was: SASL-PLAIN
[INFO] Best match for SASL auth was: SASL-PLAIN
[INFO] Connection ID:beelink3.milab.joshwest.me-36405-1612938946113-0:41 connected to remote Broker: amqp://vivo2.milab.joshwest.me:5672
[INFO] Connection ID:beelink3.milab.joshwest.me-36405-1612938946113-0:46 connected to remote Broker: amqp://vivo2.milab.joshwest.me:5672
[INFO] Creating  producer to: TEST.PERF4 with non-persistent delivery.
[INFO] Starting to publish 1024 byte(s) messages for 300000 ms
[INFO] Connection ID:beelink3.milab.joshwest.me-36405-1612938946113-0:36 connected to remote Broker: amqp://vivo2.milab.joshwest.me:5672
[INFO] Creating JMS Connection: Provider=QpidJMS-0.5.0, JMS Spec=1.1
[INFO] Connection ID:beelink3.milab.joshwest.me-36405-1612938946113-0:50 connected to remote Broker: amqp://vivo2.milab.joshwest.me:5672
[INFO] Creating JMS Connection: Provider=QpidJMS-0.5.0, JMS Spec=1.1
[INFO] Connection ID:beelink3.milab.joshwest.me-36405-1612938946113-0:40 connected to remote Broker: amqp://vivo2.milab.joshwest.me:5672
[INFO] Connection ID:beelink3.milab.joshwest.me-36405-1612938946113-0:43 connected to remote Broker: amqp://vivo2.milab.joshwest.me:5672
[INFO] Creating JMS Connection: Provider=QpidJMS-0.5.0, JMS Spec=1.1
[INFO] Connection ID:beelink3.milab.joshwest.me-36405-1612938946113-0:14 connected to remote Broker: amqp://vivo2.milab.joshwest.me:5672
[INFO] Creating JMS Connection: Provider=QpidJMS-0.5.0, JMS Spec=1.1
[INFO] Connection ID:beelink3.milab.joshwest.me-36405-1612938946113-0:51 connected to remote Broker: amqp://vivo2.milab.joshwest.me:5672
[INFO] Creating JMS Connection: Provider=QpidJMS-0.5.0, JMS Spec=1.1
[INFO] Connection ID:beelink3.milab.joshwest.me-36405-1612938946113-0:33 connected to remote Broker: amqp://vivo2.milab.joshwest.me:5672
[INFO] Connection ID:beelink3.milab.joshwest.me-36405-1612938946113-0:5 connected to remote Broker: amqp://vivo2.milab.joshwest.me:5672
[INFO] Creating JMS Connection: Provider=QpidJMS-0.5.0, JMS Spec=1.1
[INFO] Creating JMS Connection: Provider=QpidJMS-0.5.0, JMS Spec=1.1
[INFO] Creating JMS Connection: Provider=QpidJMS-0.5.0, JMS Spec=1.1
[INFO] Connection ID:beelink3.milab.joshwest.me-36405-1612938946113-0:49 connected to remote Broker: amqp://vivo2.milab.joshwest.me:5672
[INFO] Creating JMS Connection: Provider=QpidJMS-0.5.0, JMS Spec=1.1
[INFO] Connection ID:beelink3.milab.joshwest.me-36405-1612938946113-0:48 connected to remote Broker: amqp://vivo2.milab.joshwest.me:5672
[INFO] Creating  producer to: TEST.PERF4 with non-persistent delivery.
[INFO] Starting to publish 1024 byte(s) messages for 300000 ms
[INFO] Creating JMS Connection: Provider=QpidJMS-0.5.0, JMS Spec=1.1
[INFO] Creating  producer to: TEST.PERF4 with non-persistent delivery.
[INFO] Starting to publish 1024 byte(s) messages for 300000 ms
[INFO] Creating JMS Connection: Provider=QpidJMS-0.5.0, JMS Spec=1.1
[INFO] Creating  producer to: TEST.PERF4 with non-persistent delivery.
[INFO] Starting to publish 1024 byte(s) messages for 300000 ms
[INFO] Creating JMS Connection: Provider=QpidJMS-0.5.0, JMS Spec=1.1
[INFO] Creating  producer to: TEST.PERF4 with non-persistent delivery.
[INFO] Starting to publish 1024 byte(s) messages for 300000 ms
[INFO] Connection ID:beelink3.milab.joshwest.me-36405-1612938946113-0:47 connected to remote Broker: amqp://vivo2.milab.joshwest.me:5672
[INFO] Creating JMS Connection: Provider=QpidJMS-0.5.0, JMS Spec=1.1
[INFO] Creating  producer to: TEST.PERF4 with non-persistent delivery.
[INFO] Starting to publish 1024 byte(s) messages for 300000 ms
[INFO] Creating  producer to: TEST.PERF4 with non-persistent delivery.
[INFO] Starting to publish 1024 byte(s) messages for 300000 ms
[INFO] Creating  producer to: TEST.PERF4 with non-persistent delivery.
[INFO] Starting to publish 1024 byte(s) messages for 300000 ms
[INFO] Creating JMS Connection: Provider=QpidJMS-0.5.0, JMS Spec=1.1
[INFO] Creating  producer to: TEST.PERF4 with non-persistent delivery.
[INFO] Starting to publish 1024 byte(s) messages for 300000 ms
[INFO] Creating  producer to: TEST.PERF4 with non-persistent delivery.
[INFO] Starting to publish 1024 byte(s) messages for 300000 ms
[INFO] Creating  producer to: TEST.PERF4 with non-persistent delivery.
[INFO] Starting to publish 1024 byte(s) messages for 300000 ms
[INFO] Creating  producer to: TEST.PERF4 with non-persistent delivery.
[INFO] Starting to publish 1024 byte(s) messages for 300000 ms
[INFO] Creating  producer to: TEST.PERF4 with non-persistent delivery.
[INFO] Starting to publish 1024 byte(s) messages for 300000 ms
[INFO] Creating  producer to: TEST.PERF4 with non-persistent delivery.
[INFO] Starting to publish 1024 byte(s) messages for 300000 ms
[INFO] Creating  producer to: TEST.PERF4 with non-persistent delivery.
[INFO] Starting to publish 1024 byte(s) messages for 300000 ms
[INFO] Creating  producer to: TEST.PERF4 with non-persistent delivery.
[INFO] Starting to publish 1024 byte(s) messages for 300000 ms
