[INFO] Scanning for projects...
[INFO] 
[INFO] -----------------< org.jboss.examples:amqp-perf-test >------------------
[INFO] Building ActiveMQ Perf: AMQP Perf Test 1.0.0-SNAPSHOT
[INFO] --------------------------------[ jar ]---------------------------------
[INFO] 
[INFO] --- activemq-perf-maven-plugin:5.11.0:consumer (default-cli) @ amqp-perf-test ---
[INFO] Loading properties file: /home/jowest/msgaas/amqp-perf-test/src/main/resources/tx_np_blk_cta_pta_3-beelink2_consumer2-amqp-consumer.properties
[INFO] Created: org.apache.qpid.jms.JmsConnectionFactory using SPIConnectionFactory: org.jboss.examples.amqp.spi.AMQPReflectionSPIConnectionFactory
[INFO] Creating queue: queue://TEST.PERF
[INFO] Creating queue: queue://TEST.PERF
[INFO] Creating queue: queue://TEST.PERF
[INFO] Creating queue: queue://TEST.PERF
[INFO] Creating queue: queue://TEST.PERF
[INFO] Creating queue: queue://TEST.PERF
[INFO] Creating queue: queue://TEST.PERF
[INFO] Creating queue: queue://TEST.PERF
[INFO] Creating queue: queue://TEST.PERF
[INFO] Creating queue: queue://TEST.PERF
[INFO] Creating queue: queue://TEST.PERF
[INFO] Creating queue: queue://TEST.PERF
[INFO] Creating queue: queue://TEST.PERF
[INFO] Creating queue: queue://TEST.PERF
[INFO] Creating queue: queue://TEST.PERF
[INFO] Creating queue: queue://TEST.PERF
[INFO] Creating queue: queue://TEST.PERF
[INFO] Creating queue: queue://TEST.PERF
[INFO] Creating queue: queue://TEST.PERF
[INFO] Creating queue: queue://TEST.PERF
[INFO] Creating queue: queue://TEST.PERF
[INFO] Creating queue: queue://TEST.PERF
[INFO] Creating queue: queue://TEST.PERF
[INFO] Creating queue: queue://TEST.PERF
[INFO] Creating queue: queue://TEST.PERF
[INFO] Creating queue: queue://TEST.PERF
[INFO] Creating queue: queue://TEST.PERF
[INFO] Creating queue: queue://TEST.PERF
[INFO] Creating queue: queue://TEST.PERF
[INFO] Creating queue: queue://TEST.PERF
[INFO] Creating queue: queue://TEST.PERF
[INFO] Creating queue: queue://TEST.PERF
[INFO] Creating queue: queue://TEST.PERF
[INFO] Creating queue: queue://TEST.PERF
[INFO] Creating queue: queue://TEST.PERF
[INFO] Creating queue: queue://TEST.PERF
[INFO] Creating queue: queue://TEST.PERF
[INFO] Creating queue: queue://TEST.PERF
[INFO] Creating queue: queue://TEST.PERF
[INFO] Creating queue: queue://TEST.PERF
[INFO] Creating queue: queue://TEST.PERF
[INFO] Creating queue: queue://TEST.PERF
[INFO] Creating queue: queue://TEST.PERF
[INFO] Creating queue: queue://TEST.PERF
[INFO] Creating queue: queue://TEST.PERF
[INFO] Creating queue: queue://TEST.PERF
[INFO] Creating queue: queue://TEST.PERF
[INFO] Creating queue: queue://TEST.PERF
[INFO] Creating queue: queue://TEST.PERF
[INFO] Creating queue: queue://TEST.PERF
[INFO] Sampling duration: 300000 ms, ramp up: 0 ms, ramp down: 0 ms
[INFO] Sampling duration: 300000 ms, ramp up: 0 ms, ramp down: 0 ms
[INFO] Best match for SASL auth was: SASL-PLAIN
[INFO] Best match for SASL auth was: SASL-PLAIN
[INFO] Best match for SASL auth was: SASL-PLAIN
[INFO] Best match for SASL auth was: SASL-PLAIN
[INFO] Best match for SASL auth was: SASL-PLAIN
[INFO] Best match for SASL auth was: SASL-PLAIN
[INFO] Best match for SASL auth was: SASL-PLAIN
[INFO] Best match for SASL auth was: SASL-PLAIN
[INFO] Best match for SASL auth was: SASL-PLAIN
[INFO] Best match for SASL auth was: SASL-PLAIN
[INFO] Best match for SASL auth was: SASL-PLAIN
[INFO] Best match for SASL auth was: SASL-PLAIN
[INFO] Best match for SASL auth was: SASL-PLAIN
[INFO] Best match for SASL auth was: SASL-PLAIN
[INFO] Best match for SASL auth was: SASL-PLAIN
[INFO] Best match for SASL auth was: SASL-PLAIN
[INFO] Best match for SASL auth was: SASL-PLAIN
[INFO] Best match for SASL auth was: SASL-PLAIN
[INFO] Best match for SASL auth was: SASL-PLAIN
[INFO] Best match for SASL auth was: SASL-PLAIN
[INFO] Best match for SASL auth was: SASL-PLAIN
[INFO] Best match for SASL auth was: SASL-PLAIN
[INFO] Best match for SASL auth was: SASL-PLAIN
[INFO] Best match for SASL auth was: SASL-PLAIN
[INFO] Best match for SASL auth was: SASL-PLAIN
[INFO] Best match for SASL auth was: SASL-PLAIN
[INFO] Best match for SASL auth was: SASL-PLAIN
[INFO] Connection ID:beelink2.milab.joshwest.me-44189-1612874071968-0:8 connected to remote Broker: amqp://vivo2.milab.joshwest.me:5672
[INFO] Connection ID:beelink2.milab.joshwest.me-44189-1612874071968-0:50 connected to remote Broker: amqp://vivo2.milab.joshwest.me:5672
[INFO] Best match for SASL auth was: SASL-PLAIN
[INFO] Connection ID:beelink2.milab.joshwest.me-44189-1612874071968-0:43 connected to remote Broker: amqp://vivo2.milab.joshwest.me:5672
[INFO] Connection ID:beelink2.milab.joshwest.me-44189-1612874071968-0:42 connected to remote Broker: amqp://vivo2.milab.joshwest.me:5672
[INFO] Creating JMS Connection: Provider=QpidJMS-0.5.0, JMS Spec=1.1
[INFO] Connection ID:beelink2.milab.joshwest.me-44189-1612874071968-0:44 connected to remote Broker: amqp://vivo2.milab.joshwest.me:5672
[INFO] Connection ID:beelink2.milab.joshwest.me-44189-1612874071968-0:49 connected to remote Broker: amqp://vivo2.milab.joshwest.me:5672
[INFO] Best match for SASL auth was: SASL-PLAIN
[INFO] Creating JMS Connection: Provider=QpidJMS-0.5.0, JMS Spec=1.1
[INFO] Connection ID:beelink2.milab.joshwest.me-44189-1612874071968-0:12 connected to remote Broker: amqp://vivo2.milab.joshwest.me:5672
[INFO] Creating JMS Connection: Provider=QpidJMS-0.5.0, JMS Spec=1.1
[INFO] Connection ID:beelink2.milab.joshwest.me-44189-1612874071968-0:2 connected to remote Broker: amqp://vivo2.milab.joshwest.me:5672
[INFO] Creating JMS Connection: Provider=QpidJMS-0.5.0, JMS Spec=1.1
[INFO] Best match for SASL auth was: SASL-PLAIN
[INFO] Best match for SASL auth was: SASL-PLAIN
[INFO] Best match for SASL auth was: SASL-PLAIN
[INFO] Connection ID:beelink2.milab.joshwest.me-44189-1612874071968-0:33 connected to remote Broker: amqp://vivo2.milab.joshwest.me:5672
[INFO] Connection ID:beelink2.milab.joshwest.me-44189-1612874071968-0:16 connected to remote Broker: amqp://vivo2.milab.joshwest.me:5672
[INFO] Connection ID:beelink2.milab.joshwest.me-44189-1612874071968-0:26 connected to remote Broker: amqp://vivo2.milab.joshwest.me:5672
[INFO] Connection ID:beelink2.milab.joshwest.me-44189-1612874071968-0:40 connected to remote Broker: amqp://vivo2.milab.joshwest.me:5672
[INFO] Creating JMS Connection: Provider=QpidJMS-0.5.0, JMS Spec=1.1
[INFO] Creating JMS Connection: Provider=QpidJMS-0.5.0, JMS Spec=1.1
[INFO] Connection ID:beelink2.milab.joshwest.me-44189-1612874071968-0:5 connected to remote Broker: amqp://vivo2.milab.joshwest.me:5672
[INFO] Connection ID:beelink2.milab.joshwest.me-44189-1612874071968-0:4 connected to remote Broker: amqp://vivo2.milab.joshwest.me:5672
[INFO] Connection ID:beelink2.milab.joshwest.me-44189-1612874071968-0:46 connected to remote Broker: amqp://vivo2.milab.joshwest.me:5672
[INFO] Best match for SASL auth was: SASL-PLAIN
[INFO] Best match for SASL auth was: SASL-PLAIN
[INFO] Connection ID:beelink2.milab.joshwest.me-44189-1612874071968-0:34 connected to remote Broker: amqp://vivo2.milab.joshwest.me:5672
[INFO] Best match for SASL auth was: SASL-PLAIN
[INFO] Best match for SASL auth was: SASL-PLAIN
[INFO] Creating JMS Connection: Provider=QpidJMS-0.5.0, JMS Spec=1.1
[INFO] Connection ID:beelink2.milab.joshwest.me-44189-1612874071968-0:47 connected to remote Broker: amqp://vivo2.milab.joshwest.me:5672
[INFO] Best match for SASL auth was: SASL-PLAIN
[INFO] Best match for SASL auth was: SASL-PLAIN
[INFO] Connection ID:beelink2.milab.joshwest.me-44189-1612874071968-0:51 connected to remote Broker: amqp://vivo2.milab.joshwest.me:5672
[INFO] Connection ID:beelink2.milab.joshwest.me-44189-1612874071968-0:7 connected to remote Broker: amqp://vivo2.milab.joshwest.me:5672
[INFO] Creating JMS Connection: Provider=QpidJMS-0.5.0, JMS Spec=1.1
[INFO] Best match for SASL auth was: SASL-PLAIN
[INFO] Connection ID:beelink2.milab.joshwest.me-44189-1612874071968-0:13 connected to remote Broker: amqp://vivo2.milab.joshwest.me:5672
[INFO] Creating JMS Connection: Provider=QpidJMS-0.5.0, JMS Spec=1.1
[INFO] Connection ID:beelink2.milab.joshwest.me-44189-1612874071968-0:39 connected to remote Broker: amqp://vivo2.milab.joshwest.me:5672
[INFO] Creating JMS Connection: Provider=QpidJMS-0.5.0, JMS Spec=1.1
[INFO] Connection ID:beelink2.milab.joshwest.me-44189-1612874071968-0:31 connected to remote Broker: amqp://vivo2.milab.joshwest.me:5672
[INFO] Creating JMS Connection: Provider=QpidJMS-0.5.0, JMS Spec=1.1
[INFO] Connection ID:beelink2.milab.joshwest.me-44189-1612874071968-0:28 connected to remote Broker: amqp://vivo2.milab.joshwest.me:5672
[INFO] Connection ID:beelink2.milab.joshwest.me-44189-1612874071968-0:38 connected to remote Broker: amqp://vivo2.milab.joshwest.me:5672
[INFO] Connection ID:beelink2.milab.joshwest.me-44189-1612874071968-0:11 connected to remote Broker: amqp://vivo2.milab.joshwest.me:5672
[INFO] Creating JMS Connection: Provider=QpidJMS-0.5.0, JMS Spec=1.1
[INFO] Connection ID:beelink2.milab.joshwest.me-44189-1612874071968-0:48 connected to remote Broker: amqp://vivo2.milab.joshwest.me:5672
[INFO] Creating JMS Connection: Provider=QpidJMS-0.5.0, JMS Spec=1.1
[INFO] Best match for SASL auth was: SASL-PLAIN
[INFO] Connection ID:beelink2.milab.joshwest.me-44189-1612874071968-0:24 connected to remote Broker: amqp://vivo2.milab.joshwest.me:5672
[INFO] Creating JMS Connection: Provider=QpidJMS-0.5.0, JMS Spec=1.1
[INFO] Creating JMS Connection: Provider=QpidJMS-0.5.0, JMS Spec=1.1
[INFO] Creating non-durable consumer to: TEST.PERF
[INFO] Connection ID:beelink2.milab.joshwest.me-44189-1612874071968-0:3 connected to remote Broker: amqp://vivo2.milab.joshwest.me:5672
[INFO] Creating JMS Connection: Provider=QpidJMS-0.5.0, JMS Spec=1.1
[INFO] Creating JMS Connection: Provider=QpidJMS-0.5.0, JMS Spec=1.1
[INFO] Creating JMS Connection: Provider=QpidJMS-0.5.0, JMS Spec=1.1
[INFO] Creating JMS Connection: Provider=QpidJMS-0.5.0, JMS Spec=1.1
[INFO] Creating JMS Connection: Provider=QpidJMS-0.5.0, JMS Spec=1.1
[INFO] Creating non-durable consumer to: TEST.PERF
[INFO] Creating non-durable consumer to: TEST.PERF
[INFO] Creating non-durable consumer to: TEST.PERF
[INFO] Creating JMS Connection: Provider=QpidJMS-0.5.0, JMS Spec=1.1
[INFO] Best match for SASL auth was: SASL-PLAIN
[INFO] Best match for SASL auth was: SASL-PLAIN
[INFO] Best match for SASL auth was: SASL-PLAIN
[INFO] Best match for SASL auth was: SASL-PLAIN
[INFO] Best match for SASL auth was: SASL-PLAIN
[INFO] Best match for SASL auth was: SASL-PLAIN
[INFO] Creating JMS Connection: Provider=QpidJMS-0.5.0, JMS Spec=1.1
[INFO] Creating non-durable consumer to: TEST.PERF
[INFO] Connection ID:beelink2.milab.joshwest.me-44189-1612874071968-0:22 connected to remote Broker: amqp://vivo2.milab.joshwest.me:5672
[INFO] Creating non-durable consumer to: TEST.PERF
[INFO] Best match for SASL auth was: SASL-PLAIN
[INFO] Creating JMS Connection: Provider=QpidJMS-0.5.0, JMS Spec=1.1
[INFO] Connection ID:beelink2.milab.joshwest.me-44189-1612874071968-0:37 connected to remote Broker: amqp://vivo2.milab.joshwest.me:5672
[INFO] Creating JMS Connection: Provider=QpidJMS-0.5.0, JMS Spec=1.1
[INFO] Creating non-durable consumer to: TEST.PERF
[INFO] Best match for SASL auth was: SASL-PLAIN
[INFO] Best match for SASL auth was: SASL-PLAIN
[INFO] Connection ID:beelink2.milab.joshwest.me-44189-1612874071968-0:41 connected to remote Broker: amqp://vivo2.milab.joshwest.me:5672
[INFO] Connection ID:beelink2.milab.joshwest.me-44189-1612874071968-0:45 connected to remote Broker: amqp://vivo2.milab.joshwest.me:5672
[INFO] Connection ID:beelink2.milab.joshwest.me-44189-1612874071968-0:14 connected to remote Broker: amqp://vivo2.milab.joshwest.me:5672
[INFO] Connection ID:beelink2.milab.joshwest.me-44189-1612874071968-0:17 connected to remote Broker: amqp://vivo2.milab.joshwest.me:5672
[INFO] Creating JMS Connection: Provider=QpidJMS-0.5.0, JMS Spec=1.1
[INFO] Creating JMS Connection: Provider=QpidJMS-0.5.0, JMS Spec=1.1
[INFO] Creating JMS Connection: Provider=QpidJMS-0.5.0, JMS Spec=1.1
[INFO] Creating JMS Connection: Provider=QpidJMS-0.5.0, JMS Spec=1.1
[INFO] Connection ID:beelink2.milab.joshwest.me-44189-1612874071968-0:30 connected to remote Broker: amqp://vivo2.milab.joshwest.me:5672
[INFO] Connection ID:beelink2.milab.joshwest.me-44189-1612874071968-0:27 connected to remote Broker: amqp://vivo2.milab.joshwest.me:5672
[INFO] Creating JMS Connection: Provider=QpidJMS-0.5.0, JMS Spec=1.1
[INFO] Creating non-durable consumer to: TEST.PERF
[INFO] Creating non-durable consumer to: TEST.PERF
[INFO] Connection ID:beelink2.milab.joshwest.me-44189-1612874071968-0:36 connected to remote Broker: amqp://vivo2.milab.joshwest.me:5672
[INFO] Creating JMS Connection: Provider=QpidJMS-0.5.0, JMS Spec=1.1
[INFO] Connection ID:beelink2.milab.joshwest.me-44189-1612874071968-0:18 connected to remote Broker: amqp://vivo2.milab.joshwest.me:5672
[INFO] Best match for SASL auth was: SASL-PLAIN
[INFO] Connection ID:beelink2.milab.joshwest.me-44189-1612874071968-0:10 connected to remote Broker: amqp://vivo2.milab.joshwest.me:5672
[INFO] Connection ID:beelink2.milab.joshwest.me-44189-1612874071968-0:35 connected to remote Broker: amqp://vivo2.milab.joshwest.me:5672
[INFO] Creating JMS Connection: Provider=QpidJMS-0.5.0, JMS Spec=1.1
[INFO] Creating JMS Connection: Provider=QpidJMS-0.5.0, JMS Spec=1.1
[INFO] Creating non-durable consumer to: TEST.PERF
[INFO] Starting to asynchronously receive messages for 300000 ms...
[INFO] Creating non-durable consumer to: TEST.PERF
[INFO] Creating non-durable consumer to: TEST.PERF
[INFO] Connection ID:beelink2.milab.joshwest.me-44189-1612874071968-0:9 connected to remote Broker: amqp://vivo2.milab.joshwest.me:5672
[INFO] Creating JMS Connection: Provider=QpidJMS-0.5.0, JMS Spec=1.1
[INFO] Connection ID:beelink2.milab.joshwest.me-44189-1612874071968-0:6 connected to remote Broker: amqp://vivo2.milab.joshwest.me:5672
[INFO] Connection ID:beelink2.milab.joshwest.me-44189-1612874071968-0:32 connected to remote Broker: amqp://vivo2.milab.joshwest.me:5672
[INFO] Connection ID:beelink2.milab.joshwest.me-44189-1612874071968-0:29 connected to remote Broker: amqp://vivo2.milab.joshwest.me:5672
[INFO] Starting to asynchronously receive messages for 300000 ms...
[INFO] Starting to asynchronously receive messages for 300000 ms...
[INFO] Starting to asynchronously receive messages for 300000 ms...
[INFO] Creating non-durable consumer to: TEST.PERF
[INFO] Starting to asynchronously receive messages for 300000 ms...
[INFO] Starting to asynchronously receive messages for 300000 ms...
[INFO] Starting to asynchronously receive messages for 300000 ms...
[INFO] Creating non-durable consumer to: TEST.PERF
[INFO] Creating non-durable consumer to: TEST.PERF
[INFO] Starting to asynchronously receive messages for 300000 ms...
[INFO] Connection ID:beelink2.milab.joshwest.me-44189-1612874071968-0:25 connected to remote Broker: amqp://vivo2.milab.joshwest.me:5672
[INFO] Creating JMS Connection: Provider=QpidJMS-0.5.0, JMS Spec=1.1
[INFO] Starting to asynchronously receive messages for 300000 ms...
[INFO] Creating non-durable consumer to: TEST.PERF
[INFO] Creating JMS Connection: Provider=QpidJMS-0.5.0, JMS Spec=1.1
[INFO] Starting to asynchronously receive messages for 300000 ms...
[INFO] Starting to asynchronously receive messages for 300000 ms...
[INFO] Starting to asynchronously receive messages for 300000 ms...
[INFO] Creating JMS Connection: Provider=QpidJMS-0.5.0, JMS Spec=1.1
[INFO] Creating JMS Connection: Provider=QpidJMS-0.5.0, JMS Spec=1.1
[INFO] Connection ID:beelink2.milab.joshwest.me-44189-1612874071968-0:23 connected to remote Broker: amqp://vivo2.milab.joshwest.me:5672
[INFO] Creating JMS Connection: Provider=QpidJMS-0.5.0, JMS Spec=1.1
[INFO] Creating JMS Connection: Provider=QpidJMS-0.5.0, JMS Spec=1.1
[INFO] Creating JMS Connection: Provider=QpidJMS-0.5.0, JMS Spec=1.1
[INFO] Creating JMS Connection: Provider=QpidJMS-0.5.0, JMS Spec=1.1
[INFO] Creating JMS Connection: Provider=QpidJMS-0.5.0, JMS Spec=1.1
[INFO] Creating non-durable consumer to: TEST.PERF
[INFO] Connection ID:beelink2.milab.joshwest.me-44189-1612874071968-0:21 connected to remote Broker: amqp://vivo2.milab.joshwest.me:5672
[INFO] Connection ID:beelink2.milab.joshwest.me-44189-1612874071968-0:20 connected to remote Broker: amqp://vivo2.milab.joshwest.me:5672
[INFO] Creating non-durable consumer to: TEST.PERF
[INFO] Creating JMS Connection: Provider=QpidJMS-0.5.0, JMS Spec=1.1
[INFO] Creating non-durable consumer to: TEST.PERF
[INFO] Creating non-durable consumer to: TEST.PERF
[INFO] Creating non-durable consumer to: TEST.PERF
[INFO] Creating non-durable consumer to: TEST.PERF
[INFO] Creating non-durable consumer to: TEST.PERF
[INFO] Creating non-durable consumer to: TEST.PERF
[INFO] Connection ID:beelink2.milab.joshwest.me-44189-1612874071968-0:15 connected to remote Broker: amqp://vivo2.milab.joshwest.me:5672
[INFO] Creating non-durable consumer to: TEST.PERF
[INFO] Creating JMS Connection: Provider=QpidJMS-0.5.0, JMS Spec=1.1
[INFO] Creating non-durable consumer to: TEST.PERF
[INFO] Creating non-durable consumer to: TEST.PERF
[INFO] Creating non-durable consumer to: TEST.PERF
[INFO] Creating non-durable consumer to: TEST.PERF
[INFO] Creating non-durable consumer to: TEST.PERF
[INFO] Creating non-durable consumer to: TEST.PERF
[INFO] Connection ID:beelink2.milab.joshwest.me-44189-1612874071968-0:19 connected to remote Broker: amqp://vivo2.milab.joshwest.me:5672
[INFO] Creating JMS Connection: Provider=QpidJMS-0.5.0, JMS Spec=1.1
[INFO] Creating JMS Connection: Provider=QpidJMS-0.5.0, JMS Spec=1.1
[INFO] Creating non-durable consumer to: TEST.PERF
[INFO] Creating non-durable consumer to: TEST.PERF
[INFO] Creating non-durable consumer to: TEST.PERF
[INFO] Creating non-durable consumer to: TEST.PERF
[INFO] Creating non-durable consumer to: TEST.PERF
[INFO] Creating non-durable consumer to: TEST.PERF
[INFO] Creating non-durable consumer to: TEST.PERF
[INFO] Creating non-durable consumer to: TEST.PERF
[INFO] Creating non-durable consumer to: TEST.PERF
[INFO] Creating non-durable consumer to: TEST.PERF
[INFO] Creating JMS Connection: Provider=QpidJMS-0.5.0, JMS Spec=1.1
[INFO] Creating JMS Connection: Provider=QpidJMS-0.5.0, JMS Spec=1.1
[INFO] Creating JMS Connection: Provider=QpidJMS-0.5.0, JMS Spec=1.1
[INFO] Creating JMS Connection: Provider=QpidJMS-0.5.0, JMS Spec=1.1
[INFO] Creating non-durable consumer to: TEST.PERF
[INFO] Starting to asynchronously receive messages for 300000 ms...
[INFO] Starting to asynchronously receive messages for 300000 ms...
[INFO] Starting to asynchronously receive messages for 300000 ms...
[INFO] Creating non-durable consumer to: TEST.PERF
[INFO] Creating non-durable consumer to: TEST.PERF
[INFO] Creating non-durable consumer to: TEST.PERF
[INFO] Creating non-durable consumer to: TEST.PERF
[INFO] Creating non-durable consumer to: TEST.PERF
[INFO] Creating non-durable consumer to: TEST.PERF
[INFO] Creating non-durable consumer to: TEST.PERF
[INFO] Starting to asynchronously receive messages for 300000 ms...
[INFO] Starting to asynchronously receive messages for 300000 ms...
[INFO] Starting to asynchronously receive messages for 300000 ms...
[INFO] Starting to asynchronously receive messages for 300000 ms...
[INFO] Starting to asynchronously receive messages for 300000 ms...
[INFO] Starting to asynchronously receive messages for 300000 ms...
[INFO] Starting to asynchronously receive messages for 300000 ms...
[INFO] Creating non-durable consumer to: TEST.PERF
[INFO] Starting to asynchronously receive messages for 300000 ms...
[INFO] Starting to asynchronously receive messages for 300000 ms...
[INFO] Starting to asynchronously receive messages for 300000 ms...
[INFO] Starting to asynchronously receive messages for 300000 ms...
[INFO] Starting to asynchronously receive messages for 300000 ms...
[INFO] Starting to asynchronously receive messages for 300000 ms...
[INFO] Starting to asynchronously receive messages for 300000 ms...
[INFO] Starting to asynchronously receive messages for 300000 ms...
[INFO] Starting to asynchronously receive messages for 300000 ms...
[INFO] Starting to asynchronously receive messages for 300000 ms...
[INFO] Starting to asynchronously receive messages for 300000 ms...
[INFO] Starting to asynchronously receive messages for 300000 ms...
[INFO] Starting to asynchronously receive messages for 300000 ms...
[INFO] Starting to asynchronously receive messages for 300000 ms...
[INFO] Starting to asynchronously receive messages for 300000 ms...
[INFO] Starting to asynchronously receive messages for 300000 ms...
[INFO] Starting to asynchronously receive messages for 300000 ms...
[INFO] Starting to asynchronously receive messages for 300000 ms...
[INFO] Starting to asynchronously receive messages for 300000 ms...
[INFO] Starting to asynchronously receive messages for 300000 ms...
[INFO] Starting to asynchronously receive messages for 300000 ms...
[INFO] Starting to asynchronously receive messages for 300000 ms...
[INFO] Starting to asynchronously receive messages for 300000 ms...
[INFO] Starting to asynchronously receive messages for 300000 ms...
[INFO] Starting to asynchronously receive messages for 300000 ms...
[INFO] Starting to asynchronously receive messages for 300000 ms...
[INFO] Starting to asynchronously receive messages for 300000 ms...
[INFO] Starting to asynchronously receive messages for 300000 ms...
[INFO] Client completed
[INFO] Client completed
[INFO] Client completed
[INFO] Client completed
[INFO] Client completed
[INFO] Client completed
[INFO] Client completed
[INFO] Client completed
[INFO] Client completed
[INFO] Client completed
[INFO] Client completed
[INFO] Client completed
[INFO] Client completed
[INFO] Client completed
[INFO] Client completed
[INFO] Client completed
[INFO] Client completed
[INFO] Client completed
[INFO] Client completed
[INFO] Client completed
[INFO] Client completed
[INFO] Client completed
[INFO] Client completed
[INFO] Client completed
[INFO] Client completed
[INFO] Client completed
[INFO] Client completed
[INFO] Client completed
[INFO] Client completed
[INFO] Client completed
[INFO] Client completed
[INFO] Client completed
[INFO] Client completed
[INFO] Client completed
[INFO] Client completed
[INFO] Client completed
[INFO] Client completed
[INFO] Client completed
[INFO] Client completed
[INFO] Client completed
[INFO] Client completed
[INFO] Client completed
[INFO] Client completed
[INFO] Client completed
[INFO] Client completed
[INFO] Client completed
[INFO] Client completed
[INFO] Client completed
[INFO] Client completed
[INFO] Client completed
[WARNING] Unrecognized CPU data. st=0
[WARNING] Unrecognized CPU data. st=0
[WARNING] Unrecognized CPU data. st=0
[WARNING] Unrecognized CPU data. st=0
[WARNING] Unrecognized CPU data. st=0
[WARNING] Unrecognized CPU data. st=0
[WARNING] Unrecognized CPU data. st=0
[WARNING] Unrecognized CPU data. st=0
[WARNING] Unrecognized CPU data. st=0
[WARNING] Unrecognized CPU data. st=0
[WARNING] Unrecognized CPU data. st=0
[WARNING] Unrecognized CPU data. st=0
[WARNING] Unrecognized CPU data. st=0
[WARNING] Unrecognized CPU data. st=0
[WARNING] Unrecognized CPU data. st=0
[WARNING] Unrecognized CPU data. st=0
[WARNING] Unrecognized CPU data. st=0
[WARNING] Unrecognized CPU data. st=0
[WARNING] Unrecognized CPU data. st=0
[WARNING] Unrecognized CPU data. st=0
[WARNING] Unrecognized CPU data. st=0
[WARNING] Unrecognized CPU data. st=0
[WARNING] Unrecognized CPU data. st=0
[WARNING] Unrecognized CPU data. st=0
[WARNING] Unrecognized CPU data. st=0
[WARNING] Unrecognized CPU data. st=0
[WARNING] Unrecognized CPU data. st=0
[WARNING] Unrecognized CPU data. st=0
[WARNING] Unrecognized CPU data. st=0
[WARNING] Unrecognized CPU data. st=0
[WARNING] Unrecognized CPU data. st=0
[WARNING] Unrecognized CPU data. st=0
[WARNING] Unrecognized CPU data. st=0
[WARNING] Unrecognized CPU data. st=0
[WARNING] Unrecognized CPU data. st=0
[WARNING] Unrecognized CPU data. st=0
[WARNING] Unrecognized CPU data. st=0
[WARNING] Unrecognized CPU data. st=0
[WARNING] Unrecognized CPU data. st=0
[WARNING] Unrecognized CPU data. st=0
[WARNING] Unrecognized CPU data. st=0
[WARNING] Unrecognized CPU data. st=0
[WARNING] Unrecognized CPU data. st=0
[WARNING] Unrecognized CPU data. st=0
[WARNING] Unrecognized CPU data. st=0
[WARNING] Unrecognized CPU data. st=0
[WARNING] Unrecognized CPU data. st=0
[WARNING] Unrecognized CPU data. st=0
[WARNING] Unrecognized CPU data. st=0
[WARNING] Unrecognized CPU data. st=0
[WARNING] Unrecognized CPU data. st=0
[WARNING] Unrecognized CPU data. st=0
[WARNING] Unrecognized CPU data. st=0
[WARNING] Unrecognized CPU data. st=0
[WARNING] Unrecognized CPU data. st=0
[WARNING] Unrecognized CPU data. st=0
[WARNING] Unrecognized CPU data. st=0
[WARNING] Unrecognized CPU data. st=0
[WARNING] Unrecognized CPU data. st=0
[WARNING] Unrecognized CPU data. st=0
[WARNING] Unrecognized CPU data. st=0
[WARNING] Unrecognized CPU data. st=0
[WARNING] Unrecognized CPU data. st=0
[WARNING] Unrecognized CPU data. st=0
[WARNING] Unrecognized CPU data. st=0
[WARNING] Unrecognized CPU data. st=0
[WARNING] Unrecognized CPU data. st=0
[WARNING] Unrecognized CPU data. st=0
[WARNING] Unrecognized CPU data. st=0
[WARNING] Unrecognized CPU data. st=0
[WARNING] Unrecognized CPU data. st=0
[WARNING] Unrecognized CPU data. st=0
[WARNING] Unrecognized CPU data. st=0
[WARNING] Unrecognized CPU data. st=0
[WARNING] Unrecognized CPU data. st=0
[WARNING] Unrecognized CPU data. st=0
[WARNING] Unrecognized CPU data. st=0
[WARNING] Unrecognized CPU data. st=0
[WARNING] Unrecognized CPU data. st=0
[WARNING] Unrecognized CPU data. st=0
[WARNING] Unrecognized CPU data. st=0
[WARNING] Unrecognized CPU data. st=0
[WARNING] Unrecognized CPU data. st=0
[WARNING] Unrecognized CPU data. st=0
[WARNING] Unrecognized CPU data. st=0
[WARNING] Unrecognized CPU data. st=0
[WARNING] Unrecognized CPU data. st=0
[WARNING] Unrecognized CPU data. st=0
[WARNING] Unrecognized CPU data. st=0
[WARNING] Unrecognized CPU data. st=0
[WARNING] Unrecognized CPU data. st=0
[WARNING] Unrecognized CPU data. st=0
[WARNING] Unrecognized CPU data. st=0
[WARNING] Unrecognized CPU data. st=0
[WARNING] Unrecognized CPU data. st=0
[WARNING] Unrecognized CPU data. st=0
[WARNING] Unrecognized CPU data. st=0
[WARNING] Unrecognized CPU data. st=0
[WARNING] Unrecognized CPU data. st=0
[WARNING] Unrecognized CPU data. st=0
[WARNING] Unrecognized CPU data. st=0
[WARNING] Unrecognized CPU data. st=0
[WARNING] Unrecognized CPU data. st=0
[WARNING] Unrecognized CPU data. st=0
[WARNING] Unrecognized CPU data. st=0
[WARNING] Unrecognized CPU data. st=0
[WARNING] Unrecognized CPU data. st=0
[WARNING] Unrecognized CPU data. st=0
[WARNING] Unrecognized CPU data. st=0
[WARNING] Unrecognized CPU data. st=0
[WARNING] Unrecognized CPU data. st=0
[WARNING] Unrecognized CPU data. st=0
[WARNING] Unrecognized CPU data. st=0
[WARNING] Unrecognized CPU data. st=0
[WARNING] Unrecognized CPU data. st=0
[WARNING] Unrecognized CPU data. st=0
[WARNING] Unrecognized CPU data. st=0
[WARNING] Unrecognized CPU data. st=0
[WARNING] Unrecognized CPU data. st=0
[WARNING] Unrecognized CPU data. st=0
[WARNING] Unrecognized CPU data. st=0
[WARNING] Unrecognized CPU data. st=0
[WARNING] Unrecognized CPU data. st=0
[WARNING] Unrecognized CPU data. st=0
[WARNING] Unrecognized CPU data. st=0
[WARNING] Unrecognized CPU data. st=0
[WARNING] Unrecognized CPU data. st=0
[WARNING] Unrecognized CPU data. st=0
[WARNING] Unrecognized CPU data. st=0
[WARNING] Unrecognized CPU data. st=0
[WARNING] Unrecognized CPU data. st=0
[WARNING] Unrecognized CPU data. st=0
[WARNING] Unrecognized CPU data. st=0
[WARNING] Unrecognized CPU data. st=0
[WARNING] Unrecognized CPU data. st=0
[WARNING] Unrecognized CPU data. st=0
[WARNING] Unrecognized CPU data. st=0
[WARNING] Unrecognized CPU data. st=0
[WARNING] Unrecognized CPU data. st=0
[WARNING] Unrecognized CPU data. st=0
[WARNING] Unrecognized CPU data. st=0
[WARNING] Unrecognized CPU data. st=0
[WARNING] Unrecognized CPU data. st=0
[WARNING] Unrecognized CPU data. st=0
[WARNING] Unrecognized CPU data. st=0
[WARNING] Unrecognized CPU data. st=0
[WARNING] Unrecognized CPU data. st=0
[WARNING] Unrecognized CPU data. st=0
[WARNING] Unrecognized CPU data. st=0
[WARNING] Unrecognized CPU data. st=0
[WARNING] Unrecognized CPU data. st=0
[WARNING] Unrecognized CPU data. st=0
[WARNING] Unrecognized CPU data. st=0
[WARNING] Unrecognized CPU data. st=0
[WARNING] Unrecognized CPU data. st=0
[WARNING] Unrecognized CPU data. st=0
[WARNING] Unrecognized CPU data. st=0
[WARNING] Unrecognized CPU data. st=0
[WARNING] Unrecognized CPU data. st=0
[WARNING] Unrecognized CPU data. st=0
[WARNING] Unrecognized CPU data. st=0
[WARNING] Unrecognized CPU data. st=0
[WARNING] Unrecognized CPU data. st=0
[WARNING] Unrecognized CPU data. st=0
[WARNING] Unrecognized CPU data. st=0
[WARNING] Unrecognized CPU data. st=0
[WARNING] Unrecognized CPU data. st=0
[WARNING] Unrecognized CPU data. st=0
[WARNING] Unrecognized CPU data. st=0
[WARNING] Unrecognized CPU data. st=0
[WARNING] Unrecognized CPU data. st=0
[WARNING] Unrecognized CPU data. st=0
[WARNING] Unrecognized CPU data. st=0
[WARNING] Unrecognized CPU data. st=0
[WARNING] Unrecognized CPU data. st=0
[WARNING] Unrecognized CPU data. st=0
[WARNING] Unrecognized CPU data. st=0
[WARNING] Unrecognized CPU data. st=0
[WARNING] Unrecognized CPU data. st=0
[WARNING] Unrecognized CPU data. st=0
[WARNING] Unrecognized CPU data. st=0
[WARNING] Unrecognized CPU data. st=0
[WARNING] Unrecognized CPU data. st=0
[WARNING] Unrecognized CPU data. st=0
[WARNING] Unrecognized CPU data. st=0
[WARNING] Unrecognized CPU data. st=0
[WARNING] Unrecognized CPU data. st=0
[WARNING] Unrecognized CPU data. st=0
[WARNING] Unrecognized CPU data. st=0
[WARNING] Unrecognized CPU data. st=0
[WARNING] Unrecognized CPU data. st=0
[WARNING] Unrecognized CPU data. st=0
[WARNING] Unrecognized CPU data. st=0
[WARNING] Unrecognized CPU data. st=0
[WARNING] Unrecognized CPU data. st=0
[WARNING] Unrecognized CPU data. st=0
[WARNING] Unrecognized CPU data. st=0
[WARNING] Unrecognized CPU data. st=0
[WARNING] Unrecognized CPU data. st=0
[WARNING] Unrecognized CPU data. st=0
[WARNING] Unrecognized CPU data. st=0
[WARNING] Unrecognized CPU data. st=0
[WARNING] Unrecognized CPU data. st=0
[WARNING] Unrecognized CPU data. st=0
[WARNING] Unrecognized CPU data. st=0
[WARNING] Unrecognized CPU data. st=0
[WARNING] Unrecognized CPU data. st=0
[WARNING] Unrecognized CPU data. st=0
[WARNING] Unrecognized CPU data. st=0
[WARNING] Unrecognized CPU data. st=0
[WARNING] Unrecognized CPU data. st=0
[WARNING] Unrecognized CPU data. st=0
[WARNING] Unrecognized CPU data. st=0
[WARNING] Unrecognized CPU data. st=0
[WARNING] Unrecognized CPU data. st=0
[WARNING] Unrecognized CPU data. st=0
[WARNING] Unrecognized CPU data. st=0
[WARNING] Unrecognized CPU data. st=0
[WARNING] Unrecognized CPU data. st=0
[WARNING] Unrecognized CPU data. st=0
[WARNING] Unrecognized CPU data. st=0
[WARNING] Unrecognized CPU data. st=0
[WARNING] Unrecognized CPU data. st=0
[WARNING] Unrecognized CPU data. st=0
[WARNING] Unrecognized CPU data. st=0
[WARNING] Unrecognized CPU data. st=0
[WARNING] Unrecognized CPU data. st=0
[WARNING] Unrecognized CPU data. st=0
[WARNING] Unrecognized CPU data. st=0
[WARNING] Unrecognized CPU data. st=0
[WARNING] Unrecognized CPU data. st=0
[WARNING] Unrecognized CPU data. st=0
[WARNING] Unrecognized CPU data. st=0
[WARNING] Unrecognized CPU data. st=0
[WARNING] Unrecognized CPU data. st=0
[WARNING] Unrecognized CPU data. st=0
[WARNING] Unrecognized CPU data. st=0
[WARNING] Unrecognized CPU data. st=0
[WARNING] Unrecognized CPU data. st=0
[WARNING] Unrecognized CPU data. st=0
[WARNING] Unrecognized CPU data. st=0
[WARNING] Unrecognized CPU data. st=0
[WARNING] Unrecognized CPU data. st=0
[WARNING] Unrecognized CPU data. st=0
[WARNING] Unrecognized CPU data. st=0
[WARNING] Unrecognized CPU data. st=0
[WARNING] Unrecognized CPU data. st=0
[WARNING] Unrecognized CPU data. st=0
[WARNING] Unrecognized CPU data. st=0
[WARNING] Unrecognized CPU data. st=0
[WARNING] Unrecognized CPU data. st=0
[WARNING] Unrecognized CPU data. st=0
[WARNING] Unrecognized CPU data. st=0
[WARNING] Unrecognized CPU data. st=0
[WARNING] Unrecognized CPU data. st=0
[WARNING] Unrecognized CPU data. st=0
[WARNING] Unrecognized CPU data. st=0
[WARNING] Unrecognized CPU data. st=0
[WARNING] Unrecognized CPU data. st=0
[WARNING] Unrecognized CPU data. st=0
[WARNING] Unrecognized CPU data. st=0
[WARNING] Unrecognized CPU data. st=0
[WARNING] Unrecognized CPU data. st=0
[WARNING] Unrecognized CPU data. st=0
[WARNING] Unrecognized CPU data. st=0
[WARNING] Unrecognized CPU data. st=0
[WARNING] Unrecognized CPU data. st=0
[WARNING] Unrecognized CPU data. st=0
[WARNING] Unrecognized CPU data. st=0
[WARNING] Unrecognized CPU data. st=0
[WARNING] Unrecognized CPU data. st=0
[WARNING] Unrecognized CPU data. st=0
[WARNING] Unrecognized CPU data. st=0
[WARNING] Unrecognized CPU data. st=0
[WARNING] Unrecognized CPU data. st=0
[WARNING] Unrecognized CPU data. st=0
[WARNING] Unrecognized CPU data. st=0
[WARNING] Unrecognized CPU data. st=0
[WARNING] Unrecognized CPU data. st=0
[WARNING] Unrecognized CPU data. st=0
[WARNING] Unrecognized CPU data. st=0
[WARNING] Unrecognized CPU data. st=0
[WARNING] Unrecognized CPU data. st=0
[WARNING] Unrecognized CPU data. st=0
[WARNING] Unrecognized CPU data. st=0
[WARNING] Unrecognized CPU data. st=0
[WARNING] Unrecognized CPU data. st=0
[WARNING] Unrecognized CPU data. st=0
[WARNING] Unrecognized CPU data. st=0
[WARNING] Unrecognized CPU data. st=0
[WARNING] Unrecognized CPU data. st=0
[WARNING] Unrecognized CPU data. st=0
[WARNING] Unrecognized CPU data. st=0
[WARNING] Unrecognized CPU data. st=0
[WARNING] Unrecognized CPU data. st=0
#########################################
####    SYSTEM THROUGHPUT SUMMARY    ####
#########################################
System Total Throughput: 2476112
System Total Clients: 50
System Average Throughput: 8393.600000000002
System Average Throughput Excluding Min/Max: 8286.010169491527
System Average Client Throughput: 167.87200000000004
System Average Client Throughput Excluding Min/Max: 165.72020338983054
Min Client Throughput Per Sample: clientName=tx_np_blk_cta_pta_3-beelink2_consumer2JmsConsumer34, value=0
Max Client Throughput Per Sample: clientName=tx_np_blk_cta_pta_3-beelink2_consumer2JmsConsumer4, value=739
Min Client Total Throughput: clientName=tx_np_blk_cta_pta_3-beelink2_consumer2JmsConsumer2, value=49459
Max Client Total Throughput: clientName=tx_np_blk_cta_pta_3-beelink2_consumer2JmsConsumer45, value=49629
Min Average Client Throughput: clientName=tx_np_blk_cta_pta_3-beelink2_consumer2JmsConsumer2, value=167.65762711864406
Max Average Client Throughput: clientName=tx_np_blk_cta_pta_3-beelink2_consumer2JmsConsumer45, value=168.23389830508475
Min Average Client Throughput Excluding Min/Max: clientName=tx_np_blk_cta_pta_3-beelink2_consumer2JmsConsumer20, value=163.74576271186442
Max Average Client Throughput Excluding Min/Max: clientName=tx_np_blk_cta_pta_3-beelink2_consumer2JmsConsumer45, value=166.15593220338982
########################################
####    SYSTEM CPU USAGE SUMMARY    ####
########################################
Total Blocks Received: 15529
Ave Blocks Received: 52.6406779661017
Total Blocks Sent: 8223368
Ave Blocks Sent: 27875.82372881356
Total Context Switches: 78034063
Ave Context Switches: 264522.2474576271
Total User Time: 12184
Ave User Time: 41.30169491525424
Total System Time: 9713
Ave System Time: 32.92542372881356
Total Idle Time: 7310
Ave Idle Time: 24.779661016949152
Total Wait Time: 297
Ave Wait Time: 1.006779661016949
[INFO] Created performance report: /home/jowest/msgaas/amqp-perf-test/./target/tx_np_blk_cta_pta_3-beelink2_consumer2JmsConsumer_numClients50_numDests1_equal.xml
[INFO] ------------------------------------------------------------------------
[INFO] BUILD SUCCESS
[INFO] ------------------------------------------------------------------------
[INFO] Total time: 05:10 min
[INFO] Finished at: 2021-02-09T07:39:42-05:00
[INFO] ------------------------------------------------------------------------
