2021-02-09 09:54:46,517 INFO  [org.apache.activemq.artemis.integration.bootstrap] AMQ101000: Starting ActiveMQ Artemis Server
2021-02-09 09:54:46,555 INFO  [org.apache.activemq.artemis.core.server] AMQ221000: live Message Broker is starting with configuration Broker Configuration (clustered=true,journalDirectory=/home/jowest/msgaas/data/journal,bindingsDirectory=/home/jowest/msgaas/data/bindings,largeMessagesDirectory=/home/jowest/msgaas/data/large-messages,pagingDirectory=/home/jowest/msgaas/data/paging)
2021-02-09 09:54:46,556 INFO  [org.apache.activemq.artemis.core.server] AMQ221006: Waiting to obtain live lock
2021-02-09 09:54:46,574 INFO  [org.apache.activemq.artemis.core.server] AMQ221012: Using AIO Journal
2021-02-09 09:54:46,643 INFO  [org.apache.activemq.artemis.core.server] AMQ221043: Protocol module found: [artemis-server]. Adding protocol support for: CORE
2021-02-09 09:54:46,643 INFO  [org.apache.activemq.artemis.core.server] AMQ221043: Protocol module found: [artemis-amqp-protocol]. Adding protocol support for: AMQP
2021-02-09 09:54:46,644 INFO  [org.apache.activemq.artemis.core.server] AMQ221043: Protocol module found: [artemis-hornetq-protocol]. Adding protocol support for: HORNETQ
2021-02-09 09:54:46,644 INFO  [org.apache.activemq.artemis.core.server] AMQ221043: Protocol module found: [artemis-mqtt-protocol]. Adding protocol support for: MQTT
2021-02-09 09:54:46,644 INFO  [org.apache.activemq.artemis.core.server] AMQ221043: Protocol module found: [artemis-openwire-protocol]. Adding protocol support for: OPENWIRE
2021-02-09 09:54:46,644 INFO  [org.apache.activemq.artemis.core.server] AMQ221043: Protocol module found: [artemis-stomp-protocol]. Adding protocol support for: STOMP
2021-02-09 09:54:46,690 INFO  [org.apache.activemq.artemis.core.server] AMQ221034: Waiting indefinitely to obtain live lock
2021-02-09 09:54:46,690 INFO  [org.apache.activemq.artemis.core.server] AMQ221035: Live Server Obtained live lock
2021-02-09 09:54:46,774 INFO  [org.apache.activemq.artemis.core.server] AMQ221080: Deploying address DLQ supporting [ANYCAST]
2021-02-09 09:54:46,784 INFO  [org.apache.activemq.artemis.core.server] AMQ221003: Deploying ANYCAST queue DLQ on address DLQ
2021-02-09 09:54:46,817 INFO  [org.apache.activemq.artemis.core.server] AMQ221080: Deploying address ExpiryQueue supporting [ANYCAST]
2021-02-09 09:54:46,819 INFO  [org.apache.activemq.artemis.core.server] AMQ221003: Deploying ANYCAST queue ExpiryQueue on address ExpiryQueue
2021-02-09 09:54:47,039 INFO  [org.apache.activemq.artemis.core.server] AMQ221020: Started EPOLL Acceptor at vivo2.milab.joshwest.me:61616 for protocols [CORE,MQTT,AMQP,STOMP,HORNETQ,OPENWIRE]
2021-02-09 09:54:47,046 INFO  [org.apache.activemq.artemis.core.server] AMQ221020: Started EPOLL Acceptor at vivo2.milab.joshwest.me:5672 for protocols [AMQP]
2021-02-09 09:54:47,049 INFO  [org.apache.activemq.artemis.core.server] AMQ221007: Server is now live
2021-02-09 09:54:47,049 INFO  [org.apache.activemq.artemis.core.server] AMQ221001: Apache ActiveMQ Artemis Message Broker version 2.16.0.redhat-00012 [sharedstore_master_1, nodeID=c03f0629-6ae6-11eb-855c-b06ebf0b932a] 
2021-02-09 09:54:47,223 INFO  [org.apache.amq.hawtio.branding.PluginContextListener] Initialized amq-broker-redhat-branding plugin
2021-02-09 09:54:47,253 INFO  [org.apache.activemq.hawtio.plugin.PluginContextListener] Initialized artemis-plugin plugin
2021-02-09 09:54:47,521 INFO  [org.apache.activemq.artemis] AMQ241001: HTTP Server started at http://vivo2.milab.joshwest.me:8161
2021-02-09 09:54:58,055 WARN  [org.apache.activemq.artemis.core.server] AMQ222183: Blocking message production on address 'TEST.PERF'; size is currently: 304,253 bytes; max-size-bytes on address: -1, global-max-size is 304,253
2021-02-09 09:54:58,055 WARN  [org.apache.activemq.artemis.core.server] AMQ222183: Blocking message production on address 'TEST.PERF'; size is currently: 304,253 bytes; max-size-bytes on address: -1, global-max-size is 304,253
2021-02-09 09:54:58,055 WARN  [org.apache.activemq.artemis.core.server] AMQ222183: Blocking message production on address 'TEST.PERF'; size is currently: 304,253 bytes; max-size-bytes on address: -1, global-max-size is 304,253
2021-02-09 09:54:58,055 WARN  [org.apache.activemq.artemis.core.server] AMQ222183: Blocking message production on address 'TEST.PERF'; size is currently: 304,253 bytes; max-size-bytes on address: -1, global-max-size is 304,253
2021-02-09 09:54:58,055 WARN  [org.apache.activemq.artemis.core.server] AMQ222183: Blocking message production on address 'TEST.PERF'; size is currently: 304,253 bytes; max-size-bytes on address: -1, global-max-size is 304,253
2021-02-09 09:54:58,055 WARN  [org.apache.activemq.artemis.core.server] AMQ222183: Blocking message production on address 'TEST.PERF'; size is currently: 304,253 bytes; max-size-bytes on address: -1, global-max-size is 304,253
2021-02-09 09:54:58,055 WARN  [org.apache.activemq.artemis.core.server] AMQ222183: Blocking message production on address 'TEST.PERF'; size is currently: 304,253 bytes; max-size-bytes on address: -1, global-max-size is 304,253
2021-02-09 09:54:58,055 WARN  [org.apache.activemq.artemis.core.server] AMQ222183: Blocking message production on address 'TEST.PERF'; size is currently: 304,253 bytes; max-size-bytes on address: -1, global-max-size is 304,253
2021-02-09 09:54:58,055 WARN  [org.apache.activemq.artemis.core.server] AMQ222183: Blocking message production on address 'TEST.PERF'; size is currently: 304,253 bytes; max-size-bytes on address: -1, global-max-size is 304,253
2021-02-09 09:55:01,513 ERROR [org.apache.activemq.artemis.core.server] AMQ224088: Timeout (10 seconds) on acceptor "amqp" during protocol handshake with /192.168.100.21:35794 has occurred.
2021-02-09 09:55:03,144 ERROR [org.apache.activemq.artemis.core.server] AMQ224088: Timeout (10 seconds) on acceptor "amqp" during protocol handshake with /192.168.100.22:43226 has occurred.
2021-02-09 09:55:04,702 ERROR [org.apache.activemq.artemis.core.server] AMQ224088: Timeout (10 seconds) on acceptor "amqp" during protocol handshake with /192.168.100.23:60262 has occurred.
2021-02-09 09:55:06,251 ERROR [org.apache.activemq.artemis.core.server] AMQ224088: Timeout (10 seconds) on acceptor "amqp" during protocol handshake with /192.168.100.24:55686 has occurred.
2021-02-09 09:55:07,819 ERROR [org.apache.activemq.artemis.core.server] AMQ224088: Timeout (10 seconds) on acceptor "amqp" during protocol handshake with /192.168.100.21:35828 has occurred.
2021-02-09 09:55:09,649 ERROR [org.apache.activemq.artemis.core.server] AMQ224088: Timeout (10 seconds) on acceptor "amqp" during protocol handshake with /192.168.100.22:43262 has occurred.
2021-02-09 09:55:10,913 ERROR [org.apache.activemq.artemis.core.server] AMQ224088: Timeout (10 seconds) on acceptor "amqp" during protocol handshake with /192.168.100.23:60296 has occurred.
2021-02-09 09:55:12,456 ERROR [org.apache.activemq.artemis.core.server] AMQ224088: Timeout (10 seconds) on acceptor "amqp" during protocol handshake with /192.168.100.24:55720 has occurred.
2021-02-09 09:59:51,943 WARN  [org.apache.activemq.artemis.core.server] AMQ222061: Client connection failed, clearing up resources for session c368cdee-6ae6-11eb-855c-b06ebf0b932a
2021-02-09 09:59:51,943 WARN  [org.apache.activemq.artemis.core.server] AMQ222107: Cleared up resources for session c368cdee-6ae6-11eb-855c-b06ebf0b932a
2021-02-09 09:59:53,397 WARN  [org.apache.activemq.artemis.core.server] AMQ222061: Client connection failed, clearing up resources for session c445c088-6ae6-11eb-855c-b06ebf0b932a
2021-02-09 09:59:53,397 WARN  [org.apache.activemq.artemis.core.server] AMQ222107: Cleared up resources for session c445c088-6ae6-11eb-855c-b06ebf0b932a
2021-02-09 09:59:54,975 WARN  [org.apache.activemq.artemis.core.server] AMQ222061: Client connection failed, clearing up resources for session c536141f-6ae6-11eb-855c-b06ebf0b932a
2021-02-09 09:59:54,975 WARN  [org.apache.activemq.artemis.core.server] AMQ222107: Cleared up resources for session c536141f-6ae6-11eb-855c-b06ebf0b932a
2021-02-09 09:59:55,005 WARN  [org.apache.activemq.artemis.core.server] AMQ222061: Client connection failed, clearing up resources for session c53529bb-6ae6-11eb-855c-b06ebf0b932a
2021-02-09 09:59:55,005 WARN  [org.apache.activemq.artemis.core.server] AMQ222107: Cleared up resources for session c53529bb-6ae6-11eb-855c-b06ebf0b932a
2021-02-09 09:59:55,023 WARN  [org.apache.activemq.artemis.core.server] AMQ222061: Client connection failed, clearing up resources for session c5348d70-6ae6-11eb-855c-b06ebf0b932a
2021-02-09 09:59:55,023 WARN  [org.apache.activemq.artemis.core.server] AMQ222107: Cleared up resources for session c5348d70-6ae6-11eb-855c-b06ebf0b932a
