2021-02-09 10:14:20,982 INFO  [org.apache.activemq.artemis.integration.bootstrap] AMQ101000: Starting ActiveMQ Artemis Server
2021-02-09 10:14:21,019 INFO  [org.apache.activemq.artemis.core.server] AMQ221000: live Message Broker is starting with configuration Broker Configuration (clustered=true,journalDirectory=/home/jowest/msgaas/data/journal,bindingsDirectory=/home/jowest/msgaas/data/bindings,largeMessagesDirectory=/home/jowest/msgaas/data/large-messages,pagingDirectory=/home/jowest/msgaas/data/paging)
2021-02-09 10:14:21,020 INFO  [org.apache.activemq.artemis.core.server] AMQ221006: Waiting to obtain live lock
2021-02-09 10:14:21,038 INFO  [org.apache.activemq.artemis.core.server] AMQ221012: Using AIO Journal
2021-02-09 10:14:21,100 INFO  [org.apache.activemq.artemis.core.server] AMQ221043: Protocol module found: [artemis-server]. Adding protocol support for: CORE
2021-02-09 10:14:21,100 INFO  [org.apache.activemq.artemis.core.server] AMQ221043: Protocol module found: [artemis-amqp-protocol]. Adding protocol support for: AMQP
2021-02-09 10:14:21,100 INFO  [org.apache.activemq.artemis.core.server] AMQ221043: Protocol module found: [artemis-hornetq-protocol]. Adding protocol support for: HORNETQ
2021-02-09 10:14:21,100 INFO  [org.apache.activemq.artemis.core.server] AMQ221043: Protocol module found: [artemis-mqtt-protocol]. Adding protocol support for: MQTT
2021-02-09 10:14:21,100 INFO  [org.apache.activemq.artemis.core.server] AMQ221043: Protocol module found: [artemis-openwire-protocol]. Adding protocol support for: OPENWIRE
2021-02-09 10:14:21,101 INFO  [org.apache.activemq.artemis.core.server] AMQ221043: Protocol module found: [artemis-stomp-protocol]. Adding protocol support for: STOMP
2021-02-09 10:14:21,131 INFO  [org.apache.activemq.artemis.core.server] AMQ221034: Waiting indefinitely to obtain live lock
2021-02-09 10:14:21,131 INFO  [org.apache.activemq.artemis.core.server] AMQ221035: Live Server Obtained live lock
2021-02-09 10:14:21,213 INFO  [org.apache.activemq.artemis.core.server] AMQ221080: Deploying address DLQ supporting [ANYCAST]
2021-02-09 10:14:21,223 INFO  [org.apache.activemq.artemis.core.server] AMQ221003: Deploying ANYCAST queue DLQ on address DLQ
2021-02-09 10:14:21,255 INFO  [org.apache.activemq.artemis.core.server] AMQ221080: Deploying address ExpiryQueue supporting [ANYCAST]
2021-02-09 10:14:21,257 INFO  [org.apache.activemq.artemis.core.server] AMQ221003: Deploying ANYCAST queue ExpiryQueue on address ExpiryQueue
2021-02-09 10:14:21,473 INFO  [org.apache.activemq.artemis.core.server] AMQ221020: Started EPOLL Acceptor at vivo2.milab.joshwest.me:61616 for protocols [CORE,MQTT,AMQP,STOMP,HORNETQ,OPENWIRE]
2021-02-09 10:14:21,480 INFO  [org.apache.activemq.artemis.core.server] AMQ221020: Started EPOLL Acceptor at vivo2.milab.joshwest.me:5672 for protocols [AMQP]
2021-02-09 10:14:21,483 INFO  [org.apache.activemq.artemis.core.server] AMQ221007: Server is now live
2021-02-09 10:14:21,483 INFO  [org.apache.activemq.artemis.core.server] AMQ221001: Apache ActiveMQ Artemis Message Broker version 2.16.0.redhat-00012 [sharedstore_master_1, nodeID=7c484f82-6ae9-11eb-a6f8-b06ebf0b932a] 
2021-02-09 10:14:21,632 INFO  [org.apache.amq.hawtio.branding.PluginContextListener] Initialized amq-broker-redhat-branding plugin
2021-02-09 10:14:21,657 INFO  [org.apache.activemq.hawtio.plugin.PluginContextListener] Initialized artemis-plugin plugin
2021-02-09 10:14:21,913 INFO  [org.apache.activemq.artemis] AMQ241001: HTTP Server started at http://vivo2.milab.joshwest.me:8161
2021-02-09 10:14:32,092 WARN  [org.apache.activemq.artemis.core.server] AMQ222183: Blocking message production on address 'TEST.PERF'; size is currently: 82,830 bytes; max-size-bytes on address: -1, global-max-size is 82,830
2021-02-09 10:14:32,093 WARN  [org.apache.activemq.artemis.core.server] AMQ222183: Blocking message production on address 'TEST.PERF'; size is currently: 82,830 bytes; max-size-bytes on address: -1, global-max-size is 82,830
2021-02-09 10:14:32,093 WARN  [org.apache.activemq.artemis.core.server] AMQ222183: Blocking message production on address 'TEST.PERF'; size is currently: 82,830 bytes; max-size-bytes on address: -1, global-max-size is 82,830
2021-02-09 10:14:32,092 WARN  [org.apache.activemq.artemis.core.server] AMQ222183: Blocking message production on address 'TEST.PERF'; size is currently: 82,830 bytes; max-size-bytes on address: -1, global-max-size is 82,830
2021-02-09 10:14:32,092 WARN  [org.apache.activemq.artemis.core.server] AMQ222183: Blocking message production on address 'TEST.PERF'; size is currently: 82,830 bytes; max-size-bytes on address: -1, global-max-size is 82,830
2021-02-09 10:14:32,092 WARN  [org.apache.activemq.artemis.core.server] AMQ222183: Blocking message production on address 'TEST.PERF'; size is currently: 82,830 bytes; max-size-bytes on address: -1, global-max-size is 82,830
2021-02-09 10:14:32,093 WARN  [org.apache.activemq.artemis.core.server] AMQ222183: Blocking message production on address 'TEST.PERF'; size is currently: 82,830 bytes; max-size-bytes on address: -1, global-max-size is 82,830
2021-02-09 10:14:32,093 WARN  [org.apache.activemq.artemis.core.server] AMQ222183: Blocking message production on address 'TEST.PERF'; size is currently: 82,830 bytes; max-size-bytes on address: -1, global-max-size is 82,830
2021-02-09 10:14:32,092 WARN  [org.apache.activemq.artemis.core.server] AMQ222183: Blocking message production on address 'TEST.PERF'; size is currently: 82,830 bytes; max-size-bytes on address: -1, global-max-size is 82,830
2021-02-09 10:14:38,611 ERROR [org.apache.activemq.artemis.core.server] AMQ224088: Timeout (10 seconds) on acceptor "amqp" during protocol handshake with /192.168.100.21:36182 has occurred.
2021-02-09 10:14:38,877 ERROR [org.apache.activemq.artemis.core.server] AMQ224088: Timeout (10 seconds) on acceptor "amqp" during protocol handshake with /192.168.100.23:60658 has occurred.
2021-02-09 10:14:40,598 ERROR [org.apache.activemq.artemis.core.server] AMQ224088: Timeout (10 seconds) on acceptor "amqp" during protocol handshake with /192.168.100.24:56062 has occurred.
2021-02-09 10:14:40,644 ERROR [org.apache.activemq.artemis.core.server] AMQ224088: Timeout (10 seconds) on acceptor "amqp" during protocol handshake with /192.168.100.22:43612 has occurred.
2021-02-09 10:14:41,776 ERROR [org.apache.activemq.artemis.core.server] AMQ224088: Timeout (10 seconds) on acceptor "amqp" during protocol handshake with /192.168.100.21:36402 has occurred.
2021-02-09 10:15:06,402 ERROR [org.apache.activemq.artemis.core.server] AMQ224088: Timeout (10 seconds) on acceptor "amqp" during protocol handshake with /192.168.100.23:60872 has occurred.
2021-02-09 10:15:07,720 ERROR [org.apache.activemq.artemis.core.server] AMQ224088: Timeout (10 seconds) on acceptor "amqp" during protocol handshake with /192.168.100.22:43868 has occurred.
2021-02-09 10:15:08,161 ERROR [org.apache.activemq.artemis.core.server] AMQ224088: Timeout (10 seconds) on acceptor "amqp" during protocol handshake with /192.168.100.24:56264 has occurred.
2021-02-09 10:19:29,243 WARN  [org.apache.activemq.artemis.core.server] AMQ222061: Client connection failed, clearing up resources for session 8127b75e-6ae9-11eb-a6f8-b06ebf0b932a
2021-02-09 10:19:29,243 WARN  [org.apache.activemq.artemis.core.server] AMQ222107: Cleared up resources for session 8127b75e-6ae9-11eb-a6f8-b06ebf0b932a
2021-02-09 10:19:29,243 WARN  [org.apache.activemq.artemis.core.server] AMQ222061: Client connection failed, clearing up resources for session 81219d7b-6ae9-11eb-a6f8-b06ebf0b932a
2021-02-09 10:19:29,243 WARN  [org.apache.activemq.artemis.core.server] AMQ222107: Cleared up resources for session 81219d7b-6ae9-11eb-a6f8-b06ebf0b932a
2021-02-09 10:19:29,243 WARN  [org.apache.activemq.artemis.core.server] AMQ222061: Client connection failed, clearing up resources for session 811f7a7d-6ae9-11eb-a6f8-b06ebf0b932a
2021-02-09 10:19:29,244 WARN  [org.apache.activemq.artemis.core.server] AMQ222107: Cleared up resources for session 811f7a7d-6ae9-11eb-a6f8-b06ebf0b932a
2021-02-09 10:19:29,244 WARN  [org.apache.activemq.artemis.core.server] AMQ222061: Client connection failed, clearing up resources for session 81282c98-6ae9-11eb-a6f8-b06ebf0b932a
2021-02-09 10:19:29,244 WARN  [org.apache.activemq.artemis.core.server] AMQ222107: Cleared up resources for session 81282c98-6ae9-11eb-a6f8-b06ebf0b932a
2021-02-09 10:19:29,247 WARN  [org.apache.activemq.artemis.core.server] AMQ222061: Client connection failed, clearing up resources for session 81245cbf-6ae9-11eb-a6f8-b06ebf0b932a
2021-02-09 10:19:29,247 WARN  [org.apache.activemq.artemis.core.server] AMQ222107: Cleared up resources for session 81245cbf-6ae9-11eb-a6f8-b06ebf0b932a
2021-02-09 10:19:29,249 WARN  [org.apache.activemq.artemis.core.server] AMQ222061: Client connection failed, clearing up resources for session 811da594-6ae9-11eb-a6f8-b06ebf0b932a
2021-02-09 10:19:29,249 WARN  [org.apache.activemq.artemis.core.server] AMQ222107: Cleared up resources for session 811da594-6ae9-11eb-a6f8-b06ebf0b932a
2021-02-09 10:19:29,249 WARN  [org.apache.activemq.artemis.core.server] AMQ222061: Client connection failed, clearing up resources for session 81219d78-6ae9-11eb-a6f8-b06ebf0b932a
2021-02-09 10:19:29,249 WARN  [org.apache.activemq.artemis.core.server] AMQ222107: Cleared up resources for session 81219d78-6ae9-11eb-a6f8-b06ebf0b932a
2021-02-09 10:19:29,250 WARN  [org.apache.activemq.artemis.core.server] AMQ222061: Client connection failed, clearing up resources for session 811d5761-6ae9-11eb-a6f8-b06ebf0b932a
2021-02-09 10:19:29,251 WARN  [org.apache.activemq.artemis.core.server] AMQ222107: Cleared up resources for session 811d5761-6ae9-11eb-a6f8-b06ebf0b932a
2021-02-09 10:19:29,252 WARN  [org.apache.activemq.artemis.core.server] AMQ222061: Client connection failed, clearing up resources for session 811d7e7e-6ae9-11eb-a6f8-b06ebf0b932a
2021-02-09 10:19:29,252 WARN  [org.apache.activemq.artemis.core.server] AMQ222107: Cleared up resources for session 811d7e7e-6ae9-11eb-a6f8-b06ebf0b932a
2021-02-09 10:19:29,253 WARN  [org.apache.activemq.artemis.core.server] AMQ222061: Client connection failed, clearing up resources for session 811ce21e-6ae9-11eb-a6f8-b06ebf0b932a
2021-02-09 10:19:29,254 WARN  [org.apache.activemq.artemis.core.server] AMQ222107: Cleared up resources for session 811ce21e-6ae9-11eb-a6f8-b06ebf0b932a
2021-02-09 10:19:29,255 WARN  [org.apache.activemq.artemis.core.server] AMQ222061: Client connection failed, clearing up resources for session 811df3c6-6ae9-11eb-a6f8-b06ebf0b932a
2021-02-09 10:19:29,255 WARN  [org.apache.activemq.artemis.core.server] AMQ222107: Cleared up resources for session 811df3c6-6ae9-11eb-a6f8-b06ebf0b932a
2021-02-09 10:19:29,255 WARN  [org.apache.activemq.artemis.core.server] AMQ222061: Client connection failed, clearing up resources for session 812483d9-6ae9-11eb-a6f8-b06ebf0b932a
2021-02-09 10:19:29,256 WARN  [org.apache.activemq.artemis.core.server] AMQ222107: Cleared up resources for session 812483d9-6ae9-11eb-a6f8-b06ebf0b932a
2021-02-09 10:19:29,256 WARN  [org.apache.activemq.artemis.core.server] AMQ222061: Client connection failed, clearing up resources for session 81203ddb-6ae9-11eb-a6f8-b06ebf0b932a
2021-02-09 10:19:29,256 WARN  [org.apache.activemq.artemis.core.server] AMQ222107: Cleared up resources for session 81203ddb-6ae9-11eb-a6f8-b06ebf0b932a
2021-02-09 10:19:29,257 WARN  [org.apache.activemq.artemis.core.server] AMQ222061: Client connection failed, clearing up resources for session 812bd67c-6ae9-11eb-a6f8-b06ebf0b932a
2021-02-09 10:19:29,257 WARN  [org.apache.activemq.artemis.core.server] AMQ222107: Cleared up resources for session 812bd67c-6ae9-11eb-a6f8-b06ebf0b932a
2021-02-09 10:19:29,258 WARN  [org.apache.activemq.artemis.core.server] AMQ222061: Client connection failed, clearing up resources for session 8127904b-6ae9-11eb-a6f8-b06ebf0b932a
2021-02-09 10:19:29,259 WARN  [org.apache.activemq.artemis.core.server] AMQ222107: Cleared up resources for session 8127904b-6ae9-11eb-a6f8-b06ebf0b932a
2021-02-09 10:19:29,261 WARN  [org.apache.activemq.artemis.core.server] AMQ222061: Client connection failed, clearing up resources for session 812c72ca-6ae9-11eb-a6f8-b06ebf0b932a
2021-02-09 10:19:29,261 WARN  [org.apache.activemq.artemis.core.server] AMQ222107: Cleared up resources for session 812c72ca-6ae9-11eb-a6f8-b06ebf0b932a
2021-02-09 10:19:29,263 WARN  [org.apache.activemq.artemis.core.server] AMQ222061: Client connection failed, clearing up resources for session 811d3048-6ae9-11eb-a6f8-b06ebf0b932a
2021-02-09 10:19:29,263 WARN  [org.apache.activemq.artemis.core.server] AMQ222107: Cleared up resources for session 811d3048-6ae9-11eb-a6f8-b06ebf0b932a
2021-02-09 10:19:29,264 WARN  [org.apache.activemq.artemis.core.server] AMQ222061: Client connection failed, clearing up resources for session 8124f915-6ae9-11eb-a6f8-b06ebf0b932a
2021-02-09 10:19:29,264 WARN  [org.apache.activemq.artemis.core.server] AMQ222107: Cleared up resources for session 8124f915-6ae9-11eb-a6f8-b06ebf0b932a
2021-02-09 10:19:29,267 WARN  [org.apache.activemq.artemis.core.server] AMQ222061: Client connection failed, clearing up resources for session 81280583-6ae9-11eb-a6f8-b06ebf0b932a
2021-02-09 10:19:29,267 WARN  [org.apache.activemq.artemis.core.server] AMQ222107: Cleared up resources for session 81280583-6ae9-11eb-a6f8-b06ebf0b932a
2021-02-09 10:19:29,276 WARN  [org.apache.activemq.artemis.core.server] AMQ222061: Client connection failed, clearing up resources for session 812c99de-6ae9-11eb-a6f8-b06ebf0b932a
2021-02-09 10:19:29,276 WARN  [org.apache.activemq.artemis.core.server] AMQ222107: Cleared up resources for session 812c99de-6ae9-11eb-a6f8-b06ebf0b932a
2021-02-09 10:19:29,277 WARN  [org.apache.activemq.artemis.core.server] AMQ222061: Client connection failed, clearing up resources for session 81282c96-6ae9-11eb-a6f8-b06ebf0b932a
2021-02-09 10:19:29,277 WARN  [org.apache.activemq.artemis.core.server] AMQ222107: Cleared up resources for session 81282c96-6ae9-11eb-a6f8-b06ebf0b932a
2021-02-09 10:19:29,278 WARN  [org.apache.activemq.artemis.core.server] AMQ222061: Client connection failed, clearing up resources for session 812bd67b-6ae9-11eb-a6f8-b06ebf0b932a
2021-02-09 10:19:29,278 WARN  [org.apache.activemq.artemis.core.server] AMQ222107: Cleared up resources for session 812bd67b-6ae9-11eb-a6f8-b06ebf0b932a
2021-02-09 10:19:29,278 WARN  [org.apache.activemq.artemis.core.server] AMQ222061: Client connection failed, clearing up resources for session 812016c7-6ae9-11eb-a6f8-b06ebf0b932a
2021-02-09 10:19:29,278 WARN  [org.apache.activemq.artemis.core.server] AMQ222107: Cleared up resources for session 812016c7-6ae9-11eb-a6f8-b06ebf0b932a
2021-02-09 10:19:29,278 WARN  [org.apache.activemq.artemis.core.server] AMQ222061: Client connection failed, clearing up resources for session 81276939-6ae9-11eb-a6f8-b06ebf0b932a
2021-02-09 10:19:29,278 WARN  [org.apache.activemq.artemis.core.server] AMQ222107: Cleared up resources for session 81276939-6ae9-11eb-a6f8-b06ebf0b932a
2021-02-09 10:19:29,281 WARN  [org.apache.activemq.artemis.core.server] AMQ222061: Client connection failed, clearing up resources for session 812c24a4-6ae9-11eb-a6f8-b06ebf0b932a
2021-02-09 10:19:29,281 WARN  [org.apache.activemq.artemis.core.server] AMQ222107: Cleared up resources for session 812c24a4-6ae9-11eb-a6f8-b06ebf0b932a
2021-02-09 10:19:29,286 WARN  [org.apache.activemq.artemis.core.server] AMQ222061: Client connection failed, clearing up resources for session 811fc8a4-6ae9-11eb-a6f8-b06ebf0b932a
2021-02-09 10:19:29,286 WARN  [org.apache.activemq.artemis.core.server] AMQ222107: Cleared up resources for session 811fc8a4-6ae9-11eb-a6f8-b06ebf0b932a
2021-02-09 10:19:29,286 WARN  [org.apache.activemq.artemis.core.server] AMQ222061: Client connection failed, clearing up resources for session 81296547-6ae9-11eb-a6f8-b06ebf0b932a
2021-02-09 10:19:29,286 WARN  [org.apache.activemq.artemis.core.server] AMQ222107: Cleared up resources for session 81296547-6ae9-11eb-a6f8-b06ebf0b932a
2021-02-09 10:19:29,289 WARN  [org.apache.activemq.artemis.core.server] AMQ222061: Client connection failed, clearing up resources for session 8126319d-6ae9-11eb-a6f8-b06ebf0b932a
2021-02-09 10:19:29,290 WARN  [org.apache.activemq.artemis.core.server] AMQ222061: Client connection failed, clearing up resources for session 812212b8-6ae9-11eb-a6f8-b06ebf0b932a
2021-02-09 10:19:29,290 WARN  [org.apache.activemq.artemis.core.server] AMQ222107: Cleared up resources for session 8126319d-6ae9-11eb-a6f8-b06ebf0b932a
2021-02-09 10:19:29,290 WARN  [org.apache.activemq.artemis.core.server] AMQ222107: Cleared up resources for session 812212b8-6ae9-11eb-a6f8-b06ebf0b932a
2021-02-09 10:19:29,290 WARN  [org.apache.activemq.artemis.core.server] AMQ222061: Client connection failed, clearing up resources for session 81267ec4-6ae9-11eb-a6f8-b06ebf0b932a
2021-02-09 10:19:29,290 WARN  [org.apache.activemq.artemis.core.server] AMQ222107: Cleared up resources for session 81267ec4-6ae9-11eb-a6f8-b06ebf0b932a
2021-02-09 10:19:29,290 WARN  [org.apache.activemq.artemis.core.server] AMQ222061: Client connection failed, clearing up resources for session 81287abf-6ae9-11eb-a6f8-b06ebf0b932a
2021-02-09 10:19:29,290 WARN  [org.apache.activemq.artemis.core.server] AMQ222107: Cleared up resources for session 81287abf-6ae9-11eb-a6f8-b06ebf0b932a
2021-02-09 10:19:29,290 WARN  [org.apache.activemq.artemis.core.server] AMQ222061: Client connection failed, clearing up resources for session 811b0d55-6ae9-11eb-a6f8-b06ebf0b932a
2021-02-09 10:19:29,290 WARN  [org.apache.activemq.artemis.core.server] AMQ222061: Client connection failed, clearing up resources for session 8123242c-6ae9-11eb-a6f8-b06ebf0b932a
2021-02-09 10:19:29,290 WARN  [org.apache.activemq.artemis.core.server] AMQ222107: Cleared up resources for session 811b0d55-6ae9-11eb-a6f8-b06ebf0b932a
2021-02-09 10:19:29,290 WARN  [org.apache.activemq.artemis.core.server] AMQ222061: Client connection failed, clearing up resources for session 812c24a6-6ae9-11eb-a6f8-b06ebf0b932a
2021-02-09 10:19:29,291 WARN  [org.apache.activemq.artemis.core.server] AMQ222061: Client connection failed, clearing up resources for session 81287abc-6ae9-11eb-a6f8-b06ebf0b932a
2021-02-09 10:19:29,291 WARN  [org.apache.activemq.artemis.core.server] AMQ222107: Cleared up resources for session 8123242c-6ae9-11eb-a6f8-b06ebf0b932a
2021-02-09 10:19:29,291 WARN  [org.apache.activemq.artemis.core.server] AMQ222107: Cleared up resources for session 812c24a6-6ae9-11eb-a6f8-b06ebf0b932a
2021-02-09 10:19:29,291 WARN  [org.apache.activemq.artemis.core.server] AMQ222061: Client connection failed, clearing up resources for session 8129da87-6ae9-11eb-a6f8-b06ebf0b932a
2021-02-09 10:19:29,291 WARN  [org.apache.activemq.artemis.core.server] AMQ222107: Cleared up resources for session 81287abc-6ae9-11eb-a6f8-b06ebf0b932a
2021-02-09 10:19:29,291 WARN  [org.apache.activemq.artemis.core.server] AMQ222107: Cleared up resources for session 8129da87-6ae9-11eb-a6f8-b06ebf0b932a
2021-02-09 10:19:29,291 WARN  [org.apache.activemq.artemis.core.server] AMQ222061: Client connection failed, clearing up resources for session 811df3c0-6ae9-11eb-a6f8-b06ebf0b932a
2021-02-09 10:19:29,291 WARN  [org.apache.activemq.artemis.core.server] AMQ222107: Cleared up resources for session 811df3c0-6ae9-11eb-a6f8-b06ebf0b932a
2021-02-09 10:19:29,291 WARN  [org.apache.activemq.artemis.core.server] AMQ222061: Client connection failed, clearing up resources for session 8128effd-6ae9-11eb-a6f8-b06ebf0b932a
2021-02-09 10:19:29,291 WARN  [org.apache.activemq.artemis.core.server] AMQ222107: Cleared up resources for session 8128effd-6ae9-11eb-a6f8-b06ebf0b932a
2021-02-09 10:19:29,294 WARN  [org.apache.activemq.artemis.core.server] AMQ222061: Client connection failed, clearing up resources for session 8128effe-6ae9-11eb-a6f8-b06ebf0b932a
2021-02-09 10:19:29,295 WARN  [org.apache.activemq.artemis.core.server] AMQ222061: Client connection failed, clearing up resources for session 81208c00-6ae9-11eb-a6f8-b06ebf0b932a
2021-02-09 10:19:29,295 WARN  [org.apache.activemq.artemis.core.server] AMQ222107: Cleared up resources for session 8128effe-6ae9-11eb-a6f8-b06ebf0b932a
2021-02-09 10:19:29,295 WARN  [org.apache.activemq.artemis.core.server] AMQ222107: Cleared up resources for session 81208c00-6ae9-11eb-a6f8-b06ebf0b932a
2021-02-09 10:19:29,295 WARN  [org.apache.activemq.artemis.core.server] AMQ222061: Client connection failed, clearing up resources for session 81298c5c-6ae9-11eb-a6f8-b06ebf0b932a
2021-02-09 10:19:29,295 WARN  [org.apache.activemq.artemis.core.server] AMQ222107: Cleared up resources for session 81298c5c-6ae9-11eb-a6f8-b06ebf0b932a
2021-02-09 10:19:29,296 WARN  [org.apache.activemq.artemis.core.server] AMQ222061: Client connection failed, clearing up resources for session 811b0d4e-6ae9-11eb-a6f8-b06ebf0b932a
2021-02-09 10:19:29,296 WARN  [org.apache.activemq.artemis.core.server] AMQ222107: Cleared up resources for session 811b0d4e-6ae9-11eb-a6f8-b06ebf0b932a
2021-02-09 10:19:29,298 WARN  [org.apache.activemq.artemis.core.server] AMQ222061: Client connection failed, clearing up resources for session 8124aaec-6ae9-11eb-a6f8-b06ebf0b932a
2021-02-09 10:19:29,298 WARN  [org.apache.activemq.artemis.core.server] AMQ222107: Cleared up resources for session 8124aaec-6ae9-11eb-a6f8-b06ebf0b932a
2021-02-09 10:19:29,298 WARN  [org.apache.activemq.artemis.core.server] AMQ222061: Client connection failed, clearing up resources for session 8126319f-6ae9-11eb-a6f8-b06ebf0b932a
2021-02-09 10:19:29,298 WARN  [org.apache.activemq.artemis.core.server] AMQ222107: Cleared up resources for session 8126319f-6ae9-11eb-a6f8-b06ebf0b932a
2021-02-09 10:19:29,299 WARN  [org.apache.activemq.artemis.core.server] AMQ222061: Client connection failed, clearing up resources for session 81214f56-6ae9-11eb-a6f8-b06ebf0b932a
2021-02-09 10:19:29,299 WARN  [org.apache.activemq.artemis.core.server] AMQ222107: Cleared up resources for session 81214f56-6ae9-11eb-a6f8-b06ebf0b932a
2021-02-09 10:19:30,975 WARN  [org.apache.activemq.artemis.core.server] AMQ222061: Client connection failed, clearing up resources for session 823111c6-6ae9-11eb-a6f8-b06ebf0b932a
2021-02-09 10:19:30,975 WARN  [org.apache.activemq.artemis.core.server] AMQ222107: Cleared up resources for session 823111c6-6ae9-11eb-a6f8-b06ebf0b932a
2021-02-09 10:19:30,975 WARN  [org.apache.activemq.artemis.core.server] AMQ222061: Client connection failed, clearing up resources for session 82335bc1-6ae9-11eb-a6f8-b06ebf0b932a
2021-02-09 10:19:30,975 WARN  [org.apache.activemq.artemis.core.server] AMQ222107: Cleared up resources for session 82335bc1-6ae9-11eb-a6f8-b06ebf0b932a
2021-02-09 10:19:31,027 WARN  [org.apache.activemq.artemis.core.server] AMQ222061: Client connection failed, clearing up resources for session 8230c39c-6ae9-11eb-a6f8-b06ebf0b932a
2021-02-09 10:19:31,027 WARN  [org.apache.activemq.artemis.core.server] AMQ222107: Cleared up resources for session 8230c39c-6ae9-11eb-a6f8-b06ebf0b932a
2021-02-09 10:19:31,039 WARN  [org.apache.activemq.artemis.core.server] AMQ222061: Client connection failed, clearing up resources for session 8230eaae-6ae9-11eb-a6f8-b06ebf0b932a
2021-02-09 10:19:31,040 WARN  [org.apache.activemq.artemis.core.server] AMQ222107: Cleared up resources for session 8230eaae-6ae9-11eb-a6f8-b06ebf0b932a
2021-02-09 10:19:31,063 WARN  [org.apache.activemq.artemis.core.server] AMQ222061: Client connection failed, clearing up resources for session 8240c872-6ae9-11eb-a6f8-b06ebf0b932a
2021-02-09 10:19:31,064 WARN  [org.apache.activemq.artemis.core.server] AMQ222107: Cleared up resources for session 8240c872-6ae9-11eb-a6f8-b06ebf0b932a
2021-02-09 10:19:31,064 WARN  [org.apache.activemq.artemis.core.server] AMQ222061: Client connection failed, clearing up resources for session 8243127c-6ae9-11eb-a6f8-b06ebf0b932a
2021-02-09 10:19:31,064 WARN  [org.apache.activemq.artemis.core.server] AMQ222107: Cleared up resources for session 8243127c-6ae9-11eb-a6f8-b06ebf0b932a
2021-02-09 10:19:31,117 WARN  [org.apache.activemq.artemis.core.server] AMQ222061: Client connection failed, clearing up resources for session 824c6186-6ae9-11eb-a6f8-b06ebf0b932a
2021-02-09 10:19:31,117 WARN  [org.apache.activemq.artemis.core.server] AMQ222107: Cleared up resources for session 824c6186-6ae9-11eb-a6f8-b06ebf0b932a
2021-02-09 10:19:31,151 WARN  [org.apache.activemq.artemis.core.server] AMQ222061: Client connection failed, clearing up resources for session 823111c3-6ae9-11eb-a6f8-b06ebf0b932a
2021-02-09 10:19:31,151 WARN  [org.apache.activemq.artemis.core.server] AMQ222107: Cleared up resources for session 823111c3-6ae9-11eb-a6f8-b06ebf0b932a
2021-02-09 10:19:31,165 WARN  [org.apache.activemq.artemis.core.server] AMQ222061: Client connection failed, clearing up resources for session 824842b6-6ae9-11eb-a6f8-b06ebf0b932a
2021-02-09 10:19:31,165 WARN  [org.apache.activemq.artemis.core.server] AMQ222107: Cleared up resources for session 824842b6-6ae9-11eb-a6f8-b06ebf0b932a
2021-02-09 10:19:31,165 WARN  [org.apache.activemq.artemis.core.server] AMQ222061: Client connection failed, clearing up resources for session 8248b7e8-6ae9-11eb-a6f8-b06ebf0b932a
2021-02-09 10:19:31,165 WARN  [org.apache.activemq.artemis.core.server] AMQ222107: Cleared up resources for session 8248b7e8-6ae9-11eb-a6f8-b06ebf0b932a
2021-02-09 10:19:31,203 WARN  [org.apache.activemq.artemis.core.server] AMQ222061: Client connection failed, clearing up resources for session 825a92a9-6ae9-11eb-a6f8-b06ebf0b932a
2021-02-09 10:19:31,203 WARN  [org.apache.activemq.artemis.core.server] AMQ222107: Cleared up resources for session 825a92a9-6ae9-11eb-a6f8-b06ebf0b932a
2021-02-09 10:19:31,204 WARN  [org.apache.activemq.artemis.core.server] AMQ222061: Client connection failed, clearing up resources for session 825cb5ba-6ae9-11eb-a6f8-b06ebf0b932a
2021-02-09 10:19:31,204 WARN  [org.apache.activemq.artemis.core.server] AMQ222107: Cleared up resources for session 825cb5ba-6ae9-11eb-a6f8-b06ebf0b932a
2021-02-09 10:19:31,223 WARN  [org.apache.activemq.artemis.core.server] AMQ222061: Client connection failed, clearing up resources for session 825b2efb-6ae9-11eb-a6f8-b06ebf0b932a
2021-02-09 10:19:31,223 WARN  [org.apache.activemq.artemis.core.server] AMQ222107: Cleared up resources for session 825b2efb-6ae9-11eb-a6f8-b06ebf0b932a
2021-02-09 10:19:31,242 WARN  [org.apache.activemq.artemis.core.server] AMQ222061: Client connection failed, clearing up resources for session 8258bdba-6ae9-11eb-a6f8-b06ebf0b932a
2021-02-09 10:19:31,243 WARN  [org.apache.activemq.artemis.core.server] AMQ222107: Cleared up resources for session 8258bdba-6ae9-11eb-a6f8-b06ebf0b932a
2021-02-09 10:19:31,243 WARN  [org.apache.activemq.artemis.core.server] AMQ222061: Client connection failed, clearing up resources for session 82595a08-6ae9-11eb-a6f8-b06ebf0b932a
2021-02-09 10:19:31,243 WARN  [org.apache.activemq.artemis.core.server] AMQ222107: Cleared up resources for session 82595a08-6ae9-11eb-a6f8-b06ebf0b932a
2021-02-09 10:19:31,244 WARN  [org.apache.activemq.artemis.core.server] AMQ222061: Client connection failed, clearing up resources for session 8259cf47-6ae9-11eb-a6f8-b06ebf0b932a
2021-02-09 10:19:31,245 WARN  [org.apache.activemq.artemis.core.server] AMQ222107: Cleared up resources for session 8259cf47-6ae9-11eb-a6f8-b06ebf0b932a
2021-02-09 10:19:31,248 WARN  [org.apache.activemq.artemis.core.server] AMQ222061: Client connection failed, clearing up resources for session 825a6b96-6ae9-11eb-a6f8-b06ebf0b932a
2021-02-09 10:19:31,248 WARN  [org.apache.activemq.artemis.core.server] AMQ222107: Cleared up resources for session 825a6b96-6ae9-11eb-a6f8-b06ebf0b932a
2021-02-09 10:19:31,250 WARN  [org.apache.activemq.artemis.core.server] AMQ222061: Client connection failed, clearing up resources for session 825b5616-6ae9-11eb-a6f8-b06ebf0b932a
2021-02-09 10:19:31,250 WARN  [org.apache.activemq.artemis.core.server] AMQ222107: Cleared up resources for session 825b5616-6ae9-11eb-a6f8-b06ebf0b932a
2021-02-09 10:19:31,253 WARN  [org.apache.activemq.artemis.core.server] AMQ222061: Client connection failed, clearing up resources for session 8259f65a-6ae9-11eb-a6f8-b06ebf0b932a
2021-02-09 10:19:31,253 WARN  [org.apache.activemq.artemis.core.server] AMQ222107: Cleared up resources for session 8259f65a-6ae9-11eb-a6f8-b06ebf0b932a
2021-02-09 10:19:31,253 WARN  [org.apache.activemq.artemis.core.server] AMQ222061: Client connection failed, clearing up resources for session 825b2efc-6ae9-11eb-a6f8-b06ebf0b932a
2021-02-09 10:19:31,254 WARN  [org.apache.activemq.artemis.core.server] AMQ222107: Cleared up resources for session 825b2efc-6ae9-11eb-a6f8-b06ebf0b932a
2021-02-09 10:19:31,278 WARN  [org.apache.activemq.artemis.core.server] AMQ222061: Client connection failed, clearing up resources for session 825ae0ce-6ae9-11eb-a6f8-b06ebf0b932a
2021-02-09 10:19:31,279 WARN  [org.apache.activemq.artemis.core.server] AMQ222107: Cleared up resources for session 825ae0ce-6ae9-11eb-a6f8-b06ebf0b932a
2021-02-09 10:19:31,292 WARN  [org.apache.activemq.artemis.core.server] AMQ222061: Client connection failed, clearing up resources for session 825a4484-6ae9-11eb-a6f8-b06ebf0b932a
2021-02-09 10:19:31,292 WARN  [org.apache.activemq.artemis.core.server] AMQ222107: Cleared up resources for session 825a4484-6ae9-11eb-a6f8-b06ebf0b932a
2021-02-09 10:19:31,321 WARN  [org.apache.activemq.artemis.core.server] AMQ222061: Client connection failed, clearing up resources for session 825a6b97-6ae9-11eb-a6f8-b06ebf0b932a
2021-02-09 10:19:31,321 WARN  [org.apache.activemq.artemis.core.server] AMQ222107: Cleared up resources for session 825a6b97-6ae9-11eb-a6f8-b06ebf0b932a
2021-02-09 10:19:31,429 WARN  [org.apache.activemq.artemis.core.server] AMQ222061: Client connection failed, clearing up resources for session 825a447f-6ae9-11eb-a6f8-b06ebf0b932a
2021-02-09 10:19:31,429 WARN  [org.apache.activemq.artemis.core.server] AMQ222107: Cleared up resources for session 825a447f-6ae9-11eb-a6f8-b06ebf0b932a
2021-02-09 10:19:31,441 WARN  [org.apache.activemq.artemis.core.server] AMQ222061: Client connection failed, clearing up resources for session 825b07e2-6ae9-11eb-a6f8-b06ebf0b932a
2021-02-09 10:19:31,441 WARN  [org.apache.activemq.artemis.core.server] AMQ222107: Cleared up resources for session 825b07e2-6ae9-11eb-a6f8-b06ebf0b932a
2021-02-09 10:19:31,466 WARN  [org.apache.activemq.artemis.core.server] AMQ222061: Client connection failed, clearing up resources for session 826edd51-6ae9-11eb-a6f8-b06ebf0b932a
2021-02-09 10:19:31,466 WARN  [org.apache.activemq.artemis.core.server] AMQ222107: Cleared up resources for session 826edd51-6ae9-11eb-a6f8-b06ebf0b932a
2021-02-09 10:19:31,466 WARN  [org.apache.activemq.artemis.core.server] AMQ222061: Client connection failed, clearing up resources for session 8271eaa4-6ae9-11eb-a6f8-b06ebf0b932a
2021-02-09 10:19:31,466 WARN  [org.apache.activemq.artemis.core.server] AMQ222107: Cleared up resources for session 8271eaa4-6ae9-11eb-a6f8-b06ebf0b932a
2021-02-09 10:19:31,479 WARN  [org.apache.activemq.artemis.core.server] AMQ222061: Client connection failed, clearing up resources for session 825932f7-6ae9-11eb-a6f8-b06ebf0b932a
2021-02-09 10:19:31,479 WARN  [org.apache.activemq.artemis.core.server] AMQ222107: Cleared up resources for session 825932f7-6ae9-11eb-a6f8-b06ebf0b932a
2021-02-09 10:19:31,479 WARN  [org.apache.activemq.artemis.core.server] AMQ222061: Client connection failed, clearing up resources for session 8272fc20-6ae9-11eb-a6f8-b06ebf0b932a
2021-02-09 10:19:31,479 WARN  [org.apache.activemq.artemis.core.server] AMQ222107: Cleared up resources for session 8272fc20-6ae9-11eb-a6f8-b06ebf0b932a
2021-02-09 10:19:31,569 WARN  [org.apache.activemq.artemis.core.server] AMQ222061: Client connection failed, clearing up resources for session 824de833-6ae9-11eb-a6f8-b06ebf0b932a
2021-02-09 10:19:31,569 WARN  [org.apache.activemq.artemis.core.server] AMQ222107: Cleared up resources for session 824de833-6ae9-11eb-a6f8-b06ebf0b932a
2021-02-09 10:19:31,617 WARN  [org.apache.activemq.artemis.core.server] AMQ222061: Client connection failed, clearing up resources for session 8257d34f-6ae9-11eb-a6f8-b06ebf0b932a
2021-02-09 10:19:31,617 WARN  [org.apache.activemq.artemis.core.server] AMQ222107: Cleared up resources for session 8257d34f-6ae9-11eb-a6f8-b06ebf0b932a
2021-02-09 10:19:31,667 WARN  [org.apache.activemq.artemis.core.server] AMQ222061: Client connection failed, clearing up resources for session 827286eb-6ae9-11eb-a6f8-b06ebf0b932a
2021-02-09 10:19:31,667 WARN  [org.apache.activemq.artemis.core.server] AMQ222107: Cleared up resources for session 827286eb-6ae9-11eb-a6f8-b06ebf0b932a
2021-02-09 10:19:31,685 WARN  [org.apache.activemq.artemis.core.server] AMQ222061: Client connection failed, clearing up resources for session 82590bde-6ae9-11eb-a6f8-b06ebf0b932a
2021-02-09 10:19:31,685 WARN  [org.apache.activemq.artemis.core.server] AMQ222107: Cleared up resources for session 82590bde-6ae9-11eb-a6f8-b06ebf0b932a
2021-02-09 10:19:31,701 WARN  [org.apache.activemq.artemis.core.server] AMQ222061: Client connection failed, clearing up resources for session 826f0463-6ae9-11eb-a6f8-b06ebf0b932a
2021-02-09 10:19:31,701 WARN  [org.apache.activemq.artemis.core.server] AMQ222107: Cleared up resources for session 826f0463-6ae9-11eb-a6f8-b06ebf0b932a
2021-02-09 10:19:31,719 WARN  [org.apache.activemq.artemis.core.server] AMQ222061: Client connection failed, clearing up resources for session 8271c393-6ae9-11eb-a6f8-b06ebf0b932a
2021-02-09 10:19:31,719 WARN  [org.apache.activemq.artemis.core.server] AMQ222107: Cleared up resources for session 8271c393-6ae9-11eb-a6f8-b06ebf0b932a
2021-02-09 10:19:31,737 WARN  [org.apache.activemq.artemis.core.server] AMQ222061: Client connection failed, clearing up resources for session 8271003d-6ae9-11eb-a6f8-b06ebf0b932a
2021-02-09 10:19:31,737 WARN  [org.apache.activemq.artemis.core.server] AMQ222107: Cleared up resources for session 8271003d-6ae9-11eb-a6f8-b06ebf0b932a
2021-02-09 10:19:32,213 WARN  [org.apache.activemq.artemis.core.server] AMQ222061: Client connection failed, clearing up resources for session 8259f65b-6ae9-11eb-a6f8-b06ebf0b932a
2021-02-09 10:19:32,214 WARN  [org.apache.activemq.artemis.core.server] AMQ222107: Cleared up resources for session 8259f65b-6ae9-11eb-a6f8-b06ebf0b932a
2021-02-09 10:19:32,217 WARN  [org.apache.activemq.artemis.core.server] AMQ222061: Client connection failed, clearing up resources for session 8259f65c-6ae9-11eb-a6f8-b06ebf0b932a
2021-02-09 10:19:32,218 WARN  [org.apache.activemq.artemis.core.server] AMQ222107: Cleared up resources for session 8259f65c-6ae9-11eb-a6f8-b06ebf0b932a
