[INFO] Scanning for projects...
[INFO] 
[INFO] -----------------< org.jboss.examples:amqp-perf-test >------------------
[INFO] Building ActiveMQ Perf: AMQP Perf Test 1.0.0-SNAPSHOT
[INFO] --------------------------------[ jar ]---------------------------------
[INFO] 
[INFO] --- activemq-perf-maven-plugin:5.11.0:consumer (default-cli) @ amqp-perf-test ---
[INFO] Loading properties file: /home/jowest/msgaas/amqp-perf-test/src/main/resources/p_blk_cca_pca_2-vivo1_consumer1-amqp-consumer.properties
[INFO] Created: org.apache.qpid.jms.JmsConnectionFactory using SPIConnectionFactory: org.jboss.examples.amqp.spi.AMQPReflectionSPIConnectionFactory
[INFO] Creating queue: queue://TEST.PERF4
[INFO] Creating queue: queue://TEST.PERF4
[INFO] Creating queue: queue://TEST.PERF4
[INFO] Creating queue: queue://TEST.PERF4
[INFO] Creating queue: queue://TEST.PERF4
[INFO] Creating queue: queue://TEST.PERF4
[INFO] Creating queue: queue://TEST.PERF4
[INFO] Creating queue: queue://TEST.PERF4
[INFO] Creating queue: queue://TEST.PERF4
[INFO] Creating queue: queue://TEST.PERF4
[INFO] Creating queue: queue://TEST.PERF4
[INFO] Creating queue: queue://TEST.PERF4
[INFO] Creating queue: queue://TEST.PERF4
[INFO] Creating queue: queue://TEST.PERF4
[INFO] Creating queue: queue://TEST.PERF4
[INFO] Creating queue: queue://TEST.PERF4
[INFO] Sampling duration: 300000 ms, ramp up: 0 ms, ramp down: 0 ms
[INFO] Sampling duration: 300000 ms, ramp up: 0 ms, ramp down: 0 ms
[INFO] Best match for SASL auth was: SASL-PLAIN
[INFO] Best match for SASL auth was: SASL-PLAIN
[INFO] Best match for SASL auth was: SASL-PLAIN
[INFO] Best match for SASL auth was: SASL-PLAIN
[INFO] Best match for SASL auth was: SASL-PLAIN
[INFO] Best match for SASL auth was: SASL-PLAIN
[INFO] Best match for SASL auth was: SASL-PLAIN
[INFO] Best match for SASL auth was: SASL-PLAIN
[INFO] Best match for SASL auth was: SASL-PLAIN
[INFO] Best match for SASL auth was: SASL-PLAIN
[INFO] Best match for SASL auth was: SASL-PLAIN
[INFO] Best match for SASL auth was: SASL-PLAIN
[INFO] Best match for SASL auth was: SASL-PLAIN
[INFO] Best match for SASL auth was: SASL-PLAIN
[INFO] Connection ID:vivo1.milab.joshwest.me-45369-1612955387751-0:2 connected to remote Broker: amqp://vivo2.milab.joshwest.me:5672
[INFO] Connection ID:vivo1.milab.joshwest.me-45369-1612955387751-0:4 connected to remote Broker: amqp://vivo2.milab.joshwest.me:5672
[INFO] Creating JMS Connection: Provider=QpidJMS-0.5.0, JMS Spec=1.1
[INFO] Best match for SASL auth was: SASL-PLAIN
[INFO] Best match for SASL auth was: SASL-PLAIN
[INFO] Connection ID:vivo1.milab.joshwest.me-45369-1612955387751-0:11 connected to remote Broker: amqp://vivo2.milab.joshwest.me:5672
[INFO] Connection ID:vivo1.milab.joshwest.me-45369-1612955387751-0:14 connected to remote Broker: amqp://vivo2.milab.joshwest.me:5672
[INFO] Connection ID:vivo1.milab.joshwest.me-45369-1612955387751-0:13 connected to remote Broker: amqp://vivo2.milab.joshwest.me:5672
[INFO] Connection ID:vivo1.milab.joshwest.me-45369-1612955387751-0:15 connected to remote Broker: amqp://vivo2.milab.joshwest.me:5672
[INFO] Creating JMS Connection: Provider=QpidJMS-0.5.0, JMS Spec=1.1
[INFO] Creating JMS Connection: Provider=QpidJMS-0.5.0, JMS Spec=1.1
[INFO] Connection ID:vivo1.milab.joshwest.me-45369-1612955387751-0:9 connected to remote Broker: amqp://vivo2.milab.joshwest.me:5672
[INFO] Creating JMS Connection: Provider=QpidJMS-0.5.0, JMS Spec=1.1
[INFO] Creating non-durable consumer to: TEST.PERF4
[INFO] Connection ID:vivo1.milab.joshwest.me-45369-1612955387751-0:3 connected to remote Broker: amqp://vivo2.milab.joshwest.me:5672
[INFO] Connection ID:vivo1.milab.joshwest.me-45369-1612955387751-0:5 connected to remote Broker: amqp://vivo2.milab.joshwest.me:5672
[INFO] Connection ID:vivo1.milab.joshwest.me-45369-1612955387751-0:8 connected to remote Broker: amqp://vivo2.milab.joshwest.me:5672
[INFO] Connection ID:vivo1.milab.joshwest.me-45369-1612955387751-0:12 connected to remote Broker: amqp://vivo2.milab.joshwest.me:5672
[INFO] Creating JMS Connection: Provider=QpidJMS-0.5.0, JMS Spec=1.1
[INFO] Creating JMS Connection: Provider=QpidJMS-0.5.0, JMS Spec=1.1
[INFO] Connection ID:vivo1.milab.joshwest.me-45369-1612955387751-0:6 connected to remote Broker: amqp://vivo2.milab.joshwest.me:5672
[INFO] Creating JMS Connection: Provider=QpidJMS-0.5.0, JMS Spec=1.1
[INFO] Creating non-durable consumer to: TEST.PERF4
[INFO] Connection ID:vivo1.milab.joshwest.me-45369-1612955387751-0:17 connected to remote Broker: amqp://vivo2.milab.joshwest.me:5672
[INFO] Connection ID:vivo1.milab.joshwest.me-45369-1612955387751-0:16 connected to remote Broker: amqp://vivo2.milab.joshwest.me:5672
[INFO] Creating JMS Connection: Provider=QpidJMS-0.5.0, JMS Spec=1.1
[INFO] Creating non-durable consumer to: TEST.PERF4
[INFO] Creating JMS Connection: Provider=QpidJMS-0.5.0, JMS Spec=1.1
[INFO] Creating non-durable consumer to: TEST.PERF4
[INFO] Creating JMS Connection: Provider=QpidJMS-0.5.0, JMS Spec=1.1
[INFO] Connection ID:vivo1.milab.joshwest.me-45369-1612955387751-0:10 connected to remote Broker: amqp://vivo2.milab.joshwest.me:5672
[INFO] Connection ID:vivo1.milab.joshwest.me-45369-1612955387751-0:7 connected to remote Broker: amqp://vivo2.milab.joshwest.me:5672
[INFO] Creating JMS Connection: Provider=QpidJMS-0.5.0, JMS Spec=1.1
[INFO] Creating JMS Connection: Provider=QpidJMS-0.5.0, JMS Spec=1.1
[INFO] Creating non-durable consumer to: TEST.PERF4
[INFO] Creating non-durable consumer to: TEST.PERF4
[INFO] Creating non-durable consumer to: TEST.PERF4
[INFO] Creating JMS Connection: Provider=QpidJMS-0.5.0, JMS Spec=1.1
[INFO] Creating non-durable consumer to: TEST.PERF4
[INFO] Creating non-durable consumer to: TEST.PERF4
[INFO] Starting to asynchronously receive messages for 300000 ms...
[INFO] Creating non-durable consumer to: TEST.PERF4
[INFO] Creating non-durable consumer to: TEST.PERF4
[INFO] Creating non-durable consumer to: TEST.PERF4
[INFO] Creating non-durable consumer to: TEST.PERF4
[INFO] Creating JMS Connection: Provider=QpidJMS-0.5.0, JMS Spec=1.1
[INFO] Creating JMS Connection: Provider=QpidJMS-0.5.0, JMS Spec=1.1
[INFO] Starting to asynchronously receive messages for 300000 ms...
[INFO] Creating JMS Connection: Provider=QpidJMS-0.5.0, JMS Spec=1.1
[INFO] Creating non-durable consumer to: TEST.PERF4
[INFO] Starting to asynchronously receive messages for 300000 ms...
[INFO] Creating non-durable consumer to: TEST.PERF4
[INFO] Starting to asynchronously receive messages for 300000 ms...
[INFO] Starting to asynchronously receive messages for 300000 ms...
[INFO] Starting to asynchronously receive messages for 300000 ms...
[INFO] Creating non-durable consumer to: TEST.PERF4
[INFO] Starting to asynchronously receive messages for 300000 ms...
[INFO] Starting to asynchronously receive messages for 300000 ms...
[INFO] Starting to asynchronously receive messages for 300000 ms...
[INFO] Starting to asynchronously receive messages for 300000 ms...
[INFO] Starting to asynchronously receive messages for 300000 ms...
[INFO] Starting to asynchronously receive messages for 300000 ms...
[INFO] Starting to asynchronously receive messages for 300000 ms...
[INFO] Starting to asynchronously receive messages for 300000 ms...
[INFO] Starting to asynchronously receive messages for 300000 ms...
[INFO] Starting to asynchronously receive messages for 300000 ms...
[INFO] Client completed
[INFO] Client completed
[INFO] Client completed
[INFO] Client completed
[INFO] Client completed
[INFO] Client completed
[INFO] Client completed
[INFO] Client completed
[INFO] Client completed
[INFO] Client completed
[INFO] Client completed
[INFO] Client completed
[INFO] Client completed
[INFO] Client completed
[INFO] Client completed
[INFO] Client completed
[WARNING] Unrecognized CPU data. st=0
[WARNING] Unrecognized CPU data. st=0
[WARNING] Unrecognized CPU data. st=0
[WARNING] Unrecognized CPU data. st=0
[WARNING] Unrecognized CPU data. st=0
[WARNING] Unrecognized CPU data. st=0
[WARNING] Unrecognized CPU data. st=0
[WARNING] Unrecognized CPU data. st=0
[WARNING] Unrecognized CPU data. st=0
[WARNING] Unrecognized CPU data. st=0
[WARNING] Unrecognized CPU data. st=0
[WARNING] Unrecognized CPU data. st=0
[WARNING] Unrecognized CPU data. st=0
[WARNING] Unrecognized CPU data. st=0
[WARNING] Unrecognized CPU data. st=0
[WARNING] Unrecognized CPU data. st=0
[WARNING] Unrecognized CPU data. st=0
[WARNING] Unrecognized CPU data. st=0
[WARNING] Unrecognized CPU data. st=0
[WARNING] Unrecognized CPU data. st=0
[WARNING] Unrecognized CPU data. st=0
[WARNING] Unrecognized CPU data. st=0
[WARNING] Unrecognized CPU data. st=0
[WARNING] Unrecognized CPU data. st=0
[WARNING] Unrecognized CPU data. st=0
[WARNING] Unrecognized CPU data. st=0
[WARNING] Unrecognized CPU data. st=0
[WARNING] Unrecognized CPU data. st=0
[WARNING] Unrecognized CPU data. st=0
[WARNING] Unrecognized CPU data. st=0
[WARNING] Unrecognized CPU data. st=0
[WARNING] Unrecognized CPU data. st=0
[WARNING] Unrecognized CPU data. st=0
[WARNING] Unrecognized CPU data. st=0
[WARNING] Unrecognized CPU data. st=0
[WARNING] Unrecognized CPU data. st=0
[WARNING] Unrecognized CPU data. st=0
[WARNING] Unrecognized CPU data. st=0
[WARNING] Unrecognized CPU data. st=0
[WARNING] Unrecognized CPU data. st=0
[WARNING] Unrecognized CPU data. st=0
[WARNING] Unrecognized CPU data. st=0
[WARNING] Unrecognized CPU data. st=0
[WARNING] Unrecognized CPU data. st=0
[WARNING] Unrecognized CPU data. st=0
[WARNING] Unrecognized CPU data. st=0
[WARNING] Unrecognized CPU data. st=0
[WARNING] Unrecognized CPU data. st=0
[WARNING] Unrecognized CPU data. st=0
[WARNING] Unrecognized CPU data. st=0
[WARNING] Unrecognized CPU data. st=0
[WARNING] Unrecognized CPU data. st=0
[WARNING] Unrecognized CPU data. st=0
[WARNING] Unrecognized CPU data. st=0
[WARNING] Unrecognized CPU data. st=0
[WARNING] Unrecognized CPU data. st=0
[WARNING] Unrecognized CPU data. st=0
[WARNING] Unrecognized CPU data. st=0
[WARNING] Unrecognized CPU data. st=0
[WARNING] Unrecognized CPU data. st=0
[WARNING] Unrecognized CPU data. st=0
[WARNING] Unrecognized CPU data. st=0
[WARNING] Unrecognized CPU data. st=0
[WARNING] Unrecognized CPU data. st=0
[WARNING] Unrecognized CPU data. st=0
[WARNING] Unrecognized CPU data. st=0
[WARNING] Unrecognized CPU data. st=0
[WARNING] Unrecognized CPU data. st=0
[WARNING] Unrecognized CPU data. st=0
[WARNING] Unrecognized CPU data. st=0
[WARNING] Unrecognized CPU data. st=0
[WARNING] Unrecognized CPU data. st=0
[WARNING] Unrecognized CPU data. st=0
[WARNING] Unrecognized CPU data. st=0
[WARNING] Unrecognized CPU data. st=0
[WARNING] Unrecognized CPU data. st=0
[WARNING] Unrecognized CPU data. st=0
[WARNING] Unrecognized CPU data. st=0
[WARNING] Unrecognized CPU data. st=0
[WARNING] Unrecognized CPU data. st=0
[WARNING] Unrecognized CPU data. st=0
[WARNING] Unrecognized CPU data. st=0
[WARNING] Unrecognized CPU data. st=0
[WARNING] Unrecognized CPU data. st=0
[WARNING] Unrecognized CPU data. st=0
[WARNING] Unrecognized CPU data. st=0
[WARNING] Unrecognized CPU data. st=0
[WARNING] Unrecognized CPU data. st=0
[WARNING] Unrecognized CPU data. st=0
[WARNING] Unrecognized CPU data. st=0
[WARNING] Unrecognized CPU data. st=0
[WARNING] Unrecognized CPU data. st=0
[WARNING] Unrecognized CPU data. st=0
[WARNING] Unrecognized CPU data. st=0
[WARNING] Unrecognized CPU data. st=0
[WARNING] Unrecognized CPU data. st=0
[WARNING] Unrecognized CPU data. st=0
[WARNING] Unrecognized CPU data. st=0
[WARNING] Unrecognized CPU data. st=0
[WARNING] Unrecognized CPU data. st=0
[WARNING] Unrecognized CPU data. st=0
[WARNING] Unrecognized CPU data. st=0
[WARNING] Unrecognized CPU data. st=0
[WARNING] Unrecognized CPU data. st=0
[WARNING] Unrecognized CPU data. st=0
[WARNING] Unrecognized CPU data. st=0
[WARNING] Unrecognized CPU data. st=0
[WARNING] Unrecognized CPU data. st=0
[WARNING] Unrecognized CPU data. st=0
[WARNING] Unrecognized CPU data. st=0
[WARNING] Unrecognized CPU data. st=0
[WARNING] Unrecognized CPU data. st=0
[WARNING] Unrecognized CPU data. st=0
[WARNING] Unrecognized CPU data. st=0
[WARNING] Unrecognized CPU data. st=0
[WARNING] Unrecognized CPU data. st=0
[WARNING] Unrecognized CPU data. st=0
[WARNING] Unrecognized CPU data. st=0
[WARNING] Unrecognized CPU data. st=0
[WARNING] Unrecognized CPU data. st=0
[WARNING] Unrecognized CPU data. st=0
[WARNING] Unrecognized CPU data. st=0
[WARNING] Unrecognized CPU data. st=0
[WARNING] Unrecognized CPU data. st=0
[WARNING] Unrecognized CPU data. st=0
[WARNING] Unrecognized CPU data. st=0
[WARNING] Unrecognized CPU data. st=0
[WARNING] Unrecognized CPU data. st=0
[WARNING] Unrecognized CPU data. st=0
[WARNING] Unrecognized CPU data. st=0
[WARNING] Unrecognized CPU data. st=0
[WARNING] Unrecognized CPU data. st=0
[WARNING] Unrecognized CPU data. st=0
[WARNING] Unrecognized CPU data. st=0
[WARNING] Unrecognized CPU data. st=0
[WARNING] Unrecognized CPU data. st=0
[WARNING] Unrecognized CPU data. st=0
[WARNING] Unrecognized CPU data. st=0
[WARNING] Unrecognized CPU data. st=0
[WARNING] Unrecognized CPU data. st=0
[WARNING] Unrecognized CPU data. st=0
[WARNING] Unrecognized CPU data. st=0
[WARNING] Unrecognized CPU data. st=0
[WARNING] Unrecognized CPU data. st=0
[WARNING] Unrecognized CPU data. st=0
[WARNING] Unrecognized CPU data. st=0
[WARNING] Unrecognized CPU data. st=0
[WARNING] Unrecognized CPU data. st=0
[WARNING] Unrecognized CPU data. st=0
[WARNING] Unrecognized CPU data. st=0
[WARNING] Unrecognized CPU data. st=0
[WARNING] Unrecognized CPU data. st=0
[WARNING] Unrecognized CPU data. st=0
[WARNING] Unrecognized CPU data. st=0
[WARNING] Unrecognized CPU data. st=0
[WARNING] Unrecognized CPU data. st=0
[WARNING] Unrecognized CPU data. st=0
[WARNING] Unrecognized CPU data. st=0
[WARNING] Unrecognized CPU data. st=0
[WARNING] Unrecognized CPU data. st=0
[WARNING] Unrecognized CPU data. st=0
[WARNING] Unrecognized CPU data. st=0
[WARNING] Unrecognized CPU data. st=0
[WARNING] Unrecognized CPU data. st=0
[WARNING] Unrecognized CPU data. st=0
[WARNING] Unrecognized CPU data. st=0
[WARNING] Unrecognized CPU data. st=0
[WARNING] Unrecognized CPU data. st=0
[WARNING] Unrecognized CPU data. st=0
[WARNING] Unrecognized CPU data. st=0
[WARNING] Unrecognized CPU data. st=0
[WARNING] Unrecognized CPU data. st=0
[WARNING] Unrecognized CPU data. st=0
[WARNING] Unrecognized CPU data. st=0
[WARNING] Unrecognized CPU data. st=0
[WARNING] Unrecognized CPU data. st=0
[WARNING] Unrecognized CPU data. st=0
[WARNING] Unrecognized CPU data. st=0
[WARNING] Unrecognized CPU data. st=0
[WARNING] Unrecognized CPU data. st=0
[WARNING] Unrecognized CPU data. st=0
[WARNING] Unrecognized CPU data. st=0
[WARNING] Unrecognized CPU data. st=0
[WARNING] Unrecognized CPU data. st=0
[WARNING] Unrecognized CPU data. st=0
[WARNING] Unrecognized CPU data. st=0
[WARNING] Unrecognized CPU data. st=0
[WARNING] Unrecognized CPU data. st=0
[WARNING] Unrecognized CPU data. st=0
[WARNING] Unrecognized CPU data. st=0
[WARNING] Unrecognized CPU data. st=0
[WARNING] Unrecognized CPU data. st=0
[WARNING] Unrecognized CPU data. st=0
[WARNING] Unrecognized CPU data. st=0
[WARNING] Unrecognized CPU data. st=0
[WARNING] Unrecognized CPU data. st=0
[WARNING] Unrecognized CPU data. st=0
[WARNING] Unrecognized CPU data. st=0
[WARNING] Unrecognized CPU data. st=0
[WARNING] Unrecognized CPU data. st=0
[WARNING] Unrecognized CPU data. st=0
[WARNING] Unrecognized CPU data. st=0
[WARNING] Unrecognized CPU data. st=0
[WARNING] Unrecognized CPU data. st=0
[WARNING] Unrecognized CPU data. st=0
[WARNING] Unrecognized CPU data. st=0
[WARNING] Unrecognized CPU data. st=0
[WARNING] Unrecognized CPU data. st=0
[WARNING] Unrecognized CPU data. st=0
[WARNING] Unrecognized CPU data. st=0
[WARNING] Unrecognized CPU data. st=0
[WARNING] Unrecognized CPU data. st=0
[WARNING] Unrecognized CPU data. st=0
[WARNING] Unrecognized CPU data. st=0
[WARNING] Unrecognized CPU data. st=0
[WARNING] Unrecognized CPU data. st=0
[WARNING] Unrecognized CPU data. st=0
[WARNING] Unrecognized CPU data. st=0
[WARNING] Unrecognized CPU data. st=0
[WARNING] Unrecognized CPU data. st=0
[WARNING] Unrecognized CPU data. st=0
[WARNING] Unrecognized CPU data. st=0
[WARNING] Unrecognized CPU data. st=0
[WARNING] Unrecognized CPU data. st=0
[WARNING] Unrecognized CPU data. st=0
[WARNING] Unrecognized CPU data. st=0
[WARNING] Unrecognized CPU data. st=0
[WARNING] Unrecognized CPU data. st=0
[WARNING] Unrecognized CPU data. st=0
[WARNING] Unrecognized CPU data. st=0
[WARNING] Unrecognized CPU data. st=0
[WARNING] Unrecognized CPU data. st=0
[WARNING] Unrecognized CPU data. st=0
[WARNING] Unrecognized CPU data. st=0
[WARNING] Unrecognized CPU data. st=0
[WARNING] Unrecognized CPU data. st=0
[WARNING] Unrecognized CPU data. st=0
[WARNING] Unrecognized CPU data. st=0
[WARNING] Unrecognized CPU data. st=0
[WARNING] Unrecognized CPU data. st=0
[WARNING] Unrecognized CPU data. st=0
[WARNING] Unrecognized CPU data. st=0
[WARNING] Unrecognized CPU data. st=0
[WARNING] Unrecognized CPU data. st=0
[WARNING] Unrecognized CPU data. st=0
[WARNING] Unrecognized CPU data. st=0
[WARNING] Unrecognized CPU data. st=0
[WARNING] Unrecognized CPU data. st=0
[WARNING] Unrecognized CPU data. st=0
[WARNING] Unrecognized CPU data. st=0
[WARNING] Unrecognized CPU data. st=0
[WARNING] Unrecognized CPU data. st=0
[WARNING] Unrecognized CPU data. st=0
[WARNING] Unrecognized CPU data. st=0
[WARNING] Unrecognized CPU data. st=0
[WARNING] Unrecognized CPU data. st=0
[WARNING] Unrecognized CPU data. st=0
[WARNING] Unrecognized CPU data. st=0
[WARNING] Unrecognized CPU data. st=0
[WARNING] Unrecognized CPU data. st=0
[WARNING] Unrecognized CPU data. st=0
[WARNING] Unrecognized CPU data. st=0
[WARNING] Unrecognized CPU data. st=0
[WARNING] Unrecognized CPU data. st=0
[WARNING] Unrecognized CPU data. st=0
[WARNING] Unrecognized CPU data. st=0
[WARNING] Unrecognized CPU data. st=0
[WARNING] Unrecognized CPU data. st=0
[WARNING] Unrecognized CPU data. st=0
[WARNING] Unrecognized CPU data. st=0
[WARNING] Unrecognized CPU data. st=0
[WARNING] Unrecognized CPU data. st=0
[WARNING] Unrecognized CPU data. st=0
[WARNING] Unrecognized CPU data. st=0
[WARNING] Unrecognized CPU data. st=0
[WARNING] Unrecognized CPU data. st=0
[WARNING] Unrecognized CPU data. st=0
[WARNING] Unrecognized CPU data. st=0
[WARNING] Unrecognized CPU data. st=0
[WARNING] Unrecognized CPU data. st=0
[WARNING] Unrecognized CPU data. st=0
[WARNING] Unrecognized CPU data. st=0
[WARNING] Unrecognized CPU data. st=0
[WARNING] Unrecognized CPU data. st=0
[WARNING] Unrecognized CPU data. st=0
[WARNING] Unrecognized CPU data. st=0
[WARNING] Unrecognized CPU data. st=0
[WARNING] Unrecognized CPU data. st=0
[WARNING] Unrecognized CPU data. st=0
[WARNING] Unrecognized CPU data. st=0
[WARNING] Unrecognized CPU data. st=0
[WARNING] Unrecognized CPU data. st=0
[WARNING] Unrecognized CPU data. st=0
[WARNING] Unrecognized CPU data. st=0
[WARNING] Unrecognized CPU data. st=0
[WARNING] Unrecognized CPU data. st=0
[WARNING] Unrecognized CPU data. st=0
[WARNING] Unrecognized CPU data. st=0
[WARNING] Unrecognized CPU data. st=0
[WARNING] Unrecognized CPU data. st=0
#########################################
####    SYSTEM THROUGHPUT SUMMARY    ####
#########################################
System Total Throughput: 747
System Total Clients: 16
System Average Throughput: 2.49
System Average Throughput Excluding Min/Max: 0.0
System Average Client Throughput: 0.155625
System Average Client Throughput Excluding Min/Max: 0.0
Min Client Throughput Per Sample: clientName=p_blk_cca_pca_2-vivo1_consumer1JmsConsumer6, value=0
Max Client Throughput Per Sample: clientName=p_blk_cca_pca_2-vivo1_consumer1JmsConsumer15, value=429
Min Client Total Throughput: clientName=p_blk_cca_pca_2-vivo1_consumer1JmsConsumer6, value=0
Max Client Total Throughput: clientName=p_blk_cca_pca_2-vivo1_consumer1JmsConsumer15, value=429
Min Average Client Throughput: clientName=p_blk_cca_pca_2-vivo1_consumer1JmsConsumer6, value=0.0
Max Average Client Throughput: clientName=p_blk_cca_pca_2-vivo1_consumer1JmsConsumer15, value=1.43
Min Average Client Throughput Excluding Min/Max: clientName=p_blk_cca_pca_2-vivo1_consumer1JmsConsumer6, value=0.0
Max Average Client Throughput Excluding Min/Max: clientName=, value=4.9E-324
########################################
####    SYSTEM CPU USAGE SUMMARY    ####
########################################
Total Blocks Received: 6
Ave Blocks Received: 0.02
Total Blocks Sent: 3524
Ave Blocks Sent: 11.746666666666666
Total Context Switches: 101601
Ave Context Switches: 338.67
Total User Time: 204
Ave User Time: 0.68
Total System Time: 37
Ave System Time: 0.12333333333333334
Total Idle Time: 29759
Ave Idle Time: 99.19666666666667
Total Wait Time: 0
Ave Wait Time: 0.0
[INFO] Created performance report: /home/jowest/msgaas/amqp-perf-test/./target/p_blk_cca_pca_2-vivo1_consumer1JmsConsumer_numClients16_numDests1_equal.xml
[INFO] ------------------------------------------------------------------------
[INFO] BUILD SUCCESS
[INFO] ------------------------------------------------------------------------
[INFO] Total time: 05:01 min
[INFO] Finished at: 2021-02-10T06:14:48-05:00
[INFO] ------------------------------------------------------------------------
