2021-02-09 09:35:15,589 INFO  [org.apache.activemq.artemis.integration.bootstrap] AMQ101000: Starting ActiveMQ Artemis Server
2021-02-09 09:35:15,627 INFO  [org.apache.activemq.artemis.core.server] AMQ221000: live Message Broker is starting with configuration Broker Configuration (clustered=true,journalDirectory=/home/jowest/msgaas/data/journal,bindingsDirectory=/home/jowest/msgaas/data/bindings,largeMessagesDirectory=/home/jowest/msgaas/data/large-messages,pagingDirectory=/home/jowest/msgaas/data/paging)
2021-02-09 09:35:15,628 INFO  [org.apache.activemq.artemis.core.server] AMQ221006: Waiting to obtain live lock
2021-02-09 09:35:15,647 INFO  [org.apache.activemq.artemis.core.server] AMQ221012: Using AIO Journal
2021-02-09 09:35:15,723 INFO  [org.apache.activemq.artemis.core.server] AMQ221043: Protocol module found: [artemis-server]. Adding protocol support for: CORE
2021-02-09 09:35:15,723 INFO  [org.apache.activemq.artemis.core.server] AMQ221043: Protocol module found: [artemis-amqp-protocol]. Adding protocol support for: AMQP
2021-02-09 09:35:15,723 INFO  [org.apache.activemq.artemis.core.server] AMQ221043: Protocol module found: [artemis-hornetq-protocol]. Adding protocol support for: HORNETQ
2021-02-09 09:35:15,723 INFO  [org.apache.activemq.artemis.core.server] AMQ221043: Protocol module found: [artemis-mqtt-protocol]. Adding protocol support for: MQTT
2021-02-09 09:35:15,723 INFO  [org.apache.activemq.artemis.core.server] AMQ221043: Protocol module found: [artemis-openwire-protocol]. Adding protocol support for: OPENWIRE
2021-02-09 09:35:15,724 INFO  [org.apache.activemq.artemis.core.server] AMQ221043: Protocol module found: [artemis-stomp-protocol]. Adding protocol support for: STOMP
2021-02-09 09:35:15,752 INFO  [org.apache.activemq.artemis.core.server] AMQ221034: Waiting indefinitely to obtain live lock
2021-02-09 09:35:15,752 INFO  [org.apache.activemq.artemis.core.server] AMQ221035: Live Server Obtained live lock
2021-02-09 09:35:15,838 INFO  [org.apache.activemq.artemis.core.server] AMQ221080: Deploying address DLQ supporting [ANYCAST]
2021-02-09 09:35:15,849 INFO  [org.apache.activemq.artemis.core.server] AMQ221003: Deploying ANYCAST queue DLQ on address DLQ
2021-02-09 09:35:15,881 INFO  [org.apache.activemq.artemis.core.server] AMQ221080: Deploying address ExpiryQueue supporting [ANYCAST]
2021-02-09 09:35:15,883 INFO  [org.apache.activemq.artemis.core.server] AMQ221003: Deploying ANYCAST queue ExpiryQueue on address ExpiryQueue
2021-02-09 09:35:16,099 INFO  [org.apache.activemq.artemis.core.server] AMQ221020: Started EPOLL Acceptor at vivo2.milab.joshwest.me:61616 for protocols [CORE,MQTT,AMQP,STOMP,HORNETQ,OPENWIRE]
2021-02-09 09:35:16,107 INFO  [org.apache.activemq.artemis.core.server] AMQ221020: Started EPOLL Acceptor at vivo2.milab.joshwest.me:5672 for protocols [AMQP]
2021-02-09 09:35:16,110 INFO  [org.apache.activemq.artemis.core.server] AMQ221007: Server is now live
2021-02-09 09:35:16,110 INFO  [org.apache.activemq.artemis.core.server] AMQ221001: Apache ActiveMQ Artemis Message Broker version 2.16.0.redhat-00012 [sharedstore_master_1, nodeID=0651e542-6ae4-11eb-8bae-b06ebf0b932a] 
2021-02-09 09:35:16,257 INFO  [org.apache.amq.hawtio.branding.PluginContextListener] Initialized amq-broker-redhat-branding plugin
2021-02-09 09:35:16,280 INFO  [org.apache.activemq.hawtio.plugin.PluginContextListener] Initialized artemis-plugin plugin
2021-02-09 09:35:16,537 INFO  [org.apache.activemq.artemis] AMQ241001: HTTP Server started at http://vivo2.milab.joshwest.me:8161
2021-02-09 09:35:27,442 WARN  [org.apache.activemq.artemis.core.server] AMQ222183: Blocking message production on address 'TEST.PERF'; size is currently: 213,450 bytes; max-size-bytes on address: -1, global-max-size is 213,450
2021-02-09 09:35:32,272 ERROR [org.apache.activemq.artemis.core.server] AMQ224088: Timeout (10 seconds) on acceptor "amqp" during protocol handshake with /192.168.100.22:42858 has occurred.
2021-02-09 09:35:32,801 ERROR [org.apache.activemq.artemis.core.server] AMQ224088: Timeout (10 seconds) on acceptor "amqp" during protocol handshake with /192.168.100.21:35456 has occurred.
2021-02-09 09:35:34,465 ERROR [org.apache.activemq.artemis.core.server] AMQ224088: Timeout (10 seconds) on acceptor "amqp" during protocol handshake with /192.168.100.23:59916 has occurred.
2021-02-09 09:35:35,655 ERROR [org.apache.activemq.artemis.core.server] AMQ224088: Timeout (10 seconds) on acceptor "amqp" during protocol handshake with /192.168.100.24:55328 has occurred.
2021-02-09 09:35:37,062 ERROR [org.apache.activemq.artemis.core.server] AMQ224088: Timeout (10 seconds) on acceptor "amqp" during protocol handshake with /192.168.100.21:35668 has occurred.
2021-02-09 09:35:40,530 ERROR [org.apache.activemq.artemis.core.server] AMQ224088: Timeout (10 seconds) on acceptor "amqp" during protocol handshake with /192.168.100.23:60128 has occurred.
2021-02-09 09:35:41,902 ERROR [org.apache.activemq.artemis.core.server] AMQ224088: Timeout (10 seconds) on acceptor "amqp" during protocol handshake with /192.168.100.24:55532 has occurred.
2021-02-09 09:35:47,015 ERROR [org.apache.activemq.artemis.core.server] AMQ224088: Timeout (10 seconds) on acceptor "amqp" during protocol handshake with /192.168.100.22:43078 has occurred.
2021-02-09 09:40:23,042 WARN  [org.apache.activemq.artemis.core.server] AMQ222061: Client connection failed, clearing up resources for session 0aa3d996-6ae4-11eb-8bae-b06ebf0b932a
2021-02-09 09:40:23,042 WARN  [org.apache.activemq.artemis.core.server] AMQ222107: Cleared up resources for session 0aa3d996-6ae4-11eb-8bae-b06ebf0b932a
2021-02-09 09:40:23,045 WARN  [org.apache.activemq.artemis.core.server] AMQ222061: Client connection failed, clearing up resources for session 0aa07ef7-6ae4-11eb-8bae-b06ebf0b932a
2021-02-09 09:40:23,045 WARN  [org.apache.activemq.artemis.core.server] AMQ222107: Cleared up resources for session 0aa07ef7-6ae4-11eb-8bae-b06ebf0b932a
2021-02-09 09:40:23,053 WARN  [org.apache.activemq.artemis.core.server] AMQ222061: Client connection failed, clearing up resources for session 0aa2a0eb-6ae4-11eb-8bae-b06ebf0b932a
2021-02-09 09:40:23,053 WARN  [org.apache.activemq.artemis.core.server] AMQ222107: Cleared up resources for session 0aa2a0eb-6ae4-11eb-8bae-b06ebf0b932a
2021-02-09 09:40:23,055 WARN  [org.apache.activemq.artemis.core.server] AMQ222061: Client connection failed, clearing up resources for session 0aa3b284-6ae4-11eb-8bae-b06ebf0b932a
2021-02-09 09:40:23,055 WARN  [org.apache.activemq.artemis.core.server] AMQ222107: Cleared up resources for session 0aa3b284-6ae4-11eb-8bae-b06ebf0b932a
2021-02-09 09:40:23,058 WARN  [org.apache.activemq.artemis.core.server] AMQ222061: Client connection failed, clearing up resources for session 0aa07ef2-6ae4-11eb-8bae-b06ebf0b932a
2021-02-09 09:40:23,058 WARN  [org.apache.activemq.artemis.core.server] AMQ222107: Cleared up resources for session 0aa07ef2-6ae4-11eb-8bae-b06ebf0b932a
2021-02-09 09:40:23,059 WARN  [org.apache.activemq.artemis.core.server] AMQ222061: Client connection failed, clearing up resources for session 0aa3645b-6ae4-11eb-8bae-b06ebf0b932a
2021-02-09 09:40:23,060 WARN  [org.apache.activemq.artemis.core.server] AMQ222107: Cleared up resources for session 0aa3645b-6ae4-11eb-8bae-b06ebf0b932a
2021-02-09 09:40:23,060 WARN  [org.apache.activemq.artemis.core.server] AMQ222061: Client connection failed, clearing up resources for session 0aaa90b2-6ae4-11eb-8bae-b06ebf0b932a
2021-02-09 09:40:23,060 WARN  [org.apache.activemq.artemis.core.server] AMQ222107: Cleared up resources for session 0aaa90b2-6ae4-11eb-8bae-b06ebf0b932a
2021-02-09 09:40:23,061 WARN  [org.apache.activemq.artemis.core.server] AMQ222061: Client connection failed, clearing up resources for session 0aa0f32f-6ae4-11eb-8bae-b06ebf0b932a
2021-02-09 09:40:23,061 WARN  [org.apache.activemq.artemis.core.server] AMQ222107: Cleared up resources for session 0aa0f32f-6ae4-11eb-8bae-b06ebf0b932a
2021-02-09 09:40:23,063 WARN  [org.apache.activemq.artemis.core.server] AMQ222061: Client connection failed, clearing up resources for session 0aa07eeb-6ae4-11eb-8bae-b06ebf0b932a
2021-02-09 09:40:23,063 WARN  [org.apache.activemq.artemis.core.server] AMQ222107: Cleared up resources for session 0aa07eeb-6ae4-11eb-8bae-b06ebf0b932a
2021-02-09 09:40:23,063 WARN  [org.apache.activemq.artemis.core.server] AMQ222061: Client connection failed, clearing up resources for session 0aa5d57e-6ae4-11eb-8bae-b06ebf0b932a
2021-02-09 09:40:23,064 WARN  [org.apache.activemq.artemis.core.server] AMQ222107: Cleared up resources for session 0aa5d57e-6ae4-11eb-8bae-b06ebf0b932a
2021-02-09 09:40:23,075 WARN  [org.apache.activemq.artemis.core.server] AMQ222061: Client connection failed, clearing up resources for session 0aa5393b-6ae4-11eb-8bae-b06ebf0b932a
2021-02-09 09:40:23,075 WARN  [org.apache.activemq.artemis.core.server] AMQ222107: Cleared up resources for session 0aa5393b-6ae4-11eb-8bae-b06ebf0b932a
2021-02-09 09:40:23,078 WARN  [org.apache.activemq.artemis.core.server] AMQ222061: Client connection failed, clearing up resources for session 0aa0a50b-6ae4-11eb-8bae-b06ebf0b932a
2021-02-09 09:40:23,078 WARN  [org.apache.activemq.artemis.core.server] AMQ222107: Cleared up resources for session 0aa0a50b-6ae4-11eb-8bae-b06ebf0b932a
2021-02-09 09:40:23,105 WARN  [org.apache.activemq.artemis.core.server] AMQ222061: Client connection failed, clearing up resources for session 0ac0d818-6ae4-11eb-8bae-b06ebf0b932a
2021-02-09 09:40:23,105 WARN  [org.apache.activemq.artemis.core.server] AMQ222107: Cleared up resources for session 0ac0d818-6ae4-11eb-8bae-b06ebf0b932a
2021-02-09 09:40:23,185 WARN  [org.apache.activemq.artemis.core.server] AMQ222061: Client connection failed, clearing up resources for session 0ac25dd1-6ae4-11eb-8bae-b06ebf0b932a
2021-02-09 09:40:23,186 WARN  [org.apache.activemq.artemis.core.server] AMQ222107: Cleared up resources for session 0ac25dd1-6ae4-11eb-8bae-b06ebf0b932a
2021-02-09 09:40:23,211 WARN  [org.apache.activemq.artemis.core.server] AMQ222061: Client connection failed, clearing up resources for session 0abe18e4-6ae4-11eb-8bae-b06ebf0b932a
2021-02-09 09:40:23,211 WARN  [org.apache.activemq.artemis.core.server] AMQ222107: Cleared up resources for session 0abe18e4-6ae4-11eb-8bae-b06ebf0b932a
2021-02-09 09:40:23,214 WARN  [org.apache.activemq.artemis.core.server] AMQ222061: Client connection failed, clearing up resources for session 0ad4865b-6ae4-11eb-8bae-b06ebf0b932a
2021-02-09 09:40:23,214 WARN  [org.apache.activemq.artemis.core.server] AMQ222107: Cleared up resources for session 0ad4865b-6ae4-11eb-8bae-b06ebf0b932a
2021-02-09 09:40:23,244 WARN  [org.apache.activemq.artemis.core.server] AMQ222061: Client connection failed, clearing up resources for session 0abe18e5-6ae4-11eb-8bae-b06ebf0b932a
2021-02-09 09:40:23,244 WARN  [org.apache.activemq.artemis.core.server] AMQ222107: Cleared up resources for session 0abe18e5-6ae4-11eb-8bae-b06ebf0b932a
2021-02-09 09:40:23,305 WARN  [org.apache.activemq.artemis.core.server] AMQ222061: Client connection failed, clearing up resources for session 0adebfba-6ae4-11eb-8bae-b06ebf0b932a
2021-02-09 09:40:23,305 WARN  [org.apache.activemq.artemis.core.server] AMQ222107: Cleared up resources for session 0adebfba-6ae4-11eb-8bae-b06ebf0b932a
2021-02-09 09:40:23,344 WARN  [org.apache.activemq.artemis.core.server] AMQ222061: Client connection failed, clearing up resources for session 0adc008c-6ae4-11eb-8bae-b06ebf0b932a
2021-02-09 09:40:23,344 WARN  [org.apache.activemq.artemis.core.server] AMQ222107: Cleared up resources for session 0adc008c-6ae4-11eb-8bae-b06ebf0b932a
2021-02-09 09:40:23,398 WARN  [org.apache.activemq.artemis.core.server] AMQ222061: Client connection failed, clearing up resources for session 0aeb430d-6ae4-11eb-8bae-b06ebf0b932a
2021-02-09 09:40:23,398 WARN  [org.apache.activemq.artemis.core.server] AMQ222107: Cleared up resources for session 0aeb430d-6ae4-11eb-8bae-b06ebf0b932a
2021-02-09 09:40:23,406 WARN  [org.apache.activemq.artemis.core.server] AMQ222061: Client connection failed, clearing up resources for session 0ae99558-6ae4-11eb-8bae-b06ebf0b932a
2021-02-09 09:40:23,406 WARN  [org.apache.activemq.artemis.core.server] AMQ222107: Cleared up resources for session 0ae99558-6ae4-11eb-8bae-b06ebf0b932a
2021-02-09 09:40:23,414 WARN  [org.apache.activemq.artemis.core.server] AMQ222061: Client connection failed, clearing up resources for session 0ae639e4-6ae4-11eb-8bae-b06ebf0b932a
2021-02-09 09:40:23,415 WARN  [org.apache.activemq.artemis.core.server] AMQ222107: Cleared up resources for session 0ae639e4-6ae4-11eb-8bae-b06ebf0b932a
2021-02-09 09:40:23,423 WARN  [org.apache.activemq.artemis.core.server] AMQ222061: Client connection failed, clearing up resources for session 0ae130c5-6ae4-11eb-8bae-b06ebf0b932a
2021-02-09 09:40:23,423 WARN  [org.apache.activemq.artemis.core.server] AMQ222107: Cleared up resources for session 0ae130c5-6ae4-11eb-8bae-b06ebf0b932a
2021-02-09 09:40:23,468 WARN  [org.apache.activemq.artemis.core.server] AMQ222061: Client connection failed, clearing up resources for session 0ae2b767-6ae4-11eb-8bae-b06ebf0b932a
2021-02-09 09:40:23,468 WARN  [org.apache.activemq.artemis.core.server] AMQ222107: Cleared up resources for session 0ae2b767-6ae4-11eb-8bae-b06ebf0b932a
2021-02-09 09:40:23,488 WARN  [org.apache.activemq.artemis.core.server] AMQ222061: Client connection failed, clearing up resources for session 0ada04b2-6ae4-11eb-8bae-b06ebf0b932a
2021-02-09 09:40:23,488 WARN  [org.apache.activemq.artemis.core.server] AMQ222107: Cleared up resources for session 0ada04b2-6ae4-11eb-8bae-b06ebf0b932a
2021-02-09 09:40:23,498 WARN  [org.apache.activemq.artemis.core.server] AMQ222061: Client connection failed, clearing up resources for session 0ae48c31-6ae4-11eb-8bae-b06ebf0b932a
2021-02-09 09:40:23,498 WARN  [org.apache.activemq.artemis.core.server] AMQ222107: Cleared up resources for session 0ae48c31-6ae4-11eb-8bae-b06ebf0b932a
2021-02-09 09:40:23,519 WARN  [org.apache.activemq.artemis.core.server] AMQ222061: Client connection failed, clearing up resources for session 0ae639e5-6ae4-11eb-8bae-b06ebf0b932a
2021-02-09 09:40:23,519 WARN  [org.apache.activemq.artemis.core.server] AMQ222107: Cleared up resources for session 0ae639e5-6ae4-11eb-8bae-b06ebf0b932a
2021-02-09 09:40:23,539 WARN  [org.apache.activemq.artemis.core.server] AMQ222061: Client connection failed, clearing up resources for session 0ae74b5b-6ae4-11eb-8bae-b06ebf0b932a
2021-02-09 09:40:23,539 WARN  [org.apache.activemq.artemis.core.server] AMQ222107: Cleared up resources for session 0ae74b5b-6ae4-11eb-8bae-b06ebf0b932a
2021-02-09 09:40:23,550 WARN  [org.apache.activemq.artemis.core.server] AMQ222061: Client connection failed, clearing up resources for session 0ae7e7a0-6ae4-11eb-8bae-b06ebf0b932a
2021-02-09 09:40:23,550 WARN  [org.apache.activemq.artemis.core.server] AMQ222107: Cleared up resources for session 0ae7e7a0-6ae4-11eb-8bae-b06ebf0b932a
2021-02-09 09:40:23,606 WARN  [org.apache.activemq.artemis.core.server] AMQ222061: Client connection failed, clearing up resources for session 0aeb6a20-6ae4-11eb-8bae-b06ebf0b932a
2021-02-09 09:40:23,606 WARN  [org.apache.activemq.artemis.core.server] AMQ222107: Cleared up resources for session 0aeb6a20-6ae4-11eb-8bae-b06ebf0b932a
2021-02-09 09:40:23,606 WARN  [org.apache.activemq.artemis.core.server] AMQ222061: Client connection failed, clearing up resources for session 0aebb843-6ae4-11eb-8bae-b06ebf0b932a
2021-02-09 09:40:23,606 WARN  [org.apache.activemq.artemis.core.server] AMQ222107: Cleared up resources for session 0aebb843-6ae4-11eb-8bae-b06ebf0b932a
2021-02-09 09:40:23,654 WARN  [org.apache.activemq.artemis.core.server] AMQ222061: Client connection failed, clearing up resources for session 0adbd97a-6ae4-11eb-8bae-b06ebf0b932a
2021-02-09 09:40:23,655 WARN  [org.apache.activemq.artemis.core.server] AMQ222107: Cleared up resources for session 0adbd97a-6ae4-11eb-8bae-b06ebf0b932a
2021-02-09 09:40:23,655 WARN  [org.apache.activemq.artemis.core.server] AMQ222061: Client connection failed, clearing up resources for session 0ae74b5c-6ae4-11eb-8bae-b06ebf0b932a
2021-02-09 09:40:23,655 WARN  [org.apache.activemq.artemis.core.server] AMQ222107: Cleared up resources for session 0ae74b5c-6ae4-11eb-8bae-b06ebf0b932a
2021-02-09 09:40:23,656 WARN  [org.apache.activemq.artemis.core.server] AMQ222061: Client connection failed, clearing up resources for session 0ae2b768-6ae4-11eb-8bae-b06ebf0b932a
2021-02-09 09:40:23,656 WARN  [org.apache.activemq.artemis.core.server] AMQ222107: Cleared up resources for session 0ae2b768-6ae4-11eb-8bae-b06ebf0b932a
2021-02-09 09:40:23,657 WARN  [org.apache.activemq.artemis.core.server] AMQ222061: Client connection failed, clearing up resources for session 0ae5ebc3-6ae4-11eb-8bae-b06ebf0b932a
2021-02-09 09:40:23,657 WARN  [org.apache.activemq.artemis.core.server] AMQ222107: Cleared up resources for session 0ae5ebc3-6ae4-11eb-8bae-b06ebf0b932a
2021-02-09 09:40:23,658 WARN  [org.apache.activemq.artemis.core.server] AMQ222061: Client connection failed, clearing up resources for session 0aec2d75-6ae4-11eb-8bae-b06ebf0b932a
2021-02-09 09:40:23,658 WARN  [org.apache.activemq.artemis.core.server] AMQ222107: Cleared up resources for session 0aec2d75-6ae4-11eb-8bae-b06ebf0b932a
2021-02-09 09:40:24,806 WARN  [org.apache.activemq.artemis.core.server] AMQ222061: Client connection failed, clearing up resources for session 0bba7a1e-6ae4-11eb-8bae-b06ebf0b932a
2021-02-09 09:40:24,806 WARN  [org.apache.activemq.artemis.core.server] AMQ222107: Cleared up resources for session 0bba7a1e-6ae4-11eb-8bae-b06ebf0b932a
2021-02-09 09:40:24,843 WARN  [org.apache.activemq.artemis.core.server] AMQ222061: Client connection failed, clearing up resources for session 0bc46542-6ae4-11eb-8bae-b06ebf0b932a
2021-02-09 09:40:24,843 WARN  [org.apache.activemq.artemis.core.server] AMQ222107: Cleared up resources for session 0bc46542-6ae4-11eb-8bae-b06ebf0b932a
2021-02-09 09:40:24,843 WARN  [org.apache.activemq.artemis.core.server] AMQ222061: Client connection failed, clearing up resources for session 0bc6fd57-6ae4-11eb-8bae-b06ebf0b932a
2021-02-09 09:40:24,843 WARN  [org.apache.activemq.artemis.core.server] AMQ222107: Cleared up resources for session 0bc6fd57-6ae4-11eb-8bae-b06ebf0b932a
2021-02-09 09:40:24,853 WARN  [org.apache.activemq.artemis.core.server] AMQ222061: Client connection failed, clearing up resources for session 0bb76cca-6ae4-11eb-8bae-b06ebf0b932a
2021-02-09 09:40:24,853 WARN  [org.apache.activemq.artemis.core.server] AMQ222107: Cleared up resources for session 0bb76cca-6ae4-11eb-8bae-b06ebf0b932a
2021-02-09 09:40:24,853 WARN  [org.apache.activemq.artemis.core.server] AMQ222061: Client connection failed, clearing up resources for session 0bc109d1-6ae4-11eb-8bae-b06ebf0b932a
2021-02-09 09:40:24,853 WARN  [org.apache.activemq.artemis.core.server] AMQ222107: Cleared up resources for session 0bc109d1-6ae4-11eb-8bae-b06ebf0b932a
2021-02-09 09:40:24,857 WARN  [org.apache.activemq.artemis.core.server] AMQ222061: Client connection failed, clearing up resources for session 0bc2b78a-6ae4-11eb-8bae-b06ebf0b932a
2021-02-09 09:40:24,857 WARN  [org.apache.activemq.artemis.core.server] AMQ222107: Cleared up resources for session 0bc2b78a-6ae4-11eb-8bae-b06ebf0b932a
2021-02-09 09:40:24,862 WARN  [org.apache.activemq.artemis.core.server] AMQ222061: Client connection failed, clearing up resources for session 0bb968a4-6ae4-11eb-8bae-b06ebf0b932a
2021-02-09 09:40:24,862 WARN  [org.apache.activemq.artemis.core.server] AMQ222107: Cleared up resources for session 0bb968a4-6ae4-11eb-8bae-b06ebf0b932a
2021-02-09 09:40:24,867 WARN  [org.apache.activemq.artemis.core.server] AMQ222061: Client connection failed, clearing up resources for session 0bb76ccb-6ae4-11eb-8bae-b06ebf0b932a
2021-02-09 09:40:24,867 WARN  [org.apache.activemq.artemis.core.server] AMQ222107: Cleared up resources for session 0bb76ccb-6ae4-11eb-8bae-b06ebf0b932a
2021-02-09 09:40:24,890 WARN  [org.apache.activemq.artemis.core.server] AMQ222061: Client connection failed, clearing up resources for session 0bca7fd4-6ae4-11eb-8bae-b06ebf0b932a
2021-02-09 09:40:24,890 WARN  [org.apache.activemq.artemis.core.server] AMQ222107: Cleared up resources for session 0bca7fd4-6ae4-11eb-8bae-b06ebf0b932a
2021-02-09 09:40:24,897 WARN  [org.apache.activemq.artemis.core.server] AMQ222061: Client connection failed, clearing up resources for session 0bc3c8ff-6ae4-11eb-8bae-b06ebf0b932a
2021-02-09 09:40:24,897 WARN  [org.apache.activemq.artemis.core.server] AMQ222107: Cleared up resources for session 0bc3c8ff-6ae4-11eb-8bae-b06ebf0b932a
2021-02-09 09:40:24,897 WARN  [org.apache.activemq.artemis.core.server] AMQ222061: Client connection failed, clearing up resources for session 0bc6fd56-6ae4-11eb-8bae-b06ebf0b932a
2021-02-09 09:40:24,897 WARN  [org.apache.activemq.artemis.core.server] AMQ222107: Cleared up resources for session 0bc6fd56-6ae4-11eb-8bae-b06ebf0b932a
2021-02-09 09:40:24,904 WARN  [org.apache.activemq.artemis.core.server] AMQ222061: Client connection failed, clearing up resources for session 0bc6fd58-6ae4-11eb-8bae-b06ebf0b932a
2021-02-09 09:40:24,904 WARN  [org.apache.activemq.artemis.core.server] AMQ222107: Cleared up resources for session 0bc6fd58-6ae4-11eb-8bae-b06ebf0b932a
2021-02-09 09:40:24,911 WARN  [org.apache.activemq.artemis.core.server] AMQ222061: Client connection failed, clearing up resources for session 0bc77289-6ae4-11eb-8bae-b06ebf0b932a
2021-02-09 09:40:24,912 WARN  [org.apache.activemq.artemis.core.server] AMQ222107: Cleared up resources for session 0bc77289-6ae4-11eb-8bae-b06ebf0b932a
2021-02-09 09:40:24,919 WARN  [org.apache.activemq.artemis.core.server] AMQ222061: Client connection failed, clearing up resources for session 0bc9e390-6ae4-11eb-8bae-b06ebf0b932a
2021-02-09 09:40:24,920 WARN  [org.apache.activemq.artemis.core.server] AMQ222107: Cleared up resources for session 0bc9e390-6ae4-11eb-8bae-b06ebf0b932a
2021-02-09 09:40:24,928 WARN  [org.apache.activemq.artemis.core.server] AMQ222061: Client connection failed, clearing up resources for session 0bd46afc-6ae4-11eb-8bae-b06ebf0b932a
2021-02-09 09:40:24,928 WARN  [org.apache.activemq.artemis.core.server] AMQ222107: Cleared up resources for session 0bd46afc-6ae4-11eb-8bae-b06ebf0b932a
2021-02-09 09:40:24,936 WARN  [org.apache.activemq.artemis.core.server] AMQ222061: Client connection failed, clearing up resources for session 0bd99b24-6ae4-11eb-8bae-b06ebf0b932a
2021-02-09 09:40:24,936 WARN  [org.apache.activemq.artemis.core.server] AMQ222107: Cleared up resources for session 0bd99b24-6ae4-11eb-8bae-b06ebf0b932a
2021-02-09 09:40:24,945 WARN  [org.apache.activemq.artemis.core.server] AMQ222061: Client connection failed, clearing up resources for session 0bd1abd3-6ae4-11eb-8bae-b06ebf0b932a
2021-02-09 09:40:24,945 WARN  [org.apache.activemq.artemis.core.server] AMQ222107: Cleared up resources for session 0bd1abd3-6ae4-11eb-8bae-b06ebf0b932a
2021-02-09 09:40:24,963 WARN  [org.apache.activemq.artemis.core.server] AMQ222061: Client connection failed, clearing up resources for session 0bb6d07c-6ae4-11eb-8bae-b06ebf0b932a
2021-02-09 09:40:24,963 WARN  [org.apache.activemq.artemis.core.server] AMQ222107: Cleared up resources for session 0bb6d07c-6ae4-11eb-8bae-b06ebf0b932a
2021-02-09 09:40:24,982 WARN  [org.apache.activemq.artemis.core.server] AMQ222061: Client connection failed, clearing up resources for session 0bd0c16f-6ae4-11eb-8bae-b06ebf0b932a
2021-02-09 09:40:24,982 WARN  [org.apache.activemq.artemis.core.server] AMQ222107: Cleared up resources for session 0bd0c16f-6ae4-11eb-8bae-b06ebf0b932a
2021-02-09 09:40:25,004 WARN  [org.apache.activemq.artemis.core.server] AMQ222061: Client connection failed, clearing up resources for session 0bb968a1-6ae4-11eb-8bae-b06ebf0b932a
2021-02-09 09:40:25,004 WARN  [org.apache.activemq.artemis.core.server] AMQ222107: Cleared up resources for session 0bb968a1-6ae4-11eb-8bae-b06ebf0b932a
2021-02-09 09:40:25,038 WARN  [org.apache.activemq.artemis.core.server] AMQ222061: Client connection failed, clearing up resources for session 0bb6f791-6ae4-11eb-8bae-b06ebf0b932a
2021-02-09 09:40:25,038 WARN  [org.apache.activemq.artemis.core.server] AMQ222107: Cleared up resources for session 0bb6f791-6ae4-11eb-8bae-b06ebf0b932a
2021-02-09 09:40:25,063 WARN  [org.apache.activemq.artemis.core.server] AMQ222061: Client connection failed, clearing up resources for session 0bb6d07f-6ae4-11eb-8bae-b06ebf0b932a
2021-02-09 09:40:25,063 WARN  [org.apache.activemq.artemis.core.server] AMQ222107: Cleared up resources for session 0bb6d07f-6ae4-11eb-8bae-b06ebf0b932a
2021-02-09 09:40:25,103 WARN  [org.apache.activemq.artemis.core.server] AMQ222061: Client connection failed, clearing up resources for session 0bb6f792-6ae4-11eb-8bae-b06ebf0b932a
2021-02-09 09:40:25,103 WARN  [org.apache.activemq.artemis.core.server] AMQ222107: Cleared up resources for session 0bb6f792-6ae4-11eb-8bae-b06ebf0b932a
2021-02-09 09:40:25,103 WARN  [org.apache.activemq.artemis.core.server] AMQ222061: Client connection failed, clearing up resources for session 0bba04eb-6ae4-11eb-8bae-b06ebf0b932a
2021-02-09 09:40:25,103 WARN  [org.apache.activemq.artemis.core.server] AMQ222107: Cleared up resources for session 0bba04eb-6ae4-11eb-8bae-b06ebf0b932a
2021-02-09 09:40:25,117 WARN  [org.apache.activemq.artemis.core.server] AMQ222061: Client connection failed, clearing up resources for session 0bc21b47-6ae4-11eb-8bae-b06ebf0b932a
2021-02-09 09:40:25,117 WARN  [org.apache.activemq.artemis.core.server] AMQ222107: Cleared up resources for session 0bc21b47-6ae4-11eb-8bae-b06ebf0b932a
2021-02-09 09:40:25,145 WARN  [org.apache.activemq.artemis.core.server] AMQ222061: Client connection failed, clearing up resources for session 0bb6d07b-6ae4-11eb-8bae-b06ebf0b932a
2021-02-09 09:40:25,145 WARN  [org.apache.activemq.artemis.core.server] AMQ222107: Cleared up resources for session 0bb6d07b-6ae4-11eb-8bae-b06ebf0b932a
2021-02-09 09:40:25,145 WARN  [org.apache.activemq.artemis.core.server] AMQ222061: Client connection failed, clearing up resources for session 0bba04e9-6ae4-11eb-8bae-b06ebf0b932a
2021-02-09 09:40:25,145 WARN  [org.apache.activemq.artemis.core.server] AMQ222107: Cleared up resources for session 0bba04e9-6ae4-11eb-8bae-b06ebf0b932a
2021-02-09 09:40:25,159 WARN  [org.apache.activemq.artemis.core.server] AMQ222061: Client connection failed, clearing up resources for session 0bde552f-6ae4-11eb-8bae-b06ebf0b932a
2021-02-09 09:40:25,159 WARN  [org.apache.activemq.artemis.core.server] AMQ222107: Cleared up resources for session 0bde552f-6ae4-11eb-8bae-b06ebf0b932a
2021-02-09 09:40:25,159 WARN  [org.apache.activemq.artemis.core.server] AMQ222061: Client connection failed, clearing up resources for session 0bdea350-6ae4-11eb-8bae-b06ebf0b932a
2021-02-09 09:40:25,159 WARN  [org.apache.activemq.artemis.core.server] AMQ222107: Cleared up resources for session 0bdea350-6ae4-11eb-8bae-b06ebf0b932a
2021-02-09 09:40:25,220 WARN  [org.apache.activemq.artemis.core.server] AMQ222061: Client connection failed, clearing up resources for session 0bd68ddd-6ae4-11eb-8bae-b06ebf0b932a
2021-02-09 09:40:25,220 WARN  [org.apache.activemq.artemis.core.server] AMQ222107: Cleared up resources for session 0bd68ddd-6ae4-11eb-8bae-b06ebf0b932a
2021-02-09 09:40:25,253 WARN  [org.apache.activemq.artemis.core.server] AMQ222061: Client connection failed, clearing up resources for session 0bdfdbd3-6ae4-11eb-8bae-b06ebf0b932a
2021-02-09 09:40:25,253 WARN  [org.apache.activemq.artemis.core.server] AMQ222107: Cleared up resources for session 0bdfdbd3-6ae4-11eb-8bae-b06ebf0b932a
2021-02-09 09:40:25,253 WARN  [org.apache.activemq.artemis.core.server] AMQ222061: Client connection failed, clearing up resources for session 0be029f4-6ae4-11eb-8bae-b06ebf0b932a
2021-02-09 09:40:25,253 WARN  [org.apache.activemq.artemis.core.server] AMQ222107: Cleared up resources for session 0be029f4-6ae4-11eb-8bae-b06ebf0b932a
2021-02-09 09:40:25,341 WARN  [org.apache.activemq.artemis.core.server] AMQ222061: Client connection failed, clearing up resources for session 0bde070e-6ae4-11eb-8bae-b06ebf0b932a
2021-02-09 09:40:25,342 WARN  [org.apache.activemq.artemis.core.server] AMQ222107: Cleared up resources for session 0bde070e-6ae4-11eb-8bae-b06ebf0b932a
2021-02-09 09:40:25,361 WARN  [org.apache.activemq.artemis.core.server] AMQ222061: Client connection failed, clearing up resources for session 0bdc5954-6ae4-11eb-8bae-b06ebf0b932a
2021-02-09 09:40:25,361 WARN  [org.apache.activemq.artemis.core.server] AMQ222107: Cleared up resources for session 0bdc5954-6ae4-11eb-8bae-b06ebf0b932a
2021-02-09 09:40:25,380 WARN  [org.apache.activemq.artemis.core.server] AMQ222061: Client connection failed, clearing up resources for session 0be11459-6ae4-11eb-8bae-b06ebf0b932a
2021-02-09 09:40:25,380 WARN  [org.apache.activemq.artemis.core.server] AMQ222107: Cleared up resources for session 0be11459-6ae4-11eb-8bae-b06ebf0b932a
2021-02-09 09:40:25,380 WARN  [org.apache.activemq.artemis.core.server] AMQ222061: Client connection failed, clearing up resources for session 0be1b09c-6ae4-11eb-8bae-b06ebf0b932a
2021-02-09 09:40:25,380 WARN  [org.apache.activemq.artemis.core.server] AMQ222107: Cleared up resources for session 0be1b09c-6ae4-11eb-8bae-b06ebf0b932a
2021-02-09 09:40:25,399 WARN  [org.apache.activemq.artemis.core.server] AMQ222061: Client connection failed, clearing up resources for session 0bb76cc9-6ae4-11eb-8bae-b06ebf0b932a
2021-02-09 09:40:25,399 WARN  [org.apache.activemq.artemis.core.server] AMQ222107: Cleared up resources for session 0bb76cc9-6ae4-11eb-8bae-b06ebf0b932a
2021-02-09 09:40:25,399 WARN  [org.apache.activemq.artemis.core.server] AMQ222061: Client connection failed, clearing up resources for session 0bc1a614-6ae4-11eb-8bae-b06ebf0b932a
2021-02-09 09:40:25,399 WARN  [org.apache.activemq.artemis.core.server] AMQ222107: Cleared up resources for session 0bc1a614-6ae4-11eb-8bae-b06ebf0b932a
2021-02-09 09:40:25,479 WARN  [org.apache.activemq.artemis.core.server] AMQ222061: Client connection failed, clearing up resources for session 0be2c210-6ae4-11eb-8bae-b06ebf0b932a
2021-02-09 09:40:25,479 WARN  [org.apache.activemq.artemis.core.server] AMQ222107: Cleared up resources for session 0be2c210-6ae4-11eb-8bae-b06ebf0b932a
2021-02-09 09:40:25,659 WARN  [org.apache.activemq.artemis.core.server] AMQ222061: Client connection failed, clearing up resources for session 0be46fcf-6ae4-11eb-8bae-b06ebf0b932a
2021-02-09 09:40:25,659 WARN  [org.apache.activemq.artemis.core.server] AMQ222107: Cleared up resources for session 0be46fcf-6ae4-11eb-8bae-b06ebf0b932a
2021-02-09 09:40:25,660 WARN  [org.apache.activemq.artemis.core.server] AMQ222061: Client connection failed, clearing up resources for session 0bdb6ff1-6ae4-11eb-8bae-b06ebf0b932a
2021-02-09 09:40:25,660 WARN  [org.apache.activemq.artemis.core.server] AMQ222107: Cleared up resources for session 0bdb6ff1-6ae4-11eb-8bae-b06ebf0b932a
2021-02-09 09:40:25,660 WARN  [org.apache.activemq.artemis.core.server] AMQ222061: Client connection failed, clearing up resources for session 0bdb9602-6ae4-11eb-8bae-b06ebf0b932a
2021-02-09 09:40:25,660 WARN  [org.apache.activemq.artemis.core.server] AMQ222107: Cleared up resources for session 0bdb9602-6ae4-11eb-8bae-b06ebf0b932a
2021-02-09 09:40:25,668 WARN  [org.apache.activemq.artemis.core.server] AMQ222061: Client connection failed, clearing up resources for session 0be31033-6ae4-11eb-8bae-b06ebf0b932a
2021-02-09 09:40:25,668 WARN  [org.apache.activemq.artemis.core.server] AMQ222107: Cleared up resources for session 0be31033-6ae4-11eb-8bae-b06ebf0b932a
2021-02-09 09:40:25,668 WARN  [org.apache.activemq.artemis.core.server] AMQ222061: Client connection failed, clearing up resources for session 0be3ac75-6ae4-11eb-8bae-b06ebf0b932a
2021-02-09 09:40:25,668 WARN  [org.apache.activemq.artemis.core.server] AMQ222107: Cleared up resources for session 0be3ac75-6ae4-11eb-8bae-b06ebf0b932a
2021-02-09 09:40:25,677 WARN  [org.apache.activemq.artemis.core.server] AMQ222061: Client connection failed, clearing up resources for session 0bea6360-6ae4-11eb-8bae-b06ebf0b932a
2021-02-09 09:40:25,677 WARN  [org.apache.activemq.artemis.core.server] AMQ222107: Cleared up resources for session 0bea6360-6ae4-11eb-8bae-b06ebf0b932a
2021-02-09 09:40:25,680 WARN  [org.apache.activemq.artemis.core.server] AMQ222061: Client connection failed, clearing up resources for session 0bdcce86-6ae4-11eb-8bae-b06ebf0b932a
2021-02-09 09:40:25,680 WARN  [org.apache.activemq.artemis.core.server] AMQ222107: Cleared up resources for session 0bdcce86-6ae4-11eb-8bae-b06ebf0b932a
2021-02-09 09:40:25,680 WARN  [org.apache.activemq.artemis.core.server] AMQ222061: Client connection failed, clearing up resources for session 0bdd1ca8-6ae4-11eb-8bae-b06ebf0b932a
2021-02-09 09:40:25,680 WARN  [org.apache.activemq.artemis.core.server] AMQ222107: Cleared up resources for session 0bdd1ca8-6ae4-11eb-8bae-b06ebf0b932a
2021-02-09 09:40:25,687 WARN  [org.apache.activemq.artemis.core.server] AMQ222061: Client connection failed, clearing up resources for session 0be64499-6ae4-11eb-8bae-b06ebf0b932a
2021-02-09 09:40:25,687 WARN  [org.apache.activemq.artemis.core.server] AMQ222107: Cleared up resources for session 0be64499-6ae4-11eb-8bae-b06ebf0b932a
2021-02-09 09:40:25,687 WARN  [org.apache.activemq.artemis.core.server] AMQ222061: Client connection failed, clearing up resources for session 0be692ba-6ae4-11eb-8bae-b06ebf0b932a
2021-02-09 09:40:25,687 WARN  [org.apache.activemq.artemis.core.server] AMQ222107: Cleared up resources for session 0be692ba-6ae4-11eb-8bae-b06ebf0b932a
2021-02-09 09:40:27,258 WARN  [org.apache.activemq.artemis.core.server] AMQ222061: Client connection failed, clearing up resources for session 0cabb828-6ae4-11eb-8bae-b06ebf0b932a
2021-02-09 09:40:27,258 WARN  [org.apache.activemq.artemis.core.server] AMQ222107: Cleared up resources for session 0cabb828-6ae4-11eb-8bae-b06ebf0b932a
2021-02-09 09:40:27,337 WARN  [org.apache.activemq.artemis.core.server] AMQ222061: Client connection failed, clearing up resources for session 0c773a16-6ae4-11eb-8bae-b06ebf0b932a
2021-02-09 09:40:27,337 WARN  [org.apache.activemq.artemis.core.server] AMQ222107: Cleared up resources for session 0c773a16-6ae4-11eb-8bae-b06ebf0b932a
2021-02-09 09:40:27,354 WARN  [org.apache.activemq.artemis.core.server] AMQ222061: Client connection failed, clearing up resources for session 0c787297-6ae4-11eb-8bae-b06ebf0b932a
2021-02-09 09:40:27,354 WARN  [org.apache.activemq.artemis.core.server] AMQ222107: Cleared up resources for session 0c787297-6ae4-11eb-8bae-b06ebf0b932a
2021-02-09 09:40:27,373 WARN  [org.apache.activemq.artemis.core.server] AMQ222061: Client connection failed, clearing up resources for session 0c878dd4-6ae4-11eb-8bae-b06ebf0b932a
2021-02-09 09:40:27,373 WARN  [org.apache.activemq.artemis.core.server] AMQ222107: Cleared up resources for session 0c878dd4-6ae4-11eb-8bae-b06ebf0b932a
2021-02-09 09:40:27,394 WARN  [org.apache.activemq.artemis.core.server] AMQ222061: Client connection failed, clearing up resources for session 0ca9e357-6ae4-11eb-8bae-b06ebf0b932a
2021-02-09 09:40:27,394 WARN  [org.apache.activemq.artemis.core.server] AMQ222107: Cleared up resources for session 0ca9e357-6ae4-11eb-8bae-b06ebf0b932a
2021-02-09 09:40:27,414 WARN  [org.apache.activemq.artemis.core.server] AMQ222061: Client connection failed, clearing up resources for session 0c790ed8-6ae4-11eb-8bae-b06ebf0b932a
2021-02-09 09:40:27,414 WARN  [org.apache.activemq.artemis.core.server] AMQ222107: Cleared up resources for session 0c790ed8-6ae4-11eb-8bae-b06ebf0b932a
2021-02-09 09:40:27,438 WARN  [org.apache.activemq.artemis.core.server] AMQ222061: Client connection failed, clearing up resources for session 0c9c9cb6-6ae4-11eb-8bae-b06ebf0b932a
2021-02-09 09:40:27,438 WARN  [org.apache.activemq.artemis.core.server] AMQ222107: Cleared up resources for session 0c9c9cb6-6ae4-11eb-8bae-b06ebf0b932a
2021-02-09 09:40:27,438 WARN  [org.apache.activemq.artemis.core.server] AMQ222061: Client connection failed, clearing up resources for session 0c9d11e9-6ae4-11eb-8bae-b06ebf0b932a
2021-02-09 09:40:27,438 WARN  [org.apache.activemq.artemis.core.server] AMQ222107: Cleared up resources for session 0c9d11e9-6ae4-11eb-8bae-b06ebf0b932a
2021-02-09 09:40:27,468 WARN  [org.apache.activemq.artemis.core.server] AMQ222061: Client connection failed, clearing up resources for session 0c9808c5-6ae4-11eb-8bae-b06ebf0b932a
2021-02-09 09:40:27,468 WARN  [org.apache.activemq.artemis.core.server] AMQ222107: Cleared up resources for session 0c9808c5-6ae4-11eb-8bae-b06ebf0b932a
2021-02-09 09:40:27,477 WARN  [org.apache.activemq.artemis.core.server] AMQ222061: Client connection failed, clearing up resources for session 0cb07241-6ae4-11eb-8bae-b06ebf0b932a
2021-02-09 09:40:27,478 WARN  [org.apache.activemq.artemis.core.server] AMQ222107: Cleared up resources for session 0cb07241-6ae4-11eb-8bae-b06ebf0b932a
2021-02-09 09:40:27,514 WARN  [org.apache.activemq.artemis.core.server] AMQ222061: Client connection failed, clearing up resources for session 0ca48c15-6ae4-11eb-8bae-b06ebf0b932a
2021-02-09 09:40:27,514 WARN  [org.apache.activemq.artemis.core.server] AMQ222107: Cleared up resources for session 0ca48c15-6ae4-11eb-8bae-b06ebf0b932a
2021-02-09 09:40:27,526 WARN  [org.apache.activemq.artemis.core.server] AMQ222061: Client connection failed, clearing up resources for session 0ca9e358-6ae4-11eb-8bae-b06ebf0b932a
2021-02-09 09:40:27,526 WARN  [org.apache.activemq.artemis.core.server] AMQ222107: Cleared up resources for session 0ca9e358-6ae4-11eb-8bae-b06ebf0b932a
2021-02-09 09:40:27,539 WARN  [org.apache.activemq.artemis.core.server] AMQ222061: Client connection failed, clearing up resources for session 0c9c4e92-6ae4-11eb-8bae-b06ebf0b932a
2021-02-09 09:40:27,539 WARN  [org.apache.activemq.artemis.core.server] AMQ222107: Cleared up resources for session 0c9c4e92-6ae4-11eb-8bae-b06ebf0b932a
2021-02-09 09:40:27,554 WARN  [org.apache.activemq.artemis.core.server] AMQ222061: Client connection failed, clearing up resources for session 0cad3ed9-6ae4-11eb-8bae-b06ebf0b932a
2021-02-09 09:40:27,555 WARN  [org.apache.activemq.artemis.core.server] AMQ222107: Cleared up resources for session 0cad3ed9-6ae4-11eb-8bae-b06ebf0b932a
2021-02-09 09:40:27,571 WARN  [org.apache.activemq.artemis.core.server] AMQ222061: Client connection failed, clearing up resources for session 0c8b3759-6ae4-11eb-8bae-b06ebf0b932a
2021-02-09 09:40:27,571 WARN  [org.apache.activemq.artemis.core.server] AMQ222107: Cleared up resources for session 0c8b3759-6ae4-11eb-8bae-b06ebf0b932a
2021-02-09 09:40:27,629 WARN  [org.apache.activemq.artemis.core.server] AMQ222061: Client connection failed, clearing up resources for session 0cad3ed8-6ae4-11eb-8bae-b06ebf0b932a
2021-02-09 09:40:27,629 WARN  [org.apache.activemq.artemis.core.server] AMQ222107: Cleared up resources for session 0cad3ed8-6ae4-11eb-8bae-b06ebf0b932a
2021-02-09 09:40:27,674 WARN  [org.apache.activemq.artemis.core.server] AMQ222061: Client connection failed, clearing up resources for session 0ca3efcb-6ae4-11eb-8bae-b06ebf0b932a
2021-02-09 09:40:27,674 WARN  [org.apache.activemq.artemis.core.server] AMQ222107: Cleared up resources for session 0ca3efcb-6ae4-11eb-8bae-b06ebf0b932a
2021-02-09 09:40:27,749 WARN  [org.apache.activemq.artemis.core.server] AMQ222061: Client connection failed, clearing up resources for session 0c7935e9-6ae4-11eb-8bae-b06ebf0b932a
2021-02-09 09:40:27,749 WARN  [org.apache.activemq.artemis.core.server] AMQ222107: Cleared up resources for session 0c7935e9-6ae4-11eb-8bae-b06ebf0b932a
2021-02-09 09:40:27,992 WARN  [org.apache.activemq.artemis.core.server] AMQ222061: Client connection failed, clearing up resources for session 0cad8cfb-6ae4-11eb-8bae-b06ebf0b932a
2021-02-09 09:40:27,992 WARN  [org.apache.activemq.artemis.core.server] AMQ222107: Cleared up resources for session 0cad8cfb-6ae4-11eb-8bae-b06ebf0b932a
2021-02-09 09:40:28,005 WARN  [org.apache.activemq.artemis.core.server] AMQ222061: Client connection failed, clearing up resources for session 0c9e4a6e-6ae4-11eb-8bae-b06ebf0b932a
2021-02-09 09:40:28,005 WARN  [org.apache.activemq.artemis.core.server] AMQ222107: Cleared up resources for session 0c9e4a6e-6ae4-11eb-8bae-b06ebf0b932a
