2021-02-09 09:45:09,169 INFO  [org.apache.activemq.artemis.integration.bootstrap] AMQ101000: Starting ActiveMQ Artemis Server
2021-02-09 09:45:09,208 INFO  [org.apache.activemq.artemis.core.server] AMQ221000: live Message Broker is starting with configuration Broker Configuration (clustered=true,journalDirectory=/home/jowest/msgaas/data/journal,bindingsDirectory=/home/jowest/msgaas/data/bindings,largeMessagesDirectory=/home/jowest/msgaas/data/large-messages,pagingDirectory=/home/jowest/msgaas/data/paging)
2021-02-09 09:45:09,208 INFO  [org.apache.activemq.artemis.core.server] AMQ221006: Waiting to obtain live lock
2021-02-09 09:45:09,227 INFO  [org.apache.activemq.artemis.core.server] AMQ221012: Using AIO Journal
2021-02-09 09:45:09,288 INFO  [org.apache.activemq.artemis.core.server] AMQ221043: Protocol module found: [artemis-server]. Adding protocol support for: CORE
2021-02-09 09:45:09,289 INFO  [org.apache.activemq.artemis.core.server] AMQ221043: Protocol module found: [artemis-amqp-protocol]. Adding protocol support for: AMQP
2021-02-09 09:45:09,289 INFO  [org.apache.activemq.artemis.core.server] AMQ221043: Protocol module found: [artemis-hornetq-protocol]. Adding protocol support for: HORNETQ
2021-02-09 09:45:09,289 INFO  [org.apache.activemq.artemis.core.server] AMQ221043: Protocol module found: [artemis-mqtt-protocol]. Adding protocol support for: MQTT
2021-02-09 09:45:09,289 INFO  [org.apache.activemq.artemis.core.server] AMQ221043: Protocol module found: [artemis-openwire-protocol]. Adding protocol support for: OPENWIRE
2021-02-09 09:45:09,289 INFO  [org.apache.activemq.artemis.core.server] AMQ221043: Protocol module found: [artemis-stomp-protocol]. Adding protocol support for: STOMP
2021-02-09 09:45:09,319 INFO  [org.apache.activemq.artemis.core.server] AMQ221034: Waiting indefinitely to obtain live lock
2021-02-09 09:45:09,319 INFO  [org.apache.activemq.artemis.core.server] AMQ221035: Live Server Obtained live lock
2021-02-09 09:45:09,403 INFO  [org.apache.activemq.artemis.core.server] AMQ221080: Deploying address DLQ supporting [ANYCAST]
2021-02-09 09:45:09,414 INFO  [org.apache.activemq.artemis.core.server] AMQ221003: Deploying ANYCAST queue DLQ on address DLQ
2021-02-09 09:45:09,446 INFO  [org.apache.activemq.artemis.core.server] AMQ221080: Deploying address ExpiryQueue supporting [ANYCAST]
2021-02-09 09:45:09,448 INFO  [org.apache.activemq.artemis.core.server] AMQ221003: Deploying ANYCAST queue ExpiryQueue on address ExpiryQueue
2021-02-09 09:45:09,665 INFO  [org.apache.activemq.artemis.core.server] AMQ221020: Started EPOLL Acceptor at vivo2.milab.joshwest.me:61616 for protocols [CORE,MQTT,AMQP,STOMP,HORNETQ,OPENWIRE]
2021-02-09 09:45:09,678 INFO  [org.apache.activemq.artemis.core.server] AMQ221020: Started EPOLL Acceptor at vivo2.milab.joshwest.me:5672 for protocols [AMQP]
2021-02-09 09:45:09,681 INFO  [org.apache.activemq.artemis.core.server] AMQ221007: Server is now live
2021-02-09 09:45:09,681 INFO  [org.apache.activemq.artemis.core.server] AMQ221001: Apache ActiveMQ Artemis Message Broker version 2.16.0.redhat-00012 [sharedstore_master_1, nodeID=681edc6c-6ae5-11eb-9561-b06ebf0b932a] 
2021-02-09 09:45:09,833 INFO  [org.apache.amq.hawtio.branding.PluginContextListener] Initialized amq-broker-redhat-branding plugin
2021-02-09 09:45:09,857 INFO  [org.apache.activemq.hawtio.plugin.PluginContextListener] Initialized artemis-plugin plugin
2021-02-09 09:45:10,112 INFO  [org.apache.activemq.artemis] AMQ241001: HTTP Server started at http://vivo2.milab.joshwest.me:8161
2021-02-09 09:45:22,508 WARN  [org.apache.activemq.artemis.core.server] AMQ222183: Blocking message production on address 'TEST.PERF'; size is currently: 205,426 bytes; max-size-bytes on address: -1, global-max-size is 205,426
2021-02-09 09:45:22,508 WARN  [org.apache.activemq.artemis.core.server] AMQ222183: Blocking message production on address 'TEST.PERF'; size is currently: 205,426 bytes; max-size-bytes on address: -1, global-max-size is 205,426
2021-02-09 09:45:22,508 WARN  [org.apache.activemq.artemis.core.server] AMQ222183: Blocking message production on address 'TEST.PERF'; size is currently: 205,426 bytes; max-size-bytes on address: -1, global-max-size is 205,426
2021-02-09 09:45:22,508 WARN  [org.apache.activemq.artemis.core.server] AMQ222183: Blocking message production on address 'TEST.PERF'; size is currently: 210,205 bytes; max-size-bytes on address: -1, global-max-size is 210,205
2021-02-09 09:45:22,509 WARN  [org.apache.activemq.artemis.core.server] AMQ222183: Blocking message production on address 'TEST.PERF'; size is currently: 213,391 bytes; max-size-bytes on address: -1, global-max-size is 213,391
2021-02-09 09:45:29,848 ERROR [org.apache.activemq.artemis.core.server] AMQ224088: Timeout (10 seconds) on acceptor "amqp" during protocol handshake with /192.168.100.24:55636 has occurred.
2021-02-09 09:45:32,309 ERROR [org.apache.activemq.artemis.core.server] AMQ224088: Timeout (10 seconds) on acceptor "amqp" during protocol handshake with /192.168.100.21:35776 has occurred.
2021-02-09 09:45:34,531 ERROR [org.apache.activemq.artemis.core.server] AMQ224088: Timeout (10 seconds) on acceptor "amqp" during protocol handshake with /192.168.100.22:43204 has occurred.
2021-02-09 09:45:35,871 ERROR [org.apache.activemq.artemis.core.server] AMQ224088: Timeout (10 seconds) on acceptor "amqp" during protocol handshake with /192.168.100.24:55654 has occurred.
2021-02-09 09:45:37,308 ERROR [org.apache.activemq.artemis.core.server] AMQ224088: Timeout (10 seconds) on acceptor "amqp" during protocol handshake with /192.168.100.23:60244 has occurred.
